[14:16:02:778] [INFO] - org.springframework.boot.StartupInfoLogger.logStarting(StartupInfoLogger.java:50) - Starting ServerClientApplication on DESKTOP-JLO12NJ with PID 11488 (D:\sdkserver\target\classes started by admin in D:\sdkserver)
[14:16:02:807] [INFO] - org.springframework.boot.SpringApplication.logStartupProfileInfo(SpringApplication.java:675) - No active profile set, falling back to default profiles: default
[14:16:03:003] [INFO] - org.springframework.boot.logging.DeferredLog.logTo(DeferredLog.java:227) - Devtools property defaults active! Set 'spring.devtools.add-properties' to 'false' to disable
[14:16:03:004] [INFO] - org.springframework.boot.logging.DeferredLog.logTo(DeferredLog.java:227) - For additional web related logging consider setting the 'logging.level.web' property to 'DEBUG'
[14:16:17:976] [WARN] - org.mybatis.spring.mapper.ClassPathMapperScanner.doScan(ClassPathMapperScanner.java:166) - No MyBatis mapper was found in '[com]' package. Please check your configuration.
[14:16:18:651] [INFO] - org.springframework.context.annotation.ConfigurationClassPostProcessor.enhanceConfigurationClasses(ConfigurationClassPostProcessor.java:380) - Cannot enhance @Configuration bean definition 'mapperScannerConfig' since its singleton instance has been created too early. The typical cause is a non-static @Bean method with a BeanDefinitionRegistryPostProcessor return type: Consider declaring such methods as 'static'.
[14:16:22:747] [INFO] - org.springframework.boot.web.embedded.jetty.JettyServletWebServerFactory.getWebServer(JettyServletWebServerFactory.java:143) - Server initialized with port: 8888
[14:16:22:848] [INFO] - org.springframework.boot.web.servlet.context.ServletWebServerApplicationContext.prepareWebApplicationContext(ServletWebServerApplicationContext.java:296) - Root WebApplicationContext: initialization completed in 19844 ms
[14:16:25:568] [INFO] - org.springframework.cache.ehcache.EhCacheManagerFactoryBean.afterPropertiesSet(EhCacheManagerFactoryBean.java:134) - Initializing EhCache CacheManager
[14:16:27:708] [INFO] - org.springframework.scheduling.concurrent.ExecutorConfigurationSupport.initialize(ExecutorConfigurationSupport.java:171) - Initializing ExecutorService 'applicationTaskExecutor'
[14:16:30:064] [INFO] - com.alibaba.druid.pool.DruidDataSource.init(DruidDataSource.java:930) - {dataSource-1} inited
[14:16:30:309] [INFO] - org.quartz.impl.StdSchedulerFactory.instantiate(StdSchedulerFactory.java:1208) - Using default implementation for ThreadExecutor
[14:16:30:496] [INFO] - org.quartz.core.SchedulerSignalerImpl.<init>(SchedulerSignalerImpl.java:61) - Initialized Scheduler Signaller of type: class org.quartz.core.SchedulerSignalerImpl
[14:16:30:497] [INFO] - org.quartz.core.QuartzScheduler.<init>(QuartzScheduler.java:229) - Quartz Scheduler v.2.3.1 created.
[14:16:30:498] [INFO] - org.quartz.simpl.RAMJobStore.initialize(RAMJobStore.java:155) - RAMJobStore initialized.
[14:16:30:501] [INFO] - org.quartz.core.QuartzScheduler.initialize(QuartzScheduler.java:294) - Scheduler meta-data: Quartz Scheduler (v2.3.1) 'quartzScheduler' with instanceId 'NON_CLUSTERED'
  Scheduler class: 'org.quartz.core.QuartzScheduler' - running locally.
  NOT STARTED.
  Currently in standby mode.
  Number of jobs executed: 0
  Using thread pool 'org.quartz.simpl.SimpleThreadPool' - with 10 threads.
  Using job-store 'org.quartz.simpl.RAMJobStore' - which does not support persistence. and is not clustered.

[14:16:30:502] [INFO] - org.quartz.impl.StdSchedulerFactory.instantiate(StdSchedulerFactory.java:1362) - Quartz scheduler 'quartzScheduler' initialized from an externally provided properties instance.
[14:16:30:503] [INFO] - org.quartz.impl.StdSchedulerFactory.instantiate(StdSchedulerFactory.java:1366) - Quartz scheduler version: 2.3.1
[14:16:30:503] [INFO] - org.quartz.core.QuartzScheduler.setJobFactory(QuartzScheduler.java:2293) - JobFactory set to: org.springframework.scheduling.quartz.SpringBeanJobFactory@26f018f3
[14:16:30:701] [INFO] - org.springframework.boot.devtools.autoconfigure.OptionalLiveReloadServer.startServer(OptionalLiveReloadServer.java:57) - LiveReload server is running on port 35729
[14:16:31:051] [INFO] - org.springframework.scheduling.quartz.SchedulerFactoryBean.startScheduler(SchedulerFactoryBean.java:726) - Starting Quartz Scheduler now
[14:16:31:052] [INFO] - org.quartz.core.QuartzScheduler.start(QuartzScheduler.java:547) - Scheduler quartzScheduler_$_NON_CLUSTERED started.
[14:16:31:159] [INFO] - org.springframework.web.servlet.FrameworkServlet.initServletBean(FrameworkServlet.java:524) - Initializing Servlet 'dispatcherServlet'
[14:16:31:174] [INFO] - org.springframework.web.servlet.FrameworkServlet.initServletBean(FrameworkServlet.java:546) - Completed initialization in 14 ms
[14:16:31:323] [INFO] - org.springframework.boot.web.embedded.jetty.JettyWebServer.start(JettyWebServer.java:159) - Jetty started on port(s) 8888 (http/1.1) with context path '/sbox'
[14:16:31:335] [INFO] - org.springframework.boot.StartupInfoLogger.logStarted(StartupInfoLogger.java:59) - Started ServerClientApplication in 30.658 seconds (JVM running for 38.407)
