[10:10:37:936] [INFO] - org.springframework.boot.devtools.restart.RestartApplicationListener.onApplicationStartingEvent(RestartApplicationListener.java:73) - Restart disabled due to an agent-based reloader being active
[10:10:40:710] [INFO] - org.springframework.boot.StartupInfoLogger.logStarting(StartupInfoLogger.java:50) - Starting ServerClientApplication on DESKTOP-JLO12NJ with PID 9312 (D:\sdkserver\target\classes started by admin in D:\sdkserver)
[10:10:40:714] [INFO] - org.springframework.boot.SpringApplication.logStartupProfileInfo(SpringApplication.java:675) - No active profile set, falling back to default profiles: default
[10:10:41:217] [INFO] - org.springframework.boot.logging.DeferredLog.logTo(DeferredLog.java:227) - Devtools property defaults active! Set 'spring.devtools.add-properties' to 'false' to disable
[10:10:41:228] [INFO] - org.springframework.boot.logging.DeferredLog.logTo(DeferredLog.java:227) - For additional web related logging consider setting the 'logging.level.web' property to 'DEBUG'
[10:10:59:906] [WARN] - org.mybatis.spring.mapper.ClassPathMapperScanner.doScan(ClassPathMapperScanner.java:166) - No MyBatis mapper was found in '[com]' package. Please check your configuration.
[10:11:00:633] [INFO] - org.springframework.context.annotation.ConfigurationClassPostProcessor.enhanceConfigurationClasses(ConfigurationClassPostProcessor.java:380) - Cannot enhance @Configuration bean definition 'mapperScannerConfig' since its singleton instance has been created too early. The typical cause is a non-static @Bean method with a BeanDefinitionRegistryPostProcessor return type: Consider declaring such methods as 'static'.
[10:11:04:328] [INFO] - org.springframework.boot.web.embedded.jetty.JettyServletWebServerFactory.getWebServer(JettyServletWebServerFactory.java:143) - Server initialized with port: 8888
[10:11:04:398] [INFO] - org.springframework.boot.web.servlet.context.ServletWebServerApplicationContext.prepareWebApplicationContext(ServletWebServerApplicationContext.java:296) - Root WebApplicationContext: initialization completed in 23168 ms
[10:11:06:920] [INFO] - org.springframework.cache.ehcache.EhCacheManagerFactoryBean.afterPropertiesSet(EhCacheManagerFactoryBean.java:134) - Initializing EhCache CacheManager
[10:11:08:114] [INFO] - org.springframework.scheduling.concurrent.ExecutorConfigurationSupport.initialize(ExecutorConfigurationSupport.java:171) - Initializing ExecutorService 'applicationTaskExecutor'
[10:11:10:384] [INFO] - com.alibaba.druid.pool.DruidDataSource.init(DruidDataSource.java:930) - {dataSource-1} inited
[10:11:10:508] [INFO] - org.quartz.impl.StdSchedulerFactory.instantiate(StdSchedulerFactory.java:1208) - Using default implementation for ThreadExecutor
[10:11:10:542] [INFO] - org.quartz.core.SchedulerSignalerImpl.<init>(SchedulerSignalerImpl.java:61) - Initialized Scheduler Signaller of type: class org.quartz.core.SchedulerSignalerImpl
[10:11:10:543] [INFO] - org.quartz.core.QuartzScheduler.<init>(QuartzScheduler.java:229) - Quartz Scheduler v.2.3.1 created.
[10:11:10:547] [INFO] - org.quartz.simpl.RAMJobStore.initialize(RAMJobStore.java:155) - RAMJobStore initialized.
[10:11:10:549] [INFO] - org.quartz.core.QuartzScheduler.initialize(QuartzScheduler.java:294) - Scheduler meta-data: Quartz Scheduler (v2.3.1) 'quartzScheduler' with instanceId 'NON_CLUSTERED'
  Scheduler class: 'org.quartz.core.QuartzScheduler' - running locally.
  NOT STARTED.
  Currently in standby mode.
  Number of jobs executed: 0
  Using thread pool 'org.quartz.simpl.SimpleThreadPool' - with 10 threads.
  Using job-store 'org.quartz.simpl.RAMJobStore' - which does not support persistence. and is not clustered.

[10:11:10:549] [INFO] - org.quartz.impl.StdSchedulerFactory.instantiate(StdSchedulerFactory.java:1362) - Quartz scheduler 'quartzScheduler' initialized from an externally provided properties instance.
[10:11:10:550] [INFO] - org.quartz.impl.StdSchedulerFactory.instantiate(StdSchedulerFactory.java:1366) - Quartz scheduler version: 2.3.1
[10:11:10:551] [INFO] - org.quartz.core.QuartzScheduler.setJobFactory(QuartzScheduler.java:2293) - JobFactory set to: org.springframework.scheduling.quartz.SpringBeanJobFactory@6c3c2718
[10:11:10:802] [INFO] - org.springframework.boot.devtools.autoconfigure.OptionalLiveReloadServer.startServer(OptionalLiveReloadServer.java:57) - LiveReload server is running on port 35729
[10:11:11:205] [INFO] - org.springframework.scheduling.quartz.SchedulerFactoryBean.startScheduler(SchedulerFactoryBean.java:726) - Starting Quartz Scheduler now
[10:11:11:206] [INFO] - org.quartz.core.QuartzScheduler.start(QuartzScheduler.java:547) - Scheduler quartzScheduler_$_NON_CLUSTERED started.
[10:11:11:302] [INFO] - org.springframework.web.servlet.FrameworkServlet.initServletBean(FrameworkServlet.java:524) - Initializing Servlet 'dispatcherServlet'
[10:11:11:316] [INFO] - org.springframework.web.servlet.FrameworkServlet.initServletBean(FrameworkServlet.java:546) - Completed initialization in 14 ms
[10:11:11:428] [INFO] - org.springframework.boot.web.embedded.jetty.JettyWebServer.start(JettyWebServer.java:159) - Jetty started on port(s) 8888 (http/1.1) with context path '/sbox'
[10:11:11:437] [INFO] - org.springframework.boot.StartupInfoLogger.logStarted(StartupInfoLogger.java:59) - Started ServerClientApplication in 33.602 seconds (JVM running for 43.462)
[15:09:02:056] [WARN] - org.mybatis.spring.mapper.ClassPathMapperScanner.doScan(ClassPathMapperScanner.java:166) - No MyBatis mapper was found in '[com.core.**.selfMapper]' package. Please check your configuration.
[16:03:17:812] [WARN] - org.mybatis.spring.mapper.ClassPathMapperScanner.doScan(ClassPathMapperScanner.java:166) - No MyBatis mapper was found in '[com.core.**.selfMapper]' package. Please check your configuration.
[16:57:51:985] [WARN] - org.mybatis.spring.mapper.ClassPathMapperScanner.doScan(ClassPathMapperScanner.java:166) - No MyBatis mapper was found in '[com.core.**.selfMapper]' package. Please check your configuration.
[18:10:48:365] [WARN] - org.mybatis.spring.mapper.ClassPathMapperScanner.doScan(ClassPathMapperScanner.java:166) - No MyBatis mapper was found in '[com.core.**.selfMapper]' package. Please check your configuration.
