[08:43:00:917] [INFO] - org.springframework.boot.StartupInfoLogger.logStarting(StartupInfoLogger.java:50) - Starting ServerClientApplication on DESKTOP-JLO12NJ with PID 15880 (D:\sdkserver\target\classes started by admin in D:\sdkserver)
[08:43:00:972] [INFO] - org.springframework.boot.SpringApplication.logStartupProfileInfo(SpringApplication.java:675) - No active profile set, falling back to default profiles: default
[08:43:01:189] [INFO] - org.springframework.boot.logging.DeferredLog.logTo(DeferredLog.java:227) - Devtools property defaults active! Set 'spring.devtools.add-properties' to 'false' to disable
[08:43:01:190] [INFO] - org.springframework.boot.logging.DeferredLog.logTo(DeferredLog.java:227) - For additional web related logging consider setting the 'logging.level.web' property to 'DEBUG'
[08:43:17:302] [WARN] - org.mybatis.spring.mapper.ClassPathMapperScanner.doScan(ClassPathMapperScanner.java:166) - No MyBatis mapper was found in '[com]' package. Please check your configuration.
[08:43:17:781] [INFO] - org.springframework.context.annotation.ConfigurationClassPostProcessor.enhanceConfigurationClasses(ConfigurationClassPostProcessor.java:380) - Cannot enhance @Configuration bean definition 'mapperScannerConfig' since its singleton instance has been created too early. The typical cause is a non-static @Bean method with a BeanDefinitionRegistryPostProcessor return type: Consider declaring such methods as 'static'.
[08:43:22:443] [INFO] - org.springframework.boot.web.embedded.jetty.JettyServletWebServerFactory.getWebServer(JettyServletWebServerFactory.java:143) - Server initialized with port: 8888
[08:43:22:498] [INFO] - org.springframework.boot.web.servlet.context.ServletWebServerApplicationContext.prepareWebApplicationContext(ServletWebServerApplicationContext.java:296) - Root WebApplicationContext: initialization completed in 21307 ms
[08:43:24:434] [INFO] - org.springframework.cache.ehcache.EhCacheManagerFactoryBean.afterPropertiesSet(EhCacheManagerFactoryBean.java:134) - Initializing EhCache CacheManager
[08:43:27:803] [INFO] - org.springframework.scheduling.concurrent.ExecutorConfigurationSupport.initialize(ExecutorConfigurationSupport.java:171) - Initializing ExecutorService 'applicationTaskExecutor'
[08:43:30:993] [INFO] - com.alibaba.druid.pool.DruidDataSource.init(DruidDataSource.java:930) - {dataSource-1} inited
[08:43:31:210] [INFO] - org.quartz.impl.StdSchedulerFactory.instantiate(StdSchedulerFactory.java:1208) - Using default implementation for ThreadExecutor
[08:43:31:253] [INFO] - org.quartz.core.SchedulerSignalerImpl.<init>(SchedulerSignalerImpl.java:61) - Initialized Scheduler Signaller of type: class org.quartz.core.SchedulerSignalerImpl
[08:43:31:253] [INFO] - org.quartz.core.QuartzScheduler.<init>(QuartzScheduler.java:229) - Quartz Scheduler v.2.3.1 created.
[08:43:31:255] [INFO] - org.quartz.simpl.RAMJobStore.initialize(RAMJobStore.java:155) - RAMJobStore initialized.
[08:43:31:257] [INFO] - org.quartz.core.QuartzScheduler.initialize(QuartzScheduler.java:294) - Scheduler meta-data: Quartz Scheduler (v2.3.1) 'quartzScheduler' with instanceId 'NON_CLUSTERED'
  Scheduler class: 'org.quartz.core.QuartzScheduler' - running locally.
  NOT STARTED.
  Currently in standby mode.
  Number of jobs executed: 0
  Using thread pool 'org.quartz.simpl.SimpleThreadPool' - with 10 threads.
  Using job-store 'org.quartz.simpl.RAMJobStore' - which does not support persistence. and is not clustered.

[08:43:31:258] [INFO] - org.quartz.impl.StdSchedulerFactory.instantiate(StdSchedulerFactory.java:1362) - Quartz scheduler 'quartzScheduler' initialized from an externally provided properties instance.
[08:43:31:258] [INFO] - org.quartz.impl.StdSchedulerFactory.instantiate(StdSchedulerFactory.java:1366) - Quartz scheduler version: 2.3.1
[08:43:31:258] [INFO] - org.quartz.core.QuartzScheduler.setJobFactory(QuartzScheduler.java:2293) - JobFactory set to: org.springframework.scheduling.quartz.SpringBeanJobFactory@3ecff408
[08:43:31:448] [INFO] - org.springframework.boot.devtools.autoconfigure.OptionalLiveReloadServer.startServer(OptionalLiveReloadServer.java:57) - LiveReload server is running on port 35729
[08:43:31:854] [INFO] - org.springframework.scheduling.quartz.SchedulerFactoryBean.startScheduler(SchedulerFactoryBean.java:726) - Starting Quartz Scheduler now
[08:43:31:855] [INFO] - org.quartz.core.QuartzScheduler.start(QuartzScheduler.java:547) - Scheduler quartzScheduler_$_NON_CLUSTERED started.
[08:43:31:929] [INFO] - org.springframework.web.servlet.FrameworkServlet.initServletBean(FrameworkServlet.java:524) - Initializing Servlet 'dispatcherServlet'
[08:43:31:944] [INFO] - org.springframework.web.servlet.FrameworkServlet.initServletBean(FrameworkServlet.java:546) - Completed initialization in 14 ms
[08:43:32:153] [INFO] - org.springframework.boot.web.embedded.jetty.JettyWebServer.start(JettyWebServer.java:159) - Jetty started on port(s) 8888 (http/1.1) with context path '/sbox'
[08:43:32:185] [INFO] - org.springframework.boot.StartupInfoLogger.logStarted(StartupInfoLogger.java:59) - Started ServerClientApplication in 33.541 seconds (JVM running for 41.737)
[14:33:15:483] [INFO] - org.quartz.core.QuartzScheduler.standby(QuartzScheduler.java:585) - Scheduler quartzScheduler_$_NON_CLUSTERED paused.
[14:33:15:716] [INFO] - org.springframework.scheduling.quartz.SchedulerFactoryBean.destroy(SchedulerFactoryBean.java:844) - Shutting down Quartz Scheduler
[14:33:15:721] [INFO] - org.quartz.core.QuartzScheduler.shutdown(QuartzScheduler.java:666) - Scheduler quartzScheduler_$_NON_CLUSTERED shutting down.
[14:33:15:722] [INFO] - org.quartz.core.QuartzScheduler.standby(QuartzScheduler.java:585) - Scheduler quartzScheduler_$_NON_CLUSTERED paused.
[14:33:15:731] [INFO] - org.quartz.core.QuartzScheduler.shutdown(QuartzScheduler.java:740) - Scheduler quartzScheduler_$_NON_CLUSTERED shutdown complete.
[14:33:15:770] [INFO] - org.springframework.scheduling.concurrent.ExecutorConfigurationSupport.shutdown(ExecutorConfigurationSupport.java:208) - Shutting down ExecutorService 'applicationTaskExecutor'
[14:33:15:788] [INFO] - org.springframework.cache.ehcache.EhCacheManagerFactoryBean.destroy(EhCacheManagerFactoryBean.java:192) - Shutting down EhCache CacheManager
[14:33:17:024] [INFO] - com.alibaba.druid.pool.DruidDataSource.close(DruidDataSource.java:1825) - {dataSource-1} closed
[14:33:22:489] [INFO] - org.springframework.boot.StartupInfoLogger.logStarting(StartupInfoLogger.java:50) - Starting ServerClientApplication on DESKTOP-JLO12NJ with PID 15880 (D:\sdkserver\target\classes started by admin in D:\sdkserver)
[14:33:22:490] [INFO] - org.springframework.boot.SpringApplication.logStartupProfileInfo(SpringApplication.java:675) - No active profile set, falling back to default profiles: default
[14:33:27:906] [INFO] - org.springframework.boot.StartupInfoLogger.logStarting(StartupInfoLogger.java:50) - Starting ServerClientApplication on DESKTOP-JLO12NJ with PID 2968 (D:\sdkserver\target\classes started by admin in D:\sdkserver)
[14:33:27:921] [INFO] - org.springframework.boot.SpringApplication.logStartupProfileInfo(SpringApplication.java:675) - No active profile set, falling back to default profiles: default
[14:33:28:123] [INFO] - org.springframework.boot.logging.DeferredLog.logTo(DeferredLog.java:227) - Devtools property defaults active! Set 'spring.devtools.add-properties' to 'false' to disable
[14:33:28:124] [INFO] - org.springframework.boot.logging.DeferredLog.logTo(DeferredLog.java:227) - For additional web related logging consider setting the 'logging.level.web' property to 'DEBUG'
[14:33:38:374] [WARN] - org.mybatis.spring.mapper.ClassPathMapperScanner.doScan(ClassPathMapperScanner.java:166) - No MyBatis mapper was found in '[com]' package. Please check your configuration.
[14:33:38:661] [INFO] - org.springframework.context.annotation.ConfigurationClassPostProcessor.enhanceConfigurationClasses(ConfigurationClassPostProcessor.java:380) - Cannot enhance @Configuration bean definition 'mapperScannerConfig' since its singleton instance has been created too early. The typical cause is a non-static @Bean method with a BeanDefinitionRegistryPostProcessor return type: Consider declaring such methods as 'static'.
[14:33:41:167] [INFO] - org.springframework.boot.web.embedded.jetty.JettyServletWebServerFactory.getWebServer(JettyServletWebServerFactory.java:143) - Server initialized with port: 8888
[14:33:41:181] [INFO] - org.springframework.boot.web.servlet.context.ServletWebServerApplicationContext.prepareWebApplicationContext(ServletWebServerApplicationContext.java:296) - Root WebApplicationContext: initialization completed in 18677 ms
[14:33:41:545] [WARN] - org.mybatis.spring.mapper.ClassPathMapperScanner.doScan(ClassPathMapperScanner.java:166) - No MyBatis mapper was found in '[com]' package. Please check your configuration.
[14:33:41:982] [INFO] - org.springframework.context.annotation.ConfigurationClassPostProcessor.enhanceConfigurationClasses(ConfigurationClassPostProcessor.java:380) - Cannot enhance @Configuration bean definition 'mapperScannerConfig' since its singleton instance has been created too early. The typical cause is a non-static @Bean method with a BeanDefinitionRegistryPostProcessor return type: Consider declaring such methods as 'static'.
[14:33:42:191] [INFO] - org.springframework.cache.ehcache.EhCacheManagerFactoryBean.afterPropertiesSet(EhCacheManagerFactoryBean.java:134) - Initializing EhCache CacheManager
[14:33:42:532] [INFO] - org.springframework.scheduling.concurrent.ExecutorConfigurationSupport.initialize(ExecutorConfigurationSupport.java:171) - Initializing ExecutorService 'applicationTaskExecutor'
[14:33:43:519] [INFO] - com.alibaba.druid.pool.DruidDataSource.init(DruidDataSource.java:930) - {dataSource-2} inited
[14:33:43:566] [INFO] - org.quartz.impl.StdSchedulerFactory.instantiate(StdSchedulerFactory.java:1208) - Using default implementation for ThreadExecutor
[14:33:43:578] [INFO] - org.quartz.core.SchedulerSignalerImpl.<init>(SchedulerSignalerImpl.java:61) - Initialized Scheduler Signaller of type: class org.quartz.core.SchedulerSignalerImpl
[14:33:43:579] [INFO] - org.quartz.core.QuartzScheduler.<init>(QuartzScheduler.java:229) - Quartz Scheduler v.2.3.1 created.
[14:33:43:579] [INFO] - org.quartz.simpl.RAMJobStore.initialize(RAMJobStore.java:155) - RAMJobStore initialized.
[14:33:43:580] [INFO] - org.quartz.core.QuartzScheduler.initialize(QuartzScheduler.java:294) - Scheduler meta-data: Quartz Scheduler (v2.3.1) 'quartzScheduler' with instanceId 'NON_CLUSTERED'
  Scheduler class: 'org.quartz.core.QuartzScheduler' - running locally.
  NOT STARTED.
  Currently in standby mode.
  Number of jobs executed: 0
  Using thread pool 'org.quartz.simpl.SimpleThreadPool' - with 10 threads.
  Using job-store 'org.quartz.simpl.RAMJobStore' - which does not support persistence. and is not clustered.

[14:33:43:580] [INFO] - org.quartz.impl.StdSchedulerFactory.instantiate(StdSchedulerFactory.java:1362) - Quartz scheduler 'quartzScheduler' initialized from an externally provided properties instance.
[14:33:43:580] [INFO] - org.quartz.impl.StdSchedulerFactory.instantiate(StdSchedulerFactory.java:1366) - Quartz scheduler version: 2.3.1
[14:33:43:581] [INFO] - org.quartz.core.QuartzScheduler.setJobFactory(QuartzScheduler.java:2293) - JobFactory set to: org.springframework.scheduling.quartz.SpringBeanJobFactory@5bde9841
[14:33:43:729] [INFO] - org.springframework.boot.devtools.autoconfigure.OptionalLiveReloadServer.startServer(OptionalLiveReloadServer.java:57) - LiveReload server is running on port 35729
[14:33:43:826] [INFO] - org.springframework.scheduling.quartz.SchedulerFactoryBean.startScheduler(SchedulerFactoryBean.java:726) - Starting Quartz Scheduler now
[14:33:43:826] [INFO] - org.quartz.core.QuartzScheduler.start(QuartzScheduler.java:547) - Scheduler quartzScheduler_$_NON_CLUSTERED started.
[14:33:43:862] [INFO] - org.springframework.web.servlet.FrameworkServlet.initServletBean(FrameworkServlet.java:524) - Initializing Servlet 'dispatcherServlet'
[14:33:43:873] [INFO] - org.springframework.web.servlet.FrameworkServlet.initServletBean(FrameworkServlet.java:546) - Completed initialization in 11 ms
[14:33:43:902] [INFO] - org.springframework.boot.web.embedded.jetty.JettyWebServer.start(JettyWebServer.java:159) - Jetty started on port(s) 8888 (http/1.1) with context path '/sbox'
[14:33:43:907] [INFO] - org.springframework.boot.StartupInfoLogger.logStarted(StartupInfoLogger.java:59) - Started ServerClientApplication in 21.874 seconds (JVM running for 21053.46)
[14:33:43:942] [INFO] - org.springframework.boot.devtools.autoconfigure.ConditionEvaluationDeltaLoggingListener.onApplicationEvent(ConditionEvaluationDeltaLoggingListener.java:70) - Condition evaluation unchanged
[14:33:45:966] [INFO] - org.springframework.boot.web.embedded.jetty.JettyServletWebServerFactory.getWebServer(JettyServletWebServerFactory.java:143) - Server initialized with port: 8888
[14:33:46:059] [INFO] - org.springframework.boot.web.servlet.context.ServletWebServerApplicationContext.prepareWebApplicationContext(ServletWebServerApplicationContext.java:296) - Root WebApplicationContext: initialization completed in 17933 ms
[14:33:48:043] [INFO] - org.springframework.cache.ehcache.EhCacheManagerFactoryBean.afterPropertiesSet(EhCacheManagerFactoryBean.java:134) - Initializing EhCache CacheManager
[14:33:48:317] [WARN] - net.sf.ehcache.DiskStorePathManager.resolveAndLockIfNeeded(DiskStorePathManager.java:162) - diskStorePath 'D:\sdkserver\Tmp_EhCache' is already used by an existing CacheManager either in the same VM or in a different process.
The diskStore path for this CacheManager will be set to D:\sdkserver\Tmp_EhCache\ehcache_auto_created7532749697865485172diskstore.
To avoid this warning consider using the CacheManager factory methods to create a singleton CacheManager or specifying a separate ehcache configuration (ehcache.xml) for each CacheManager instance.
[14:33:48:324] [WARN] - net.sf.ehcache.store.disk.DiskStorageFactory.<init>(DiskStorageFactory.java:134) - Data in persistent disk stores is ignored for stores from automatically created directories.
Remove diskPersistent or resolve the conflicting disk paths in cache configuration.
Deleting data file D:\sdkserver\Tmp_EhCache\ehcache_auto_created7532749697865485172diskstore\role%0043ache.data
[14:33:49:488] [INFO] - org.springframework.scheduling.concurrent.ExecutorConfigurationSupport.initialize(ExecutorConfigurationSupport.java:171) - Initializing ExecutorService 'applicationTaskExecutor'
[14:33:52:451] [INFO] - com.alibaba.druid.pool.DruidDataSource.init(DruidDataSource.java:930) - {dataSource-1} inited
[14:33:52:566] [INFO] - org.quartz.impl.StdSchedulerFactory.instantiate(StdSchedulerFactory.java:1208) - Using default implementation for ThreadExecutor
[14:33:52:600] [INFO] - org.quartz.core.SchedulerSignalerImpl.<init>(SchedulerSignalerImpl.java:61) - Initialized Scheduler Signaller of type: class org.quartz.core.SchedulerSignalerImpl
[14:33:52:601] [INFO] - org.quartz.core.QuartzScheduler.<init>(QuartzScheduler.java:229) - Quartz Scheduler v.2.3.1 created.
[14:33:52:602] [INFO] - org.quartz.simpl.RAMJobStore.initialize(RAMJobStore.java:155) - RAMJobStore initialized.
[14:33:52:604] [INFO] - org.quartz.core.QuartzScheduler.initialize(QuartzScheduler.java:294) - Scheduler meta-data: Quartz Scheduler (v2.3.1) 'quartzScheduler' with instanceId 'NON_CLUSTERED'
  Scheduler class: 'org.quartz.core.QuartzScheduler' - running locally.
  NOT STARTED.
  Currently in standby mode.
  Number of jobs executed: 0
  Using thread pool 'org.quartz.simpl.SimpleThreadPool' - with 10 threads.
  Using job-store 'org.quartz.simpl.RAMJobStore' - which does not support persistence. and is not clustered.

[14:33:52:604] [INFO] - org.quartz.impl.StdSchedulerFactory.instantiate(StdSchedulerFactory.java:1362) - Quartz scheduler 'quartzScheduler' initialized from an externally provided properties instance.
[14:33:52:605] [INFO] - org.quartz.impl.StdSchedulerFactory.instantiate(StdSchedulerFactory.java:1366) - Quartz scheduler version: 2.3.1
[14:33:52:605] [INFO] - org.quartz.core.QuartzScheduler.setJobFactory(QuartzScheduler.java:2293) - JobFactory set to: org.springframework.scheduling.quartz.SpringBeanJobFactory@4dacab79
[14:33:52:778] [WARN] - org.springframework.boot.devtools.autoconfigure.OptionalLiveReloadServer.startServer(OptionalLiveReloadServer.java:61) - Unable to start LiveReload server
[14:33:53:046] [INFO] - org.springframework.scheduling.quartz.SchedulerFactoryBean.startScheduler(SchedulerFactoryBean.java:726) - Starting Quartz Scheduler now
[14:33:53:046] [INFO] - org.quartz.core.QuartzScheduler.start(QuartzScheduler.java:547) - Scheduler quartzScheduler_$_NON_CLUSTERED started.
[14:33:53:121] [INFO] - org.springframework.web.servlet.FrameworkServlet.initServletBean(FrameworkServlet.java:524) - Initializing Servlet 'dispatcherServlet'
[14:33:53:137] [INFO] - org.springframework.web.servlet.FrameworkServlet.initServletBean(FrameworkServlet.java:546) - Completed initialization in 16 ms
[14:33:53:192] [INFO] - org.springframework.boot.autoconfigure.logging.ConditionEvaluationReportLoggingListener.logMessage(ConditionEvaluationReportLoggingListener.java:142) - 

Error starting ApplicationContext. To display the conditions report re-run your application with 'debug' enabled.
[14:33:53:207] [ERROR] - org.springframework.boot.diagnostics.LoggingFailureAnalysisReporter.report(LoggingFailureAnalysisReporter.java:42) - 

***************************
APPLICATION FAILED TO START
***************************

Description:

Web server failed to start. Port 8888 was already in use.

Action:

Identify and stop the process that's listening on port 8888 or configure this application to listen on another port.

[14:33:53:255] [INFO] - org.quartz.core.QuartzScheduler.standby(QuartzScheduler.java:585) - Scheduler quartzScheduler_$_NON_CLUSTERED paused.
[14:33:53:263] [INFO] - org.springframework.scheduling.quartz.SchedulerFactoryBean.destroy(SchedulerFactoryBean.java:844) - Shutting down Quartz Scheduler
[14:33:53:264] [INFO] - org.quartz.core.QuartzScheduler.shutdown(QuartzScheduler.java:666) - Scheduler quartzScheduler_$_NON_CLUSTERED shutting down.
[14:33:53:264] [INFO] - org.quartz.core.QuartzScheduler.standby(QuartzScheduler.java:585) - Scheduler quartzScheduler_$_NON_CLUSTERED paused.
[14:33:53:267] [INFO] - org.quartz.core.QuartzScheduler.shutdown(QuartzScheduler.java:740) - Scheduler quartzScheduler_$_NON_CLUSTERED shutdown complete.
[14:33:53:270] [INFO] - org.springframework.scheduling.concurrent.ExecutorConfigurationSupport.shutdown(ExecutorConfigurationSupport.java:208) - Shutting down ExecutorService 'applicationTaskExecutor'
[14:33:53:271] [INFO] - org.springframework.cache.ehcache.EhCacheManagerFactoryBean.destroy(EhCacheManagerFactoryBean.java:192) - Shutting down EhCache CacheManager
[14:33:53:298] [INFO] - com.alibaba.druid.pool.DruidDataSource.close(DruidDataSource.java:1825) - {dataSource-1} closed
[14:34:23:119] [INFO] - org.springframework.boot.StartupInfoLogger.logStarting(StartupInfoLogger.java:50) - Starting ServerClientApplication on DESKTOP-JLO12NJ with PID 10404 (D:\sdkserver\target\classes started by admin in D:\sdkserver)
[14:34:23:151] [INFO] - org.springframework.boot.SpringApplication.logStartupProfileInfo(SpringApplication.java:675) - No active profile set, falling back to default profiles: default
[14:34:23:253] [INFO] - org.springframework.boot.logging.DeferredLog.logTo(DeferredLog.java:227) - Devtools property defaults active! Set 'spring.devtools.add-properties' to 'false' to disable
[14:34:23:254] [INFO] - org.springframework.boot.logging.DeferredLog.logTo(DeferredLog.java:227) - For additional web related logging consider setting the 'logging.level.web' property to 'DEBUG'
[14:34:32:887] [WARN] - org.mybatis.spring.mapper.ClassPathMapperScanner.doScan(ClassPathMapperScanner.java:166) - No MyBatis mapper was found in '[com]' package. Please check your configuration.
[14:34:33:061] [INFO] - org.springframework.context.annotation.ConfigurationClassPostProcessor.enhanceConfigurationClasses(ConfigurationClassPostProcessor.java:380) - Cannot enhance @Configuration bean definition 'mapperScannerConfig' since its singleton instance has been created too early. The typical cause is a non-static @Bean method with a BeanDefinitionRegistryPostProcessor return type: Consider declaring such methods as 'static'.
[14:34:34:975] [INFO] - org.springframework.boot.web.embedded.jetty.JettyServletWebServerFactory.getWebServer(JettyServletWebServerFactory.java:143) - Server initialized with port: 8888
[14:34:35:064] [INFO] - org.springframework.boot.web.servlet.context.ServletWebServerApplicationContext.prepareWebApplicationContext(ServletWebServerApplicationContext.java:296) - Root WebApplicationContext: initialization completed in 11810 ms
[14:34:36:365] [INFO] - org.springframework.cache.ehcache.EhCacheManagerFactoryBean.afterPropertiesSet(EhCacheManagerFactoryBean.java:134) - Initializing EhCache CacheManager
[14:34:36:501] [WARN] - net.sf.ehcache.DiskStorePathManager.resolveAndLockIfNeeded(DiskStorePathManager.java:162) - diskStorePath 'D:\sdkserver\Tmp_EhCache' is already used by an existing CacheManager either in the same VM or in a different process.
The diskStore path for this CacheManager will be set to D:\sdkserver\Tmp_EhCache\ehcache_auto_created4311108182232425320diskstore.
To avoid this warning consider using the CacheManager factory methods to create a singleton CacheManager or specifying a separate ehcache configuration (ehcache.xml) for each CacheManager instance.
[14:34:36:503] [WARN] - net.sf.ehcache.store.disk.DiskStorageFactory.<init>(DiskStorageFactory.java:134) - Data in persistent disk stores is ignored for stores from automatically created directories.
Remove diskPersistent or resolve the conflicting disk paths in cache configuration.
Deleting data file D:\sdkserver\Tmp_EhCache\ehcache_auto_created4311108182232425320diskstore\role%0043ache.data
[14:34:37:420] [INFO] - org.springframework.scheduling.concurrent.ExecutorConfigurationSupport.initialize(ExecutorConfigurationSupport.java:171) - Initializing ExecutorService 'applicationTaskExecutor'
[14:34:38:240] [INFO] - com.alibaba.druid.pool.DruidDataSource.init(DruidDataSource.java:930) - {dataSource-1} inited
[14:34:38:305] [INFO] - org.quartz.impl.StdSchedulerFactory.instantiate(StdSchedulerFactory.java:1208) - Using default implementation for ThreadExecutor
[14:34:38:328] [INFO] - org.quartz.core.SchedulerSignalerImpl.<init>(SchedulerSignalerImpl.java:61) - Initialized Scheduler Signaller of type: class org.quartz.core.SchedulerSignalerImpl
[14:34:38:328] [INFO] - org.quartz.core.QuartzScheduler.<init>(QuartzScheduler.java:229) - Quartz Scheduler v.2.3.1 created.
[14:34:38:329] [INFO] - org.quartz.simpl.RAMJobStore.initialize(RAMJobStore.java:155) - RAMJobStore initialized.
[14:34:38:331] [INFO] - org.quartz.core.QuartzScheduler.initialize(QuartzScheduler.java:294) - Scheduler meta-data: Quartz Scheduler (v2.3.1) 'quartzScheduler' with instanceId 'NON_CLUSTERED'
  Scheduler class: 'org.quartz.core.QuartzScheduler' - running locally.
  NOT STARTED.
  Currently in standby mode.
  Number of jobs executed: 0
  Using thread pool 'org.quartz.simpl.SimpleThreadPool' - with 10 threads.
  Using job-store 'org.quartz.simpl.RAMJobStore' - which does not support persistence. and is not clustered.

[14:34:38:331] [INFO] - org.quartz.impl.StdSchedulerFactory.instantiate(StdSchedulerFactory.java:1362) - Quartz scheduler 'quartzScheduler' initialized from an externally provided properties instance.
[14:34:38:331] [INFO] - org.quartz.impl.StdSchedulerFactory.instantiate(StdSchedulerFactory.java:1366) - Quartz scheduler version: 2.3.1
[14:34:38:332] [INFO] - org.quartz.core.QuartzScheduler.setJobFactory(QuartzScheduler.java:2293) - JobFactory set to: org.springframework.scheduling.quartz.SpringBeanJobFactory@51df7a1a
[14:34:38:396] [WARN] - org.springframework.boot.devtools.autoconfigure.OptionalLiveReloadServer.startServer(OptionalLiveReloadServer.java:61) - Unable to start LiveReload server
[14:34:38:515] [INFO] - org.springframework.scheduling.quartz.SchedulerFactoryBean.startScheduler(SchedulerFactoryBean.java:726) - Starting Quartz Scheduler now
[14:34:38:515] [INFO] - org.quartz.core.QuartzScheduler.start(QuartzScheduler.java:547) - Scheduler quartzScheduler_$_NON_CLUSTERED started.
[14:34:38:571] [INFO] - org.springframework.web.servlet.FrameworkServlet.initServletBean(FrameworkServlet.java:524) - Initializing Servlet 'dispatcherServlet'
[14:34:38:580] [INFO] - org.springframework.web.servlet.FrameworkServlet.initServletBean(FrameworkServlet.java:546) - Completed initialization in 8 ms
[14:34:38:611] [INFO] - org.springframework.boot.autoconfigure.logging.ConditionEvaluationReportLoggingListener.logMessage(ConditionEvaluationReportLoggingListener.java:142) - 

Error starting ApplicationContext. To display the conditions report re-run your application with 'debug' enabled.
[14:34:38:617] [ERROR] - org.springframework.boot.diagnostics.LoggingFailureAnalysisReporter.report(LoggingFailureAnalysisReporter.java:42) - 

***************************
APPLICATION FAILED TO START
***************************

Description:

Web server failed to start. Port 8888 was already in use.

Action:

Identify and stop the process that's listening on port 8888 or configure this application to listen on another port.

[14:34:38:630] [INFO] - org.quartz.core.QuartzScheduler.standby(QuartzScheduler.java:585) - Scheduler quartzScheduler_$_NON_CLUSTERED paused.
[14:34:38:635] [INFO] - org.springframework.scheduling.quartz.SchedulerFactoryBean.destroy(SchedulerFactoryBean.java:844) - Shutting down Quartz Scheduler
[14:34:38:636] [INFO] - org.quartz.core.QuartzScheduler.shutdown(QuartzScheduler.java:666) - Scheduler quartzScheduler_$_NON_CLUSTERED shutting down.
[14:34:38:636] [INFO] - org.quartz.core.QuartzScheduler.standby(QuartzScheduler.java:585) - Scheduler quartzScheduler_$_NON_CLUSTERED paused.
[14:34:38:637] [INFO] - org.quartz.core.QuartzScheduler.shutdown(QuartzScheduler.java:740) - Scheduler quartzScheduler_$_NON_CLUSTERED shutdown complete.
[14:34:38:638] [INFO] - org.springframework.scheduling.concurrent.ExecutorConfigurationSupport.shutdown(ExecutorConfigurationSupport.java:208) - Shutting down ExecutorService 'applicationTaskExecutor'
[14:34:38:639] [INFO] - org.springframework.cache.ehcache.EhCacheManagerFactoryBean.destroy(EhCacheManagerFactoryBean.java:192) - Shutting down EhCache CacheManager
[14:34:38:651] [INFO] - com.alibaba.druid.pool.DruidDataSource.close(DruidDataSource.java:1825) - {dataSource-1} closed
[14:43:24:623] [INFO] - org.springframework.boot.StartupInfoLogger.logStarting(StartupInfoLogger.java:50) - Starting ServerClientApplication on DESKTOP-JLO12NJ with PID 12164 (D:\sdkserver\target\classes started by admin in D:\sdkserver)
[14:43:24:642] [INFO] - org.springframework.boot.SpringApplication.logStartupProfileInfo(SpringApplication.java:675) - No active profile set, falling back to default profiles: default
[14:43:24:747] [INFO] - org.springframework.boot.logging.DeferredLog.logTo(DeferredLog.java:227) - Devtools property defaults active! Set 'spring.devtools.add-properties' to 'false' to disable
[14:43:24:747] [INFO] - org.springframework.boot.logging.DeferredLog.logTo(DeferredLog.java:227) - For additional web related logging consider setting the 'logging.level.web' property to 'DEBUG'
[14:43:40:812] [WARN] - org.mybatis.spring.mapper.ClassPathMapperScanner.doScan(ClassPathMapperScanner.java:166) - No MyBatis mapper was found in '[com]' package. Please check your configuration.
[14:43:41:220] [INFO] - org.springframework.context.annotation.ConfigurationClassPostProcessor.enhanceConfigurationClasses(ConfigurationClassPostProcessor.java:380) - Cannot enhance @Configuration bean definition 'mapperScannerConfig' since its singleton instance has been created too early. The typical cause is a non-static @Bean method with a BeanDefinitionRegistryPostProcessor return type: Consider declaring such methods as 'static'.
[14:43:45:340] [INFO] - org.springframework.boot.web.embedded.jetty.JettyServletWebServerFactory.getWebServer(JettyServletWebServerFactory.java:143) - Server initialized with port: 8888
[14:43:45:417] [INFO] - org.springframework.boot.web.servlet.context.ServletWebServerApplicationContext.prepareWebApplicationContext(ServletWebServerApplicationContext.java:296) - Root WebApplicationContext: initialization completed in 20670 ms
[14:43:47:314] [INFO] - org.springframework.cache.ehcache.EhCacheManagerFactoryBean.afterPropertiesSet(EhCacheManagerFactoryBean.java:134) - Initializing EhCache CacheManager
[14:43:48:793] [INFO] - org.springframework.scheduling.concurrent.ExecutorConfigurationSupport.initialize(ExecutorConfigurationSupport.java:171) - Initializing ExecutorService 'applicationTaskExecutor'
[14:43:50:484] [INFO] - com.alibaba.druid.pool.DruidDataSource.init(DruidDataSource.java:930) - {dataSource-1} inited
[14:43:50:604] [INFO] - org.quartz.impl.StdSchedulerFactory.instantiate(StdSchedulerFactory.java:1208) - Using default implementation for ThreadExecutor
[14:43:50:641] [INFO] - org.quartz.core.SchedulerSignalerImpl.<init>(SchedulerSignalerImpl.java:61) - Initialized Scheduler Signaller of type: class org.quartz.core.SchedulerSignalerImpl
[14:43:50:641] [INFO] - org.quartz.core.QuartzScheduler.<init>(QuartzScheduler.java:229) - Quartz Scheduler v.2.3.1 created.
[14:43:50:643] [INFO] - org.quartz.simpl.RAMJobStore.initialize(RAMJobStore.java:155) - RAMJobStore initialized.
[14:43:50:644] [INFO] - org.quartz.core.QuartzScheduler.initialize(QuartzScheduler.java:294) - Scheduler meta-data: Quartz Scheduler (v2.3.1) 'quartzScheduler' with instanceId 'NON_CLUSTERED'
  Scheduler class: 'org.quartz.core.QuartzScheduler' - running locally.
  NOT STARTED.
  Currently in standby mode.
  Number of jobs executed: 0
  Using thread pool 'org.quartz.simpl.SimpleThreadPool' - with 10 threads.
  Using job-store 'org.quartz.simpl.RAMJobStore' - which does not support persistence. and is not clustered.

[14:43:50:645] [INFO] - org.quartz.impl.StdSchedulerFactory.instantiate(StdSchedulerFactory.java:1362) - Quartz scheduler 'quartzScheduler' initialized from an externally provided properties instance.
[14:43:50:645] [INFO] - org.quartz.impl.StdSchedulerFactory.instantiate(StdSchedulerFactory.java:1366) - Quartz scheduler version: 2.3.1
[14:43:50:646] [INFO] - org.quartz.core.QuartzScheduler.setJobFactory(QuartzScheduler.java:2293) - JobFactory set to: org.springframework.scheduling.quartz.SpringBeanJobFactory@7a5f4441
[14:43:50:954] [INFO] - org.springframework.boot.devtools.autoconfigure.OptionalLiveReloadServer.startServer(OptionalLiveReloadServer.java:57) - LiveReload server is running on port 35729
[14:43:51:165] [INFO] - org.springframework.scheduling.quartz.SchedulerFactoryBean.startScheduler(SchedulerFactoryBean.java:726) - Starting Quartz Scheduler now
[14:43:51:166] [INFO] - org.quartz.core.QuartzScheduler.start(QuartzScheduler.java:547) - Scheduler quartzScheduler_$_NON_CLUSTERED started.
[14:43:51:251] [INFO] - org.springframework.web.servlet.FrameworkServlet.initServletBean(FrameworkServlet.java:524) - Initializing Servlet 'dispatcherServlet'
[14:43:51:283] [INFO] - org.springframework.web.servlet.FrameworkServlet.initServletBean(FrameworkServlet.java:546) - Completed initialization in 31 ms
[14:43:51:382] [INFO] - org.springframework.boot.web.embedded.jetty.JettyWebServer.start(JettyWebServer.java:159) - Jetty started on port(s) 8888 (http/1.1) with context path '/sbox'
[14:43:51:390] [INFO] - org.springframework.boot.StartupInfoLogger.logStarted(StartupInfoLogger.java:59) - Started ServerClientApplication in 28.032 seconds (JVM running for 35.451)
[15:53:56:648] [INFO] - org.springframework.boot.StartupInfoLogger.logStarting(StartupInfoLogger.java:50) - Starting ServerClientApplication on DESKTOP-JLO12NJ with PID 11332 (D:\sdkserver\target\classes started by admin in D:\sdkserver)
[15:53:56:671] [INFO] - org.springframework.boot.SpringApplication.logStartupProfileInfo(SpringApplication.java:675) - No active profile set, falling back to default profiles: default
[15:53:56:760] [INFO] - org.springframework.boot.logging.DeferredLog.logTo(DeferredLog.java:227) - Devtools property defaults active! Set 'spring.devtools.add-properties' to 'false' to disable
[15:53:56:760] [INFO] - org.springframework.boot.logging.DeferredLog.logTo(DeferredLog.java:227) - For additional web related logging consider setting the 'logging.level.web' property to 'DEBUG'
[15:54:03:239] [WARN] - org.mybatis.spring.mapper.ClassPathMapperScanner.doScan(ClassPathMapperScanner.java:166) - No MyBatis mapper was found in '[com]' package. Please check your configuration.
[15:54:03:401] [INFO] - org.springframework.context.annotation.ConfigurationClassPostProcessor.enhanceConfigurationClasses(ConfigurationClassPostProcessor.java:380) - Cannot enhance @Configuration bean definition 'mapperScannerConfig' since its singleton instance has been created too early. The typical cause is a non-static @Bean method with a BeanDefinitionRegistryPostProcessor return type: Consider declaring such methods as 'static'.
[15:54:05:368] [INFO] - org.springframework.boot.web.embedded.jetty.JettyServletWebServerFactory.getWebServer(JettyServletWebServerFactory.java:143) - Server initialized with port: 8888
[15:54:05:405] [INFO] - org.springframework.boot.web.servlet.context.ServletWebServerApplicationContext.prepareWebApplicationContext(ServletWebServerApplicationContext.java:296) - Root WebApplicationContext: initialization completed in 8644 ms
[15:54:06:304] [INFO] - org.springframework.cache.ehcache.EhCacheManagerFactoryBean.afterPropertiesSet(EhCacheManagerFactoryBean.java:134) - Initializing EhCache CacheManager
[15:54:06:981] [INFO] - org.springframework.scheduling.concurrent.ExecutorConfigurationSupport.initialize(ExecutorConfigurationSupport.java:171) - Initializing ExecutorService 'applicationTaskExecutor'
[15:54:07:793] [INFO] - com.alibaba.druid.pool.DruidDataSource.init(DruidDataSource.java:930) - {dataSource-1} inited
[15:54:07:843] [INFO] - org.quartz.impl.StdSchedulerFactory.instantiate(StdSchedulerFactory.java:1208) - Using default implementation for ThreadExecutor
[15:54:07:859] [INFO] - org.quartz.core.SchedulerSignalerImpl.<init>(SchedulerSignalerImpl.java:61) - Initialized Scheduler Signaller of type: class org.quartz.core.SchedulerSignalerImpl
[15:54:07:859] [INFO] - org.quartz.core.QuartzScheduler.<init>(QuartzScheduler.java:229) - Quartz Scheduler v.2.3.1 created.
[15:54:07:860] [INFO] - org.quartz.simpl.RAMJobStore.initialize(RAMJobStore.java:155) - RAMJobStore initialized.
[15:54:07:861] [INFO] - org.quartz.core.QuartzScheduler.initialize(QuartzScheduler.java:294) - Scheduler meta-data: Quartz Scheduler (v2.3.1) 'quartzScheduler' with instanceId 'NON_CLUSTERED'
  Scheduler class: 'org.quartz.core.QuartzScheduler' - running locally.
  NOT STARTED.
  Currently in standby mode.
  Number of jobs executed: 0
  Using thread pool 'org.quartz.simpl.SimpleThreadPool' - with 10 threads.
  Using job-store 'org.quartz.simpl.RAMJobStore' - which does not support persistence. and is not clustered.

[15:54:07:861] [INFO] - org.quartz.impl.StdSchedulerFactory.instantiate(StdSchedulerFactory.java:1362) - Quartz scheduler 'quartzScheduler' initialized from an externally provided properties instance.
[15:54:07:862] [INFO] - org.quartz.impl.StdSchedulerFactory.instantiate(StdSchedulerFactory.java:1366) - Quartz scheduler version: 2.3.1
[15:54:07:862] [INFO] - org.quartz.core.QuartzScheduler.setJobFactory(QuartzScheduler.java:2293) - JobFactory set to: org.springframework.scheduling.quartz.SpringBeanJobFactory@64bd09e2
[15:54:08:032] [INFO] - org.springframework.boot.devtools.autoconfigure.OptionalLiveReloadServer.startServer(OptionalLiveReloadServer.java:57) - LiveReload server is running on port 35729
[15:54:08:252] [INFO] - org.springframework.scheduling.quartz.SchedulerFactoryBean.startScheduler(SchedulerFactoryBean.java:726) - Starting Quartz Scheduler now
[15:54:08:253] [INFO] - org.quartz.core.QuartzScheduler.start(QuartzScheduler.java:547) - Scheduler quartzScheduler_$_NON_CLUSTERED started.
[15:54:08:292] [INFO] - org.springframework.web.servlet.FrameworkServlet.initServletBean(FrameworkServlet.java:524) - Initializing Servlet 'dispatcherServlet'
[15:54:08:299] [INFO] - org.springframework.web.servlet.FrameworkServlet.initServletBean(FrameworkServlet.java:546) - Completed initialization in 7 ms
[15:54:08:344] [INFO] - org.springframework.boot.web.embedded.jetty.JettyWebServer.start(JettyWebServer.java:159) - Jetty started on port(s) 8888 (http/1.1) with context path '/sbox'
[15:54:08:348] [INFO] - org.springframework.boot.StartupInfoLogger.logStarted(StartupInfoLogger.java:59) - Started ServerClientApplication in 13.377 seconds (JVM running for 19.773)
