[10:05:44:404] [INFO] - org.springframework.boot.StartupInfoLogger.logStarting(StartupInfoLogger.java:50) - Starting ServerClientApplication on DESKTOP-JLO12NJ with PID 5932 (D:\sdkserver\target\classes started by admin in D:\sdkserver)
[10:05:44:454] [INFO] - org.springframework.boot.SpringApplication.logStartupProfileInfo(SpringApplication.java:675) - No active profile set, falling back to default profiles: default
[10:05:44:527] [INFO] - org.springframework.boot.logging.DeferredLog.logTo(DeferredLog.java:227) - Devtools property defaults active! Set 'spring.devtools.add-properties' to 'false' to disable
[10:05:44:528] [INFO] - org.springframework.boot.logging.DeferredLog.logTo(DeferredLog.java:227) - For additional web related logging consider setting the 'logging.level.web' property to 'DEBUG'
[10:05:53:516] [WARN] - org.mybatis.spring.mapper.ClassPathMapperScanner.doScan(ClassPathMapperScanner.java:166) - No MyBatis mapper was found in '[com]' package. Please check your configuration.
[10:05:53:737] [INFO] - org.springframework.context.annotation.ConfigurationClassPostProcessor.enhanceConfigurationClasses(ConfigurationClassPostProcessor.java:380) - Cannot enhance @Configuration bean definition 'mapperScannerConfig' since its singleton instance has been created too early. The typical cause is a non-static @Bean method with a BeanDefinitionRegistryPostProcessor return type: Consider declaring such methods as 'static'.
[10:05:56:427] [INFO] - org.springframework.boot.web.embedded.jetty.JettyServletWebServerFactory.getWebServer(JettyServletWebServerFactory.java:143) - Server initialized with port: 8888
[10:05:56:495] [INFO] - org.springframework.boot.web.servlet.context.ServletWebServerApplicationContext.prepareWebApplicationContext(ServletWebServerApplicationContext.java:296) - Root WebApplicationContext: initialization completed in 11967 ms
[10:05:57:827] [INFO] - org.springframework.cache.ehcache.EhCacheManagerFactoryBean.afterPropertiesSet(EhCacheManagerFactoryBean.java:134) - Initializing EhCache CacheManager
[10:05:59:074] [INFO] - org.springframework.scheduling.concurrent.ExecutorConfigurationSupport.initialize(ExecutorConfigurationSupport.java:171) - Initializing ExecutorService 'applicationTaskExecutor'
[10:06:00:446] [INFO] - com.alibaba.druid.pool.DruidDataSource.init(DruidDataSource.java:930) - {dataSource-1} inited
[10:06:00:502] [INFO] - org.quartz.impl.StdSchedulerFactory.instantiate(StdSchedulerFactory.java:1208) - Using default implementation for ThreadExecutor
[10:06:00:521] [INFO] - org.quartz.core.SchedulerSignalerImpl.<init>(SchedulerSignalerImpl.java:61) - Initialized Scheduler Signaller of type: class org.quartz.core.SchedulerSignalerImpl
[10:06:00:521] [INFO] - org.quartz.core.QuartzScheduler.<init>(QuartzScheduler.java:229) - Quartz Scheduler v.2.3.1 created.
[10:06:00:522] [INFO] - org.quartz.simpl.RAMJobStore.initialize(RAMJobStore.java:155) - RAMJobStore initialized.
[10:06:00:524] [INFO] - org.quartz.core.QuartzScheduler.initialize(QuartzScheduler.java:294) - Scheduler meta-data: Quartz Scheduler (v2.3.1) 'quartzScheduler' with instanceId 'NON_CLUSTERED'
  Scheduler class: 'org.quartz.core.QuartzScheduler' - running locally.
  NOT STARTED.
  Currently in standby mode.
  Number of jobs executed: 0
  Using thread pool 'org.quartz.simpl.SimpleThreadPool' - with 10 threads.
  Using job-store 'org.quartz.simpl.RAMJobStore' - which does not support persistence. and is not clustered.

[10:06:00:525] [INFO] - org.quartz.impl.StdSchedulerFactory.instantiate(StdSchedulerFactory.java:1362) - Quartz scheduler 'quartzScheduler' initialized from an externally provided properties instance.
[10:06:00:525] [INFO] - org.quartz.impl.StdSchedulerFactory.instantiate(StdSchedulerFactory.java:1366) - Quartz scheduler version: 2.3.1
[10:06:00:526] [INFO] - org.quartz.core.QuartzScheduler.setJobFactory(QuartzScheduler.java:2293) - JobFactory set to: org.springframework.scheduling.quartz.SpringBeanJobFactory@56735c57
[10:06:00:596] [INFO] - org.springframework.boot.devtools.autoconfigure.OptionalLiveReloadServer.startServer(OptionalLiveReloadServer.java:57) - LiveReload server is running on port 35729
[10:06:00:723] [INFO] - org.springframework.scheduling.quartz.SchedulerFactoryBean.startScheduler(SchedulerFactoryBean.java:726) - Starting Quartz Scheduler now
[10:06:00:724] [INFO] - org.quartz.core.QuartzScheduler.start(QuartzScheduler.java:547) - Scheduler quartzScheduler_$_NON_CLUSTERED started.
[10:06:00:767] [INFO] - org.springframework.web.servlet.FrameworkServlet.initServletBean(FrameworkServlet.java:524) - Initializing Servlet 'dispatcherServlet'
[10:06:00:776] [INFO] - org.springframework.web.servlet.FrameworkServlet.initServletBean(FrameworkServlet.java:546) - Completed initialization in 8 ms
[10:06:00:840] [INFO] - org.springframework.boot.web.embedded.jetty.JettyWebServer.start(JettyWebServer.java:159) - Jetty started on port(s) 8888 (http/1.1) with context path '/sbox'
[10:06:00:846] [INFO] - org.springframework.boot.StartupInfoLogger.logStarted(StartupInfoLogger.java:59) - Started ServerClientApplication in 17.465 seconds (JVM running for 21.99)
