[10:30:55:190] [WARN] - org.mybatis.spring.mapper.ClassPathMapperScanner.doScan(ClassPathMapperScanner.java:166) - No MyBatis mapper was found in '[com]' package. Please check your configuration.
[10:58:50:168] [WARN] - org.mybatis.spring.mapper.ClassPathMapperScanner.doScan(ClassPathMapperScanner.java:166) - No MyBatis mapper was found in '[com]' package. Please check your configuration.
[10:58:54:658] [WARN] - net.sf.ehcache.DiskStorePathManager.resolveAndLockIfNeeded(DiskStorePathManager.java:162) - diskStorePath 'D:\sdkserver\Tmp_EhCache' is already used by an existing CacheManager either in the same VM or in a different process.
The diskStore path for this CacheManager will be set to D:\sdkserver\Tmp_EhCache\ehcache_auto_created1764939989108033194diskstore.
To avoid this warning consider using the CacheManager factory methods to create a singleton CacheManager or specifying a separate ehcache configuration (ehcache.xml) for each CacheManager instance.
[10:58:54:662] [WARN] - net.sf.ehcache.store.disk.DiskStorageFactory.<init>(DiskStorageFactory.java:134) - Data in persistent disk stores is ignored for stores from automatically created directories.
Remove diskPersistent or resolve the conflicting disk paths in cache configuration.
Deleting data file D:\sdkserver\Tmp_EhCache\ehcache_auto_created1764939989108033194diskstore\role%0043ache.data
[10:58:56:913] [WARN] - org.springframework.boot.devtools.autoconfigure.OptionalLiveReloadServer.startServer(OptionalLiveReloadServer.java:61) - Unable to start LiveReload server
[10:58:57:090] [ERROR] - org.springframework.boot.diagnostics.LoggingFailureAnalysisReporter.report(LoggingFailureAnalysisReporter.java:42) - 

***************************
APPLICATION FAILED TO START
***************************

Description:

Web server failed to start. Port 8888 was already in use.

Action:

Identify and stop the process that's listening on port 8888 or configure this application to listen on another port.

[10:59:37:562] [WARN] - org.mybatis.spring.mapper.ClassPathMapperScanner.doScan(ClassPathMapperScanner.java:166) - No MyBatis mapper was found in '[com]' package. Please check your configuration.
[10:59:41:140] [WARN] - net.sf.ehcache.DiskStorePathManager.resolveAndLockIfNeeded(DiskStorePathManager.java:162) - diskStorePath 'D:\sdkserver\Tmp_EhCache' is already used by an existing CacheManager either in the same VM or in a different process.
The diskStore path for this CacheManager will be set to D:\sdkserver\Tmp_EhCache\ehcache_auto_created1299857538685837009diskstore.
To avoid this warning consider using the CacheManager factory methods to create a singleton CacheManager or specifying a separate ehcache configuration (ehcache.xml) for each CacheManager instance.
[10:59:41:142] [WARN] - net.sf.ehcache.store.disk.DiskStorageFactory.<init>(DiskStorageFactory.java:134) - Data in persistent disk stores is ignored for stores from automatically created directories.
Remove diskPersistent or resolve the conflicting disk paths in cache configuration.
Deleting data file D:\sdkserver\Tmp_EhCache\ehcache_auto_created1299857538685837009diskstore\role%0043ache.data
[10:59:42:706] [WARN] - org.springframework.boot.devtools.autoconfigure.OptionalLiveReloadServer.startServer(OptionalLiveReloadServer.java:61) - Unable to start LiveReload server
[10:59:42:961] [ERROR] - org.springframework.boot.diagnostics.LoggingFailureAnalysisReporter.report(LoggingFailureAnalysisReporter.java:42) - 

***************************
APPLICATION FAILED TO START
***************************

Description:

Web server failed to start. Port 8888 was already in use.

Action:

Identify and stop the process that's listening on port 8888 or configure this application to listen on another port.

[11:10:10:883] [WARN] - org.mybatis.spring.mapper.ClassPathMapperScanner.doScan(ClassPathMapperScanner.java:166) - No MyBatis mapper was found in '[com]' package. Please check your configuration.
