[10:01:57:722] [WARN] - org.mybatis.spring.mapper.ClassPathMapperScanner.doScan(ClassPathMapperScanner.java:166) - No MyBatis mapper was found in '[com]' package. Please check your configuration.
[16:15:27:523] [WARN] - org.mybatis.spring.mapper.ClassPathMapperScanner.doScan(ClassPathMapperScanner.java:166) - No MyBatis mapper was found in '[com]' package. Please check your configuration.
[16:15:34:445] [WARN] - org.mybatis.spring.mapper.ClassPathMapperScanner.doScan(ClassPathMapperScanner.java:166) - No MyBatis mapper was found in '[com]' package. Please check your configuration.
[16:15:41:869] [WARN] - net.sf.ehcache.DiskStorePathManager.resolveAndLockIfNeeded(DiskStorePathManager.java:162) - diskStorePath 'D:\sdkserver\Tmp_EhCache' is already used by an existing CacheManager either in the same VM or in a different process.
The diskStore path for this CacheManager will be set to D:\sdkserver\Tmp_EhCache\ehcache_auto_created2694197836894208060diskstore.
To avoid this warning consider using the CacheManager factory methods to create a singleton CacheManager or specifying a separate ehcache configuration (ehcache.xml) for each CacheManager instance.
[16:15:41:872] [WARN] - net.sf.ehcache.store.disk.DiskStorageFactory.<init>(DiskStorageFactory.java:134) - Data in persistent disk stores is ignored for stores from automatically created directories.
Remove diskPersistent or resolve the conflicting disk paths in cache configuration.
Deleting data file D:\sdkserver\Tmp_EhCache\ehcache_auto_created2694197836894208060diskstore\role%0043ache.data
[16:15:44:131] [WARN] - org.springframework.boot.devtools.autoconfigure.OptionalLiveReloadServer.startServer(OptionalLiveReloadServer.java:61) - Unable to start LiveReload server
[16:15:44:466] [ERROR] - org.springframework.boot.diagnostics.LoggingFailureAnalysisReporter.report(LoggingFailureAnalysisReporter.java:42) - 

***************************
APPLICATION FAILED TO START
***************************

Description:

Web server failed to start. Port 8888 was already in use.

Action:

Identify and stop the process that's listening on port 8888 or configure this application to listen on another port.

[16:22:43:843] [WARN] - org.mybatis.spring.mapper.ClassPathMapperScanner.doScan(ClassPathMapperScanner.java:166) - No MyBatis mapper was found in '[com]' package. Please check your configuration.
[16:22:49:571] [WARN] - net.sf.ehcache.store.disk.DiskStorageFactory.<init>(DiskStorageFactory.java:174) - The index for data file D:\sdkserver\Tmp_EhCache\role%0043ache.data is out of date, probably due to an unclean shutdown. Deleting index file D:\sdkserver\Tmp_EhCache\role%0043ache.index
