[09:20:03:828] [ERROR] - com.common.utils.ExcelUtils.readExcel(ExcelUtils.java:149) - parse excel exception!
org.apache.poi.POIXMLException: java.lang.reflect.InvocationTargetException
	at org.apache.poi.xssf.usermodel.XSSFFactory.createDocumentPart(XSSFFactory.java:62) ~[poi-ooxml-3.13.jar:3.13]
	at org.apache.poi.POIXMLDocumentPart.read(POIXMLDocumentPart.java:465) ~[poi-ooxml-3.13.jar:3.13]
	at org.apache.poi.POIXMLDocument.load(POIXMLDocument.java:173) ~[poi-ooxml-3.13.jar:3.13]
	at org.apache.poi.xssf.usermodel.XSSFWorkbook.<init>(XSSFWorkbook.java:278) ~[poi-ooxml-3.13.jar:3.13]
	at com.common.utils.ExcelUtils.readExcel(ExcelUtils.java:65) [classes/:?]
	at com.core.system.repor.controller.ReporController.loding(ReporController.java:85) [classes/:?]
	at sun.reflect.NativeMethodAccessorImpl.invoke0(Native Method) ~[?:1.8.0_65]
	at sun.reflect.NativeMethodAccessorImpl.invoke(NativeMethodAccessorImpl.java:62) ~[?:1.8.0_65]
	at sun.reflect.DelegatingMethodAccessorImpl.invoke(DelegatingMethodAccessorImpl.java:43) ~[?:1.8.0_65]
	at java.lang.reflect.Method.invoke(Method.java:497) ~[?:1.8.0_65]
	at org.springframework.web.method.support.InvocableHandlerMethod.doInvoke(InvocableHandlerMethod.java:190) [spring-web-5.1.7.RELEASE.jar:5.1.7.RELEASE]
	at org.springframework.web.method.support.InvocableHandlerMethod.invokeForRequest(InvocableHandlerMethod.java:138) [spring-web-5.1.7.RELEASE.jar:5.1.7.RELEASE]
	at org.springframework.web.servlet.mvc.method.annotation.ServletInvocableHandlerMethod.invokeAndHandle(ServletInvocableHandlerMethod.java:104) [spring-webmvc-5.1.7.RELEASE.jar:5.1.7.RELEASE]
	at org.springframework.web.servlet.mvc.method.annotation.RequestMappingHandlerAdapter.invokeHandlerMethod(RequestMappingHandlerAdapter.java:892) [spring-webmvc-5.1.7.RELEASE.jar:5.1.7.RELEASE]
	at org.springframework.web.servlet.mvc.method.annotation.RequestMappingHandlerAdapter.handleInternal(RequestMappingHandlerAdapter.java:797) [spring-webmvc-5.1.7.RELEASE.jar:5.1.7.RELEASE]
	at org.springframework.web.servlet.mvc.method.AbstractHandlerMethodAdapter.handle(AbstractHandlerMethodAdapter.java:87) [spring-webmvc-5.1.7.RELEASE.jar:5.1.7.RELEASE]
	at org.springframework.web.servlet.DispatcherServlet.doDispatch(DispatcherServlet.java:1039) [spring-webmvc-5.1.7.RELEASE.jar:5.1.7.RELEASE]
	at org.springframework.web.servlet.DispatcherServlet.doService(DispatcherServlet.java:942) [spring-webmvc-5.1.7.RELEASE.jar:5.1.7.RELEASE]
	at org.springframework.web.servlet.FrameworkServlet.processRequest(FrameworkServlet.java:1005) [spring-webmvc-5.1.7.RELEASE.jar:5.1.7.RELEASE]
	at org.springframework.web.servlet.FrameworkServlet.doPost(FrameworkServlet.java:908) [spring-webmvc-5.1.7.RELEASE.jar:5.1.7.RELEASE]
	at javax.servlet.http.HttpServlet.service(HttpServlet.java:665) [javax.servlet-api-4.0.1.jar:4.0.1]
	at org.springframework.web.servlet.FrameworkServlet.service(FrameworkServlet.java:882) [spring-webmvc-5.1.7.RELEASE.jar:5.1.7.RELEASE]
	at javax.servlet.http.HttpServlet.service(HttpServlet.java:750) [javax.servlet-api-4.0.1.jar:4.0.1]
	at org.eclipse.jetty.servlet.ServletHolder.handle(ServletHolder.java:873) [jetty-servlet-9.4.18.v20190429.jar:9.4.18.v20190429]
	at org.eclipse.jetty.servlet.ServletHandler$CachedChain.doFilter(ServletHandler.java:1623) [jetty-servlet-9.4.18.v20190429.jar:9.4.18.v20190429]
	at org.eclipse.jetty.websocket.server.WebSocketUpgradeFilter.doFilter(WebSocketUpgradeFilter.java:214) [websocket-server-9.4.18.v20190429.jar:9.4.18.v20190429]
	at org.eclipse.jetty.servlet.ServletHandler$CachedChain.doFilter(ServletHandler.java:1610) [jetty-servlet-9.4.18.v20190429.jar:9.4.18.v20190429]
	at com.alibaba.druid.support.http.WebStatFilter.doFilter(WebStatFilter.java:123) [druid-1.1.10.jar:1.1.10]
	at org.eclipse.jetty.servlet.ServletHandler$CachedChain.doFilter(ServletHandler.java:1610) [jetty-servlet-9.4.18.v20190429.jar:9.4.18.v20190429]
	at org.springframework.web.filter.RequestContextFilter.doFilterInternal(RequestContextFilter.java:99) [spring-web-5.1.7.RELEASE.jar:5.1.7.RELEASE]
	at org.springframework.web.filter.OncePerRequestFilter.doFilter(OncePerRequestFilter.java:107) [spring-web-5.1.7.RELEASE.jar:5.1.7.RELEASE]
	at org.eclipse.jetty.servlet.ServletHandler$CachedChain.doFilter(ServletHandler.java:1610) [jetty-servlet-9.4.18.v20190429.jar:9.4.18.v20190429]
	at org.springframework.web.filter.FormContentFilter.doFilterInternal(FormContentFilter.java:92) [spring-web-5.1.7.RELEASE.jar:5.1.7.RELEASE]
	at org.springframework.web.filter.OncePerRequestFilter.doFilter(OncePerRequestFilter.java:107) [spring-web-5.1.7.RELEASE.jar:5.1.7.RELEASE]
	at org.eclipse.jetty.servlet.ServletHandler$CachedChain.doFilter(ServletHandler.java:1610) [jetty-servlet-9.4.18.v20190429.jar:9.4.18.v20190429]
	at org.springframework.web.filter.HiddenHttpMethodFilter.doFilterInternal(HiddenHttpMethodFilter.java:93) [spring-web-5.1.7.RELEASE.jar:5.1.7.RELEASE]
	at org.springframework.web.filter.OncePerRequestFilter.doFilter(OncePerRequestFilter.java:107) [spring-web-5.1.7.RELEASE.jar:5.1.7.RELEASE]
	at org.eclipse.jetty.servlet.ServletHandler$CachedChain.doFilter(ServletHandler.java:1610) [jetty-servlet-9.4.18.v20190429.jar:9.4.18.v20190429]
	at org.springframework.web.filter.CharacterEncodingFilter.doFilterInternal(CharacterEncodingFilter.java:200) [spring-web-5.1.7.RELEASE.jar:5.1.7.RELEASE]
	at org.springframework.web.filter.OncePerRequestFilter.doFilter(OncePerRequestFilter.java:107) [spring-web-5.1.7.RELEASE.jar:5.1.7.RELEASE]
	at org.eclipse.jetty.servlet.ServletHandler$CachedChain.doFilter(ServletHandler.java:1610) [jetty-servlet-9.4.18.v20190429.jar:9.4.18.v20190429]
	at org.eclipse.jetty.servlet.ServletHandler.doHandle(ServletHandler.java:540) [jetty-servlet-9.4.18.v20190429.jar:9.4.18.v20190429]
	at org.eclipse.jetty.server.handler.ScopedHandler.handle(ScopedHandler.java:146) [jetty-server-9.4.18.v20190429.jar:9.4.18.v20190429]
	at org.eclipse.jetty.security.SecurityHandler.handle(SecurityHandler.java:548) [jetty-security-9.4.18.v20190429.jar:9.4.18.v20190429]
	at org.eclipse.jetty.server.handler.HandlerWrapper.handle(HandlerWrapper.java:132) [jetty-server-9.4.18.v20190429.jar:9.4.18.v20190429]
	at org.eclipse.jetty.server.handler.ScopedHandler.nextHandle(ScopedHandler.java:257) [jetty-server-9.4.18.v20190429.jar:9.4.18.v20190429]
	at org.eclipse.jetty.server.session.SessionHandler.doHandle(SessionHandler.java:1700) [jetty-server-9.4.18.v20190429.jar:9.4.18.v20190429]
	at org.eclipse.jetty.server.handler.ScopedHandler.nextHandle(ScopedHandler.java:255) [jetty-server-9.4.18.v20190429.jar:9.4.18.v20190429]
	at org.eclipse.jetty.server.handler.ContextHandler.doHandle(ContextHandler.java:1345) [jetty-server-9.4.18.v20190429.jar:9.4.18.v20190429]
	at org.eclipse.jetty.server.handler.ScopedHandler.nextScope(ScopedHandler.java:203) [jetty-server-9.4.18.v20190429.jar:9.4.18.v20190429]
	at org.eclipse.jetty.servlet.ServletHandler.doScope(ServletHandler.java:480) [jetty-servlet-9.4.18.v20190429.jar:9.4.18.v20190429]
	at org.eclipse.jetty.server.session.SessionHandler.doScope(SessionHandler.java:1667) [jetty-server-9.4.18.v20190429.jar:9.4.18.v20190429]
	at org.eclipse.jetty.server.handler.ScopedHandler.nextScope(ScopedHandler.java:201) [jetty-server-9.4.18.v20190429.jar:9.4.18.v20190429]
	at org.eclipse.jetty.server.handler.ContextHandler.doScope(ContextHandler.java:1247) [jetty-server-9.4.18.v20190429.jar:9.4.18.v20190429]
	at org.eclipse.jetty.server.handler.ScopedHandler.handle(ScopedHandler.java:144) [jetty-server-9.4.18.v20190429.jar:9.4.18.v20190429]
	at org.eclipse.jetty.server.handler.HandlerWrapper.handle(HandlerWrapper.java:132) [jetty-server-9.4.18.v20190429.jar:9.4.18.v20190429]
	at org.eclipse.jetty.server.Server.handle(Server.java:505) [jetty-server-9.4.18.v20190429.jar:9.4.18.v20190429]
	at org.eclipse.jetty.server.HttpChannel.handle(HttpChannel.java:370) [jetty-server-9.4.18.v20190429.jar:9.4.18.v20190429]
	at org.eclipse.jetty.server.HttpConnection.onFillable(HttpConnection.java:267) [jetty-server-9.4.18.v20190429.jar:9.4.18.v20190429]
	at org.eclipse.jetty.io.AbstractConnection$ReadCallback.succeeded(AbstractConnection.java:305) [jetty-io-9.4.18.v20190429.jar:9.4.18.v20190429]
	at org.eclipse.jetty.io.FillInterest.fillable(FillInterest.java:103) [jetty-io-9.4.18.v20190429.jar:9.4.18.v20190429]
	at org.eclipse.jetty.io.ChannelEndPoint$2.run(ChannelEndPoint.java:117) [jetty-io-9.4.18.v20190429.jar:9.4.18.v20190429]
	at org.eclipse.jetty.util.thread.strategy.EatWhatYouKill.runTask(EatWhatYouKill.java:333) [jetty-util-9.4.18.v20190429.jar:9.4.18.v20190429]
	at org.eclipse.jetty.util.thread.strategy.EatWhatYouKill.doProduce(EatWhatYouKill.java:310) [jetty-util-9.4.18.v20190429.jar:9.4.18.v20190429]
	at org.eclipse.jetty.util.thread.strategy.EatWhatYouKill.tryProduce(EatWhatYouKill.java:168) [jetty-util-9.4.18.v20190429.jar:9.4.18.v20190429]
	at org.eclipse.jetty.util.thread.strategy.EatWhatYouKill.run(EatWhatYouKill.java:126) [jetty-util-9.4.18.v20190429.jar:9.4.18.v20190429]
	at org.eclipse.jetty.util.thread.ReservedThreadExecutor$ReservedThread.run(ReservedThreadExecutor.java:366) [jetty-util-9.4.18.v20190429.jar:9.4.18.v20190429]
	at org.eclipse.jetty.util.thread.QueuedThreadPool.runJob(QueuedThreadPool.java:698) [jetty-util-9.4.18.v20190429.jar:9.4.18.v20190429]
	at org.eclipse.jetty.util.thread.QueuedThreadPool$Runner.run(QueuedThreadPool.java:804) [jetty-util-9.4.18.v20190429.jar:9.4.18.v20190429]
	at java.lang.Thread.run(Thread.java:745) [?:1.8.0_65]
Caused by: java.lang.reflect.InvocationTargetException
	at sun.reflect.NativeConstructorAccessorImpl.newInstance0(Native Method) ~[?:1.8.0_65]
	at sun.reflect.NativeConstructorAccessorImpl.newInstance(NativeConstructorAccessorImpl.java:62) ~[?:1.8.0_65]
	at sun.reflect.DelegatingConstructorAccessorImpl.newInstance(DelegatingConstructorAccessorImpl.java:45) ~[?:1.8.0_65]
	at java.lang.reflect.Constructor.newInstance(Constructor.java:422) ~[?:1.8.0_65]
	at org.apache.poi.xssf.usermodel.XSSFFactory.createDocumentPart(XSSFFactory.java:60) ~[poi-ooxml-3.13.jar:3.13]
	... 69 more
Caused by: java.lang.NoClassDefFoundError: org/apache/poi/POIXMLTypeLoader
	at org.openxmlformats.schemas.drawingml.x2006.main.ThemeDocument$Factory.parse(Unknown Source) ~[poi-ooxml-schemas-3.14.jar:3.14]
	at org.apache.poi.xssf.model.ThemesTable.<init>(ThemesTable.java:83) ~[poi-ooxml-3.13.jar:3.13]
	at sun.reflect.NativeConstructorAccessorImpl.newInstance0(Native Method) ~[?:1.8.0_65]
	at sun.reflect.NativeConstructorAccessorImpl.newInstance(NativeConstructorAccessorImpl.java:62) ~[?:1.8.0_65]
	at sun.reflect.DelegatingConstructorAccessorImpl.newInstance(DelegatingConstructorAccessorImpl.java:45) ~[?:1.8.0_65]
	at java.lang.reflect.Constructor.newInstance(Constructor.java:422) ~[?:1.8.0_65]
	at org.apache.poi.xssf.usermodel.XSSFFactory.createDocumentPart(XSSFFactory.java:60) ~[poi-ooxml-3.13.jar:3.13]
	... 69 more
Caused by: java.lang.ClassNotFoundException: org.apache.poi.POIXMLTypeLoader
	at java.net.URLClassLoader.findClass(URLClassLoader.java:381) ~[?:1.8.0_65]
	at java.lang.ClassLoader.loadClass(ClassLoader.java:424) ~[?:1.8.0_65]
	at sun.misc.Launcher$AppClassLoader.loadClass(Launcher.java:331) ~[?:1.8.0_65]
	at java.lang.ClassLoader.loadClass(ClassLoader.java:357) ~[?:1.8.0_65]
	at org.openxmlformats.schemas.drawingml.x2006.main.ThemeDocument$Factory.parse(Unknown Source) ~[poi-ooxml-schemas-3.14.jar:3.14]
	at org.apache.poi.xssf.model.ThemesTable.<init>(ThemesTable.java:83) ~[poi-ooxml-3.13.jar:3.13]
	at sun.reflect.NativeConstructorAccessorImpl.newInstance0(Native Method) ~[?:1.8.0_65]
	at sun.reflect.NativeConstructorAccessorImpl.newInstance(NativeConstructorAccessorImpl.java:62) ~[?:1.8.0_65]
	at sun.reflect.DelegatingConstructorAccessorImpl.newInstance(DelegatingConstructorAccessorImpl.java:45) ~[?:1.8.0_65]
	at java.lang.reflect.Constructor.newInstance(Constructor.java:422) ~[?:1.8.0_65]
	at org.apache.poi.xssf.usermodel.XSSFFactory.createDocumentPart(XSSFFactory.java:60) ~[poi-ooxml-3.13.jar:3.13]
	... 69 more
[09:28:29:276] [ERROR] - com.common.utils.ExcelUtils.readExcel(ExcelUtils.java:149) - parse excel exception!
org.apache.poi.POIXMLException: java.lang.reflect.InvocationTargetException
	at org.apache.poi.xssf.usermodel.XSSFFactory.createDocumentPart(XSSFFactory.java:62) ~[poi-ooxml-3.13.jar:3.13]
	at org.apache.poi.POIXMLDocumentPart.read(POIXMLDocumentPart.java:465) ~[poi-ooxml-3.13.jar:3.13]
	at org.apache.poi.POIXMLDocument.load(POIXMLDocument.java:173) ~[poi-ooxml-3.13.jar:3.13]
	at org.apache.poi.xssf.usermodel.XSSFWorkbook.<init>(XSSFWorkbook.java:278) ~[poi-ooxml-3.13.jar:3.13]
	at com.common.utils.ExcelUtils.readExcel(ExcelUtils.java:65) [classes/:?]
	at com.core.system.repor.controller.ReporController.loding(ReporController.java:85) [classes/:?]
	at sun.reflect.NativeMethodAccessorImpl.invoke0(Native Method) ~[?:1.8.0_65]
	at sun.reflect.NativeMethodAccessorImpl.invoke(NativeMethodAccessorImpl.java:62) ~[?:1.8.0_65]
	at sun.reflect.DelegatingMethodAccessorImpl.invoke(DelegatingMethodAccessorImpl.java:43) ~[?:1.8.0_65]
	at java.lang.reflect.Method.invoke(Method.java:497) ~[?:1.8.0_65]
	at org.springframework.web.method.support.InvocableHandlerMethod.doInvoke(InvocableHandlerMethod.java:190) [spring-web-5.1.7.RELEASE.jar:5.1.7.RELEASE]
	at org.springframework.web.method.support.InvocableHandlerMethod.invokeForRequest(InvocableHandlerMethod.java:138) [spring-web-5.1.7.RELEASE.jar:5.1.7.RELEASE]
	at org.springframework.web.servlet.mvc.method.annotation.ServletInvocableHandlerMethod.invokeAndHandle(ServletInvocableHandlerMethod.java:104) [spring-webmvc-5.1.7.RELEASE.jar:5.1.7.RELEASE]
	at org.springframework.web.servlet.mvc.method.annotation.RequestMappingHandlerAdapter.invokeHandlerMethod(RequestMappingHandlerAdapter.java:892) [spring-webmvc-5.1.7.RELEASE.jar:5.1.7.RELEASE]
	at org.springframework.web.servlet.mvc.method.annotation.RequestMappingHandlerAdapter.handleInternal(RequestMappingHandlerAdapter.java:797) [spring-webmvc-5.1.7.RELEASE.jar:5.1.7.RELEASE]
	at org.springframework.web.servlet.mvc.method.AbstractHandlerMethodAdapter.handle(AbstractHandlerMethodAdapter.java:87) [spring-webmvc-5.1.7.RELEASE.jar:5.1.7.RELEASE]
	at org.springframework.web.servlet.DispatcherServlet.doDispatch(DispatcherServlet.java:1039) [spring-webmvc-5.1.7.RELEASE.jar:5.1.7.RELEASE]
	at org.springframework.web.servlet.DispatcherServlet.doService(DispatcherServlet.java:942) [spring-webmvc-5.1.7.RELEASE.jar:5.1.7.RELEASE]
	at org.springframework.web.servlet.FrameworkServlet.processRequest(FrameworkServlet.java:1005) [spring-webmvc-5.1.7.RELEASE.jar:5.1.7.RELEASE]
	at org.springframework.web.servlet.FrameworkServlet.doPost(FrameworkServlet.java:908) [spring-webmvc-5.1.7.RELEASE.jar:5.1.7.RELEASE]
	at javax.servlet.http.HttpServlet.service(HttpServlet.java:665) [javax.servlet-api-4.0.1.jar:4.0.1]
	at org.springframework.web.servlet.FrameworkServlet.service(FrameworkServlet.java:882) [spring-webmvc-5.1.7.RELEASE.jar:5.1.7.RELEASE]
	at javax.servlet.http.HttpServlet.service(HttpServlet.java:750) [javax.servlet-api-4.0.1.jar:4.0.1]
	at org.eclipse.jetty.servlet.ServletHolder.handle(ServletHolder.java:873) [jetty-servlet-9.4.18.v20190429.jar:9.4.18.v20190429]
	at org.eclipse.jetty.servlet.ServletHandler$CachedChain.doFilter(ServletHandler.java:1623) [jetty-servlet-9.4.18.v20190429.jar:9.4.18.v20190429]
	at org.eclipse.jetty.websocket.server.WebSocketUpgradeFilter.doFilter(WebSocketUpgradeFilter.java:214) [websocket-server-9.4.18.v20190429.jar:9.4.18.v20190429]
	at org.eclipse.jetty.servlet.ServletHandler$CachedChain.doFilter(ServletHandler.java:1610) [jetty-servlet-9.4.18.v20190429.jar:9.4.18.v20190429]
	at com.alibaba.druid.support.http.WebStatFilter.doFilter(WebStatFilter.java:123) [druid-1.1.10.jar:1.1.10]
	at org.eclipse.jetty.servlet.ServletHandler$CachedChain.doFilter(ServletHandler.java:1610) [jetty-servlet-9.4.18.v20190429.jar:9.4.18.v20190429]
	at org.springframework.web.filter.RequestContextFilter.doFilterInternal(RequestContextFilter.java:99) [spring-web-5.1.7.RELEASE.jar:5.1.7.RELEASE]
	at org.springframework.web.filter.OncePerRequestFilter.doFilter(OncePerRequestFilter.java:107) [spring-web-5.1.7.RELEASE.jar:5.1.7.RELEASE]
	at org.eclipse.jetty.servlet.ServletHandler$CachedChain.doFilter(ServletHandler.java:1610) [jetty-servlet-9.4.18.v20190429.jar:9.4.18.v20190429]
	at org.springframework.web.filter.FormContentFilter.doFilterInternal(FormContentFilter.java:92) [spring-web-5.1.7.RELEASE.jar:5.1.7.RELEASE]
	at org.springframework.web.filter.OncePerRequestFilter.doFilter(OncePerRequestFilter.java:107) [spring-web-5.1.7.RELEASE.jar:5.1.7.RELEASE]
	at org.eclipse.jetty.servlet.ServletHandler$CachedChain.doFilter(ServletHandler.java:1610) [jetty-servlet-9.4.18.v20190429.jar:9.4.18.v20190429]
	at org.springframework.web.filter.HiddenHttpMethodFilter.doFilterInternal(HiddenHttpMethodFilter.java:93) [spring-web-5.1.7.RELEASE.jar:5.1.7.RELEASE]
	at org.springframework.web.filter.OncePerRequestFilter.doFilter(OncePerRequestFilter.java:107) [spring-web-5.1.7.RELEASE.jar:5.1.7.RELEASE]
	at org.eclipse.jetty.servlet.ServletHandler$CachedChain.doFilter(ServletHandler.java:1610) [jetty-servlet-9.4.18.v20190429.jar:9.4.18.v20190429]
	at org.springframework.web.filter.CharacterEncodingFilter.doFilterInternal(CharacterEncodingFilter.java:200) [spring-web-5.1.7.RELEASE.jar:5.1.7.RELEASE]
	at org.springframework.web.filter.OncePerRequestFilter.doFilter(OncePerRequestFilter.java:107) [spring-web-5.1.7.RELEASE.jar:5.1.7.RELEASE]
	at org.eclipse.jetty.servlet.ServletHandler$CachedChain.doFilter(ServletHandler.java:1610) [jetty-servlet-9.4.18.v20190429.jar:9.4.18.v20190429]
	at org.eclipse.jetty.servlet.ServletHandler.doHandle(ServletHandler.java:540) [jetty-servlet-9.4.18.v20190429.jar:9.4.18.v20190429]
	at org.eclipse.jetty.server.handler.ScopedHandler.handle(ScopedHandler.java:146) [jetty-server-9.4.18.v20190429.jar:9.4.18.v20190429]
	at org.eclipse.jetty.security.SecurityHandler.handle(SecurityHandler.java:548) [jetty-security-9.4.18.v20190429.jar:9.4.18.v20190429]
	at org.eclipse.jetty.server.handler.HandlerWrapper.handle(HandlerWrapper.java:132) [jetty-server-9.4.18.v20190429.jar:9.4.18.v20190429]
	at org.eclipse.jetty.server.handler.ScopedHandler.nextHandle(ScopedHandler.java:257) [jetty-server-9.4.18.v20190429.jar:9.4.18.v20190429]
	at org.eclipse.jetty.server.session.SessionHandler.doHandle(SessionHandler.java:1700) [jetty-server-9.4.18.v20190429.jar:9.4.18.v20190429]
	at org.eclipse.jetty.server.handler.ScopedHandler.nextHandle(ScopedHandler.java:255) [jetty-server-9.4.18.v20190429.jar:9.4.18.v20190429]
	at org.eclipse.jetty.server.handler.ContextHandler.doHandle(ContextHandler.java:1345) [jetty-server-9.4.18.v20190429.jar:9.4.18.v20190429]
	at org.eclipse.jetty.server.handler.ScopedHandler.nextScope(ScopedHandler.java:203) [jetty-server-9.4.18.v20190429.jar:9.4.18.v20190429]
	at org.eclipse.jetty.servlet.ServletHandler.doScope(ServletHandler.java:480) [jetty-servlet-9.4.18.v20190429.jar:9.4.18.v20190429]
	at org.eclipse.jetty.server.session.SessionHandler.doScope(SessionHandler.java:1667) [jetty-server-9.4.18.v20190429.jar:9.4.18.v20190429]
	at org.eclipse.jetty.server.handler.ScopedHandler.nextScope(ScopedHandler.java:201) [jetty-server-9.4.18.v20190429.jar:9.4.18.v20190429]
	at org.eclipse.jetty.server.handler.ContextHandler.doScope(ContextHandler.java:1247) [jetty-server-9.4.18.v20190429.jar:9.4.18.v20190429]
	at org.eclipse.jetty.server.handler.ScopedHandler.handle(ScopedHandler.java:144) [jetty-server-9.4.18.v20190429.jar:9.4.18.v20190429]
	at org.eclipse.jetty.server.handler.HandlerWrapper.handle(HandlerWrapper.java:132) [jetty-server-9.4.18.v20190429.jar:9.4.18.v20190429]
	at org.eclipse.jetty.server.Server.handle(Server.java:505) [jetty-server-9.4.18.v20190429.jar:9.4.18.v20190429]
	at org.eclipse.jetty.server.HttpChannel.handle(HttpChannel.java:370) [jetty-server-9.4.18.v20190429.jar:9.4.18.v20190429]
	at org.eclipse.jetty.server.HttpConnection.onFillable(HttpConnection.java:267) [jetty-server-9.4.18.v20190429.jar:9.4.18.v20190429]
	at org.eclipse.jetty.io.AbstractConnection$ReadCallback.succeeded(AbstractConnection.java:305) [jetty-io-9.4.18.v20190429.jar:9.4.18.v20190429]
	at org.eclipse.jetty.io.FillInterest.fillable(FillInterest.java:103) [jetty-io-9.4.18.v20190429.jar:9.4.18.v20190429]
	at org.eclipse.jetty.io.ChannelEndPoint$2.run(ChannelEndPoint.java:117) [jetty-io-9.4.18.v20190429.jar:9.4.18.v20190429]
	at org.eclipse.jetty.util.thread.strategy.EatWhatYouKill.runTask(EatWhatYouKill.java:333) [jetty-util-9.4.18.v20190429.jar:9.4.18.v20190429]
	at org.eclipse.jetty.util.thread.strategy.EatWhatYouKill.doProduce(EatWhatYouKill.java:310) [jetty-util-9.4.18.v20190429.jar:9.4.18.v20190429]
	at org.eclipse.jetty.util.thread.strategy.EatWhatYouKill.tryProduce(EatWhatYouKill.java:168) [jetty-util-9.4.18.v20190429.jar:9.4.18.v20190429]
	at org.eclipse.jetty.util.thread.strategy.EatWhatYouKill.run(EatWhatYouKill.java:126) [jetty-util-9.4.18.v20190429.jar:9.4.18.v20190429]
	at org.eclipse.jetty.util.thread.ReservedThreadExecutor$ReservedThread.run(ReservedThreadExecutor.java:366) [jetty-util-9.4.18.v20190429.jar:9.4.18.v20190429]
	at org.eclipse.jetty.util.thread.QueuedThreadPool.runJob(QueuedThreadPool.java:698) [jetty-util-9.4.18.v20190429.jar:9.4.18.v20190429]
	at org.eclipse.jetty.util.thread.QueuedThreadPool$Runner.run(QueuedThreadPool.java:804) [jetty-util-9.4.18.v20190429.jar:9.4.18.v20190429]
	at java.lang.Thread.run(Thread.java:745) [?:1.8.0_65]
Caused by: java.lang.reflect.InvocationTargetException
	at sun.reflect.NativeConstructorAccessorImpl.newInstance0(Native Method) ~[?:1.8.0_65]
	at sun.reflect.NativeConstructorAccessorImpl.newInstance(NativeConstructorAccessorImpl.java:62) ~[?:1.8.0_65]
	at sun.reflect.DelegatingConstructorAccessorImpl.newInstance(DelegatingConstructorAccessorImpl.java:45) ~[?:1.8.0_65]
	at java.lang.reflect.Constructor.newInstance(Constructor.java:422) ~[?:1.8.0_65]
	at org.apache.poi.xssf.usermodel.XSSFFactory.createDocumentPart(XSSFFactory.java:60) ~[poi-ooxml-3.13.jar:3.13]
	... 69 more
Caused by: java.lang.NoClassDefFoundError: org/apache/poi/POIXMLTypeLoader
	at org.openxmlformats.schemas.drawingml.x2006.main.ThemeDocument$Factory.parse(Unknown Source) ~[poi-ooxml-schemas-3.14.jar:3.14]
	at org.apache.poi.xssf.model.ThemesTable.<init>(ThemesTable.java:83) ~[poi-ooxml-3.13.jar:3.13]
	at sun.reflect.NativeConstructorAccessorImpl.newInstance0(Native Method) ~[?:1.8.0_65]
	at sun.reflect.NativeConstructorAccessorImpl.newInstance(NativeConstructorAccessorImpl.java:62) ~[?:1.8.0_65]
	at sun.reflect.DelegatingConstructorAccessorImpl.newInstance(DelegatingConstructorAccessorImpl.java:45) ~[?:1.8.0_65]
	at java.lang.reflect.Constructor.newInstance(Constructor.java:422) ~[?:1.8.0_65]
	at org.apache.poi.xssf.usermodel.XSSFFactory.createDocumentPart(XSSFFactory.java:60) ~[poi-ooxml-3.13.jar:3.13]
	... 69 more
Caused by: java.lang.ClassNotFoundException: org.apache.poi.POIXMLTypeLoader
	at java.net.URLClassLoader.findClass(URLClassLoader.java:381) ~[?:1.8.0_65]
	at java.lang.ClassLoader.loadClass(ClassLoader.java:424) ~[?:1.8.0_65]
	at sun.misc.Launcher$AppClassLoader.loadClass(Launcher.java:331) ~[?:1.8.0_65]
	at java.lang.ClassLoader.loadClass(ClassLoader.java:357) ~[?:1.8.0_65]
	at org.openxmlformats.schemas.drawingml.x2006.main.ThemeDocument$Factory.parse(Unknown Source) ~[poi-ooxml-schemas-3.14.jar:3.14]
	at org.apache.poi.xssf.model.ThemesTable.<init>(ThemesTable.java:83) ~[poi-ooxml-3.13.jar:3.13]
	at sun.reflect.NativeConstructorAccessorImpl.newInstance0(Native Method) ~[?:1.8.0_65]
	at sun.reflect.NativeConstructorAccessorImpl.newInstance(NativeConstructorAccessorImpl.java:62) ~[?:1.8.0_65]
	at sun.reflect.DelegatingConstructorAccessorImpl.newInstance(DelegatingConstructorAccessorImpl.java:45) ~[?:1.8.0_65]
	at java.lang.reflect.Constructor.newInstance(Constructor.java:422) ~[?:1.8.0_65]
	at org.apache.poi.xssf.usermodel.XSSFFactory.createDocumentPart(XSSFFactory.java:60) ~[poi-ooxml-3.13.jar:3.13]
	... 69 more
