[08:44:19:880] [INFO] - org.springframework.boot.StartupInfoLogger.logStarting(StartupInfoLogger.java:50) - Starting ServerClientApplication on DESKTOP-JLO12NJ with PID 13736 (D:\sdkserver\target\classes started by admin in D:\sdkserver)
[08:44:19:906] [INFO] - org.springframework.boot.SpringApplication.logStartupProfileInfo(SpringApplication.java:675) - No active profile set, falling back to default profiles: default
[08:44:19:985] [INFO] - org.springframework.boot.logging.DeferredLog.logTo(DeferredLog.java:227) - Devtools property defaults active! Set 'spring.devtools.add-properties' to 'false' to disable
[08:44:19:985] [INFO] - org.springframework.boot.logging.DeferredLog.logTo(DeferredLog.java:227) - For additional web related logging consider setting the 'logging.level.web' property to 'DEBUG'
[08:44:26:245] [WARN] - org.mybatis.spring.mapper.ClassPathMapperScanner.doScan(ClassPathMapperScanner.java:166) - No MyBatis mapper was found in '[com]' package. Please check your configuration.
[08:44:26:413] [INFO] - org.springframework.context.annotation.ConfigurationClassPostProcessor.enhanceConfigurationClasses(ConfigurationClassPostProcessor.java:380) - Cannot enhance @Configuration bean definition 'mapperScannerConfig' since its singleton instance has been created too early. The typical cause is a non-static @Bean method with a BeanDefinitionRegistryPostProcessor return type: Consider declaring such methods as 'static'.
[08:44:28:382] [INFO] - org.springframework.boot.web.embedded.jetty.JettyServletWebServerFactory.getWebServer(JettyServletWebServerFactory.java:143) - Server initialized with port: 8888
[08:44:28:418] [INFO] - org.springframework.boot.web.servlet.context.ServletWebServerApplicationContext.prepareWebApplicationContext(ServletWebServerApplicationContext.java:296) - Root WebApplicationContext: initialization completed in 8432 ms
[08:44:29:369] [INFO] - org.springframework.cache.ehcache.EhCacheManagerFactoryBean.afterPropertiesSet(EhCacheManagerFactoryBean.java:134) - Initializing EhCache CacheManager
[08:44:30:149] [INFO] - org.springframework.scheduling.concurrent.ExecutorConfigurationSupport.initialize(ExecutorConfigurationSupport.java:171) - Initializing ExecutorService 'applicationTaskExecutor'
[08:44:31:016] [INFO] - com.alibaba.druid.pool.DruidDataSource.init(DruidDataSource.java:930) - {dataSource-1} inited
[08:44:31:070] [INFO] - org.quartz.impl.StdSchedulerFactory.instantiate(StdSchedulerFactory.java:1208) - Using default implementation for ThreadExecutor
[08:44:31:087] [INFO] - org.quartz.core.SchedulerSignalerImpl.<init>(SchedulerSignalerImpl.java:61) - Initialized Scheduler Signaller of type: class org.quartz.core.SchedulerSignalerImpl
[08:44:31:088] [INFO] - org.quartz.core.QuartzScheduler.<init>(QuartzScheduler.java:229) - Quartz Scheduler v.2.3.1 created.
[08:44:31:088] [INFO] - org.quartz.simpl.RAMJobStore.initialize(RAMJobStore.java:155) - RAMJobStore initialized.
[08:44:31:089] [INFO] - org.quartz.core.QuartzScheduler.initialize(QuartzScheduler.java:294) - Scheduler meta-data: Quartz Scheduler (v2.3.1) 'quartzScheduler' with instanceId 'NON_CLUSTERED'
  Scheduler class: 'org.quartz.core.QuartzScheduler' - running locally.
  NOT STARTED.
  Currently in standby mode.
  Number of jobs executed: 0
  Using thread pool 'org.quartz.simpl.SimpleThreadPool' - with 10 threads.
  Using job-store 'org.quartz.simpl.RAMJobStore' - which does not support persistence. and is not clustered.

[08:44:31:090] [INFO] - org.quartz.impl.StdSchedulerFactory.instantiate(StdSchedulerFactory.java:1362) - Quartz scheduler 'quartzScheduler' initialized from an externally provided properties instance.
[08:44:31:090] [INFO] - org.quartz.impl.StdSchedulerFactory.instantiate(StdSchedulerFactory.java:1366) - Quartz scheduler version: 2.3.1
[08:44:31:091] [INFO] - org.quartz.core.QuartzScheduler.setJobFactory(QuartzScheduler.java:2293) - JobFactory set to: org.springframework.scheduling.quartz.SpringBeanJobFactory@4540d1be
[08:44:31:160] [INFO] - org.springframework.boot.devtools.autoconfigure.OptionalLiveReloadServer.startServer(OptionalLiveReloadServer.java:57) - LiveReload server is running on port 35729
[08:44:31:271] [INFO] - org.springframework.scheduling.quartz.SchedulerFactoryBean.startScheduler(SchedulerFactoryBean.java:726) - Starting Quartz Scheduler now
[08:44:31:271] [INFO] - org.quartz.core.QuartzScheduler.start(QuartzScheduler.java:547) - Scheduler quartzScheduler_$_NON_CLUSTERED started.
[08:44:31:334] [INFO] - org.springframework.web.servlet.FrameworkServlet.initServletBean(FrameworkServlet.java:524) - Initializing Servlet 'dispatcherServlet'
[08:44:31:347] [INFO] - org.springframework.web.servlet.FrameworkServlet.initServletBean(FrameworkServlet.java:546) - Completed initialization in 12 ms
[08:44:31:395] [INFO] - org.springframework.boot.web.embedded.jetty.JettyWebServer.start(JettyWebServer.java:159) - Jetty started on port(s) 8888 (http/1.1) with context path '/sbox'
[08:44:31:400] [INFO] - org.springframework.boot.StartupInfoLogger.logStarted(StartupInfoLogger.java:59) - Started ServerClientApplication in 12.45 seconds (JVM running for 17.435)
[09:26:47:508] [INFO] - org.springframework.boot.StartupInfoLogger.logStarting(StartupInfoLogger.java:50) - Starting ServerClientApplication on DESKTOP-JLO12NJ with PID 13348 (D:\sdkserver\target\classes started by admin in D:\sdkserver)
[09:26:47:520] [INFO] - org.springframework.boot.SpringApplication.logStartupProfileInfo(SpringApplication.java:675) - No active profile set, falling back to default profiles: default
[09:26:47:585] [INFO] - org.springframework.boot.logging.DeferredLog.logTo(DeferredLog.java:227) - Devtools property defaults active! Set 'spring.devtools.add-properties' to 'false' to disable
[09:26:47:585] [INFO] - org.springframework.boot.logging.DeferredLog.logTo(DeferredLog.java:227) - For additional web related logging consider setting the 'logging.level.web' property to 'DEBUG'
[09:26:54:670] [WARN] - org.mybatis.spring.mapper.ClassPathMapperScanner.doScan(ClassPathMapperScanner.java:166) - No MyBatis mapper was found in '[com]' package. Please check your configuration.
[09:26:54:855] [INFO] - org.springframework.context.annotation.ConfigurationClassPostProcessor.enhanceConfigurationClasses(ConfigurationClassPostProcessor.java:380) - Cannot enhance @Configuration bean definition 'mapperScannerConfig' since its singleton instance has been created too early. The typical cause is a non-static @Bean method with a BeanDefinitionRegistryPostProcessor return type: Consider declaring such methods as 'static'.
[09:26:56:623] [INFO] - org.springframework.boot.web.embedded.jetty.JettyServletWebServerFactory.getWebServer(JettyServletWebServerFactory.java:143) - Server initialized with port: 8888
[09:26:56:670] [INFO] - org.springframework.boot.web.servlet.context.ServletWebServerApplicationContext.prepareWebApplicationContext(ServletWebServerApplicationContext.java:296) - Root WebApplicationContext: initialization completed in 9085 ms
[09:26:57:856] [INFO] - org.springframework.cache.ehcache.EhCacheManagerFactoryBean.afterPropertiesSet(EhCacheManagerFactoryBean.java:134) - Initializing EhCache CacheManager
[09:26:58:844] [INFO] - org.springframework.scheduling.concurrent.ExecutorConfigurationSupport.initialize(ExecutorConfigurationSupport.java:171) - Initializing ExecutorService 'applicationTaskExecutor'
[09:26:59:760] [INFO] - com.alibaba.druid.pool.DruidDataSource.init(DruidDataSource.java:930) - {dataSource-1} inited
[09:26:59:819] [INFO] - org.quartz.impl.StdSchedulerFactory.instantiate(StdSchedulerFactory.java:1208) - Using default implementation for ThreadExecutor
[09:26:59:837] [INFO] - org.quartz.core.SchedulerSignalerImpl.<init>(SchedulerSignalerImpl.java:61) - Initialized Scheduler Signaller of type: class org.quartz.core.SchedulerSignalerImpl
[09:26:59:838] [INFO] - org.quartz.core.QuartzScheduler.<init>(QuartzScheduler.java:229) - Quartz Scheduler v.2.3.1 created.
[09:26:59:839] [INFO] - org.quartz.simpl.RAMJobStore.initialize(RAMJobStore.java:155) - RAMJobStore initialized.
[09:26:59:840] [INFO] - org.quartz.core.QuartzScheduler.initialize(QuartzScheduler.java:294) - Scheduler meta-data: Quartz Scheduler (v2.3.1) 'quartzScheduler' with instanceId 'NON_CLUSTERED'
  Scheduler class: 'org.quartz.core.QuartzScheduler' - running locally.
  NOT STARTED.
  Currently in standby mode.
  Number of jobs executed: 0
  Using thread pool 'org.quartz.simpl.SimpleThreadPool' - with 10 threads.
  Using job-store 'org.quartz.simpl.RAMJobStore' - which does not support persistence. and is not clustered.

[09:26:59:841] [INFO] - org.quartz.impl.StdSchedulerFactory.instantiate(StdSchedulerFactory.java:1362) - Quartz scheduler 'quartzScheduler' initialized from an externally provided properties instance.
[09:26:59:842] [INFO] - org.quartz.impl.StdSchedulerFactory.instantiate(StdSchedulerFactory.java:1366) - Quartz scheduler version: 2.3.1
[09:26:59:842] [INFO] - org.quartz.core.QuartzScheduler.setJobFactory(QuartzScheduler.java:2293) - JobFactory set to: org.springframework.scheduling.quartz.SpringBeanJobFactory@c1cf978
[09:26:59:909] [INFO] - org.springframework.boot.devtools.autoconfigure.OptionalLiveReloadServer.startServer(OptionalLiveReloadServer.java:57) - LiveReload server is running on port 35729
[09:27:00:016] [INFO] - org.springframework.scheduling.quartz.SchedulerFactoryBean.startScheduler(SchedulerFactoryBean.java:726) - Starting Quartz Scheduler now
[09:27:00:016] [INFO] - org.quartz.core.QuartzScheduler.start(QuartzScheduler.java:547) - Scheduler quartzScheduler_$_NON_CLUSTERED started.
[09:27:00:065] [INFO] - org.springframework.web.servlet.FrameworkServlet.initServletBean(FrameworkServlet.java:524) - Initializing Servlet 'dispatcherServlet'
[09:27:00:074] [INFO] - org.springframework.web.servlet.FrameworkServlet.initServletBean(FrameworkServlet.java:546) - Completed initialization in 9 ms
[09:27:00:129] [INFO] - org.springframework.boot.web.embedded.jetty.JettyWebServer.start(JettyWebServer.java:159) - Jetty started on port(s) 8888 (http/1.1) with context path '/sbox'
[09:27:00:133] [INFO] - org.springframework.boot.StartupInfoLogger.logStarted(StartupInfoLogger.java:59) - Started ServerClientApplication in 13.295 seconds (JVM running for 17.461)
[09:28:59:306] [INFO] - org.springframework.boot.StartupInfoLogger.logStarting(StartupInfoLogger.java:50) - Starting ServerClientApplication on DESKTOP-JLO12NJ with PID 10552 (D:\sdkserver\target\classes started by admin in D:\sdkserver)
[09:28:59:326] [INFO] - org.springframework.boot.SpringApplication.logStartupProfileInfo(SpringApplication.java:675) - No active profile set, falling back to default profiles: default
[09:28:59:450] [INFO] - org.springframework.boot.logging.DeferredLog.logTo(DeferredLog.java:227) - Devtools property defaults active! Set 'spring.devtools.add-properties' to 'false' to disable
[09:28:59:451] [INFO] - org.springframework.boot.logging.DeferredLog.logTo(DeferredLog.java:227) - For additional web related logging consider setting the 'logging.level.web' property to 'DEBUG'
[09:29:07:518] [WARN] - org.mybatis.spring.mapper.ClassPathMapperScanner.doScan(ClassPathMapperScanner.java:166) - No MyBatis mapper was found in '[com]' package. Please check your configuration.
[09:29:07:814] [INFO] - org.springframework.context.annotation.ConfigurationClassPostProcessor.enhanceConfigurationClasses(ConfigurationClassPostProcessor.java:380) - Cannot enhance @Configuration bean definition 'mapperScannerConfig' since its singleton instance has been created too early. The typical cause is a non-static @Bean method with a BeanDefinitionRegistryPostProcessor return type: Consider declaring such methods as 'static'.
[09:29:10:514] [INFO] - org.springframework.boot.web.embedded.jetty.JettyServletWebServerFactory.getWebServer(JettyServletWebServerFactory.java:143) - Server initialized with port: 8888
[09:29:10:573] [INFO] - org.springframework.boot.web.servlet.context.ServletWebServerApplicationContext.prepareWebApplicationContext(ServletWebServerApplicationContext.java:296) - Root WebApplicationContext: initialization completed in 11121 ms
[09:29:11:962] [INFO] - org.springframework.cache.ehcache.EhCacheManagerFactoryBean.afterPropertiesSet(EhCacheManagerFactoryBean.java:134) - Initializing EhCache CacheManager
[09:29:13:876] [INFO] - org.springframework.scheduling.concurrent.ExecutorConfigurationSupport.initialize(ExecutorConfigurationSupport.java:171) - Initializing ExecutorService 'applicationTaskExecutor'
[09:29:14:908] [INFO] - com.alibaba.druid.pool.DruidDataSource.init(DruidDataSource.java:930) - {dataSource-1} inited
[09:29:15:274] [INFO] - org.quartz.impl.StdSchedulerFactory.instantiate(StdSchedulerFactory.java:1208) - Using default implementation for ThreadExecutor
[09:29:15:309] [INFO] - org.quartz.core.SchedulerSignalerImpl.<init>(SchedulerSignalerImpl.java:61) - Initialized Scheduler Signaller of type: class org.quartz.core.SchedulerSignalerImpl
[09:29:15:309] [INFO] - org.quartz.core.QuartzScheduler.<init>(QuartzScheduler.java:229) - Quartz Scheduler v.2.3.1 created.
[09:29:15:312] [INFO] - org.quartz.simpl.RAMJobStore.initialize(RAMJobStore.java:155) - RAMJobStore initialized.
[09:29:15:313] [INFO] - org.quartz.core.QuartzScheduler.initialize(QuartzScheduler.java:294) - Scheduler meta-data: Quartz Scheduler (v2.3.1) 'quartzScheduler' with instanceId 'NON_CLUSTERED'
  Scheduler class: 'org.quartz.core.QuartzScheduler' - running locally.
  NOT STARTED.
  Currently in standby mode.
  Number of jobs executed: 0
  Using thread pool 'org.quartz.simpl.SimpleThreadPool' - with 10 threads.
  Using job-store 'org.quartz.simpl.RAMJobStore' - which does not support persistence. and is not clustered.

[09:29:15:314] [INFO] - org.quartz.impl.StdSchedulerFactory.instantiate(StdSchedulerFactory.java:1362) - Quartz scheduler 'quartzScheduler' initialized from an externally provided properties instance.
[09:29:15:314] [INFO] - org.quartz.impl.StdSchedulerFactory.instantiate(StdSchedulerFactory.java:1366) - Quartz scheduler version: 2.3.1
[09:29:15:314] [INFO] - org.quartz.core.QuartzScheduler.setJobFactory(QuartzScheduler.java:2293) - JobFactory set to: org.springframework.scheduling.quartz.SpringBeanJobFactory@7be7a3da
[09:29:15:412] [INFO] - org.springframework.boot.devtools.autoconfigure.OptionalLiveReloadServer.startServer(OptionalLiveReloadServer.java:57) - LiveReload server is running on port 35729
[09:29:15:570] [INFO] - org.springframework.scheduling.quartz.SchedulerFactoryBean.startScheduler(SchedulerFactoryBean.java:726) - Starting Quartz Scheduler now
[09:29:15:571] [INFO] - org.quartz.core.QuartzScheduler.start(QuartzScheduler.java:547) - Scheduler quartzScheduler_$_NON_CLUSTERED started.
[09:29:15:625] [INFO] - org.springframework.web.servlet.FrameworkServlet.initServletBean(FrameworkServlet.java:524) - Initializing Servlet 'dispatcherServlet'
[09:29:15:634] [INFO] - org.springframework.web.servlet.FrameworkServlet.initServletBean(FrameworkServlet.java:546) - Completed initialization in 9 ms
[09:29:15:704] [INFO] - org.springframework.boot.web.embedded.jetty.JettyWebServer.start(JettyWebServer.java:159) - Jetty started on port(s) 8888 (http/1.1) with context path '/sbox'
[09:29:15:714] [INFO] - org.springframework.boot.StartupInfoLogger.logStarted(StartupInfoLogger.java:59) - Started ServerClientApplication in 17.385 seconds (JVM running for 23.546)
[09:30:02:685] [INFO] - org.quartz.core.QuartzScheduler.standby(QuartzScheduler.java:585) - Scheduler quartzScheduler_$_NON_CLUSTERED paused.
[09:30:02:809] [INFO] - org.springframework.scheduling.quartz.SchedulerFactoryBean.destroy(SchedulerFactoryBean.java:844) - Shutting down Quartz Scheduler
[09:30:02:816] [INFO] - org.quartz.core.QuartzScheduler.shutdown(QuartzScheduler.java:666) - Scheduler quartzScheduler_$_NON_CLUSTERED shutting down.
[09:30:02:818] [INFO] - org.quartz.core.QuartzScheduler.standby(QuartzScheduler.java:585) - Scheduler quartzScheduler_$_NON_CLUSTERED paused.
[09:30:02:833] [INFO] - org.quartz.core.QuartzScheduler.shutdown(QuartzScheduler.java:740) - Scheduler quartzScheduler_$_NON_CLUSTERED shutdown complete.
[09:30:02:897] [INFO] - org.springframework.scheduling.concurrent.ExecutorConfigurationSupport.shutdown(ExecutorConfigurationSupport.java:208) - Shutting down ExecutorService 'applicationTaskExecutor'
[09:30:02:931] [INFO] - org.springframework.cache.ehcache.EhCacheManagerFactoryBean.destroy(EhCacheManagerFactoryBean.java:192) - Shutting down EhCache CacheManager
[09:30:04:103] [INFO] - com.alibaba.druid.pool.DruidDataSource.close(DruidDataSource.java:1825) - {dataSource-1} closed
[09:30:16:787] [INFO] - org.springframework.boot.StartupInfoLogger.logStarting(StartupInfoLogger.java:50) - Starting ServerClientApplication on DESKTOP-JLO12NJ with PID 15128 (D:\sdkserver\target\classes started by admin in D:\sdkserver)
[09:30:16:801] [INFO] - org.springframework.boot.SpringApplication.logStartupProfileInfo(SpringApplication.java:675) - No active profile set, falling back to default profiles: default
[09:30:16:876] [INFO] - org.springframework.boot.logging.DeferredLog.logTo(DeferredLog.java:227) - Devtools property defaults active! Set 'spring.devtools.add-properties' to 'false' to disable
[09:30:16:877] [INFO] - org.springframework.boot.logging.DeferredLog.logTo(DeferredLog.java:227) - For additional web related logging consider setting the 'logging.level.web' property to 'DEBUG'
[09:30:24:171] [WARN] - org.mybatis.spring.mapper.ClassPathMapperScanner.doScan(ClassPathMapperScanner.java:166) - No MyBatis mapper was found in '[com]' package. Please check your configuration.
[09:30:24:514] [INFO] - org.springframework.context.annotation.ConfigurationClassPostProcessor.enhanceConfigurationClasses(ConfigurationClassPostProcessor.java:380) - Cannot enhance @Configuration bean definition 'mapperScannerConfig' since its singleton instance has been created too early. The typical cause is a non-static @Bean method with a BeanDefinitionRegistryPostProcessor return type: Consider declaring such methods as 'static'.
[09:30:26:831] [INFO] - org.springframework.boot.web.embedded.jetty.JettyServletWebServerFactory.getWebServer(JettyServletWebServerFactory.java:143) - Server initialized with port: 8888
[09:30:26:884] [INFO] - org.springframework.boot.web.servlet.context.ServletWebServerApplicationContext.prepareWebApplicationContext(ServletWebServerApplicationContext.java:296) - Root WebApplicationContext: initialization completed in 10007 ms
[09:30:30:826] [INFO] - org.springframework.cache.ehcache.EhCacheManagerFactoryBean.afterPropertiesSet(EhCacheManagerFactoryBean.java:134) - Initializing EhCache CacheManager
[09:30:32:211] [INFO] - org.springframework.scheduling.concurrent.ExecutorConfigurationSupport.initialize(ExecutorConfigurationSupport.java:171) - Initializing ExecutorService 'applicationTaskExecutor'
[09:30:33:782] [INFO] - com.alibaba.druid.pool.DruidDataSource.init(DruidDataSource.java:930) - {dataSource-1} inited
[09:30:33:866] [INFO] - org.quartz.impl.StdSchedulerFactory.instantiate(StdSchedulerFactory.java:1208) - Using default implementation for ThreadExecutor
[09:30:33:888] [INFO] - org.quartz.core.SchedulerSignalerImpl.<init>(SchedulerSignalerImpl.java:61) - Initialized Scheduler Signaller of type: class org.quartz.core.SchedulerSignalerImpl
[09:30:33:888] [INFO] - org.quartz.core.QuartzScheduler.<init>(QuartzScheduler.java:229) - Quartz Scheduler v.2.3.1 created.
[09:30:33:889] [INFO] - org.quartz.simpl.RAMJobStore.initialize(RAMJobStore.java:155) - RAMJobStore initialized.
[09:30:33:890] [INFO] - org.quartz.core.QuartzScheduler.initialize(QuartzScheduler.java:294) - Scheduler meta-data: Quartz Scheduler (v2.3.1) 'quartzScheduler' with instanceId 'NON_CLUSTERED'
  Scheduler class: 'org.quartz.core.QuartzScheduler' - running locally.
  NOT STARTED.
  Currently in standby mode.
  Number of jobs executed: 0
  Using thread pool 'org.quartz.simpl.SimpleThreadPool' - with 10 threads.
  Using job-store 'org.quartz.simpl.RAMJobStore' - which does not support persistence. and is not clustered.

[09:30:33:891] [INFO] - org.quartz.impl.StdSchedulerFactory.instantiate(StdSchedulerFactory.java:1362) - Quartz scheduler 'quartzScheduler' initialized from an externally provided properties instance.
[09:30:33:891] [INFO] - org.quartz.impl.StdSchedulerFactory.instantiate(StdSchedulerFactory.java:1366) - Quartz scheduler version: 2.3.1
[09:30:33:891] [INFO] - org.quartz.core.QuartzScheduler.setJobFactory(QuartzScheduler.java:2293) - JobFactory set to: org.springframework.scheduling.quartz.SpringBeanJobFactory@45b6c452
[09:30:33:961] [INFO] - org.springframework.boot.devtools.autoconfigure.OptionalLiveReloadServer.startServer(OptionalLiveReloadServer.java:57) - LiveReload server is running on port 35729
[09:30:34:122] [INFO] - org.springframework.scheduling.quartz.SchedulerFactoryBean.startScheduler(SchedulerFactoryBean.java:726) - Starting Quartz Scheduler now
[09:30:34:123] [INFO] - org.quartz.core.QuartzScheduler.start(QuartzScheduler.java:547) - Scheduler quartzScheduler_$_NON_CLUSTERED started.
[09:30:34:210] [INFO] - org.springframework.web.servlet.FrameworkServlet.initServletBean(FrameworkServlet.java:524) - Initializing Servlet 'dispatcherServlet'
[09:30:34:231] [INFO] - org.springframework.web.servlet.FrameworkServlet.initServletBean(FrameworkServlet.java:546) - Completed initialization in 21 ms
[09:30:34:350] [INFO] - org.springframework.boot.web.embedded.jetty.JettyWebServer.start(JettyWebServer.java:159) - Jetty started on port(s) 8888 (http/1.1) with context path '/sbox'
[09:30:34:378] [INFO] - org.springframework.boot.StartupInfoLogger.logStarted(StartupInfoLogger.java:59) - Started ServerClientApplication in 18.64 seconds (JVM running for 23.271)
[09:31:48:585] [INFO] - org.quartz.core.QuartzScheduler.standby(QuartzScheduler.java:585) - Scheduler quartzScheduler_$_NON_CLUSTERED paused.
[09:31:48:622] [INFO] - org.springframework.scheduling.quartz.SchedulerFactoryBean.destroy(SchedulerFactoryBean.java:844) - Shutting down Quartz Scheduler
[09:31:48:623] [INFO] - org.quartz.core.QuartzScheduler.shutdown(QuartzScheduler.java:666) - Scheduler quartzScheduler_$_NON_CLUSTERED shutting down.
[09:31:48:623] [INFO] - org.quartz.core.QuartzScheduler.standby(QuartzScheduler.java:585) - Scheduler quartzScheduler_$_NON_CLUSTERED paused.
[09:31:48:625] [INFO] - org.quartz.core.QuartzScheduler.shutdown(QuartzScheduler.java:740) - Scheduler quartzScheduler_$_NON_CLUSTERED shutdown complete.
[09:31:48:651] [INFO] - org.springframework.scheduling.concurrent.ExecutorConfigurationSupport.shutdown(ExecutorConfigurationSupport.java:208) - Shutting down ExecutorService 'applicationTaskExecutor'
[09:31:48:657] [INFO] - org.springframework.cache.ehcache.EhCacheManagerFactoryBean.destroy(EhCacheManagerFactoryBean.java:192) - Shutting down EhCache CacheManager
[09:31:48:799] [INFO] - com.alibaba.druid.pool.DruidDataSource.close(DruidDataSource.java:1825) - {dataSource-1} closed
[09:32:06:017] [INFO] - org.springframework.boot.StartupInfoLogger.logStarting(StartupInfoLogger.java:50) - Starting ServerClientApplication on DESKTOP-JLO12NJ with PID 14172 (D:\sdkserver\target\classes started by admin in D:\sdkserver)
[09:32:06:035] [INFO] - org.springframework.boot.SpringApplication.logStartupProfileInfo(SpringApplication.java:675) - No active profile set, falling back to default profiles: default
[09:32:06:176] [INFO] - org.springframework.boot.logging.DeferredLog.logTo(DeferredLog.java:227) - Devtools property defaults active! Set 'spring.devtools.add-properties' to 'false' to disable
[09:32:06:177] [INFO] - org.springframework.boot.logging.DeferredLog.logTo(DeferredLog.java:227) - For additional web related logging consider setting the 'logging.level.web' property to 'DEBUG'
[09:32:13:153] [WARN] - org.mybatis.spring.mapper.ClassPathMapperScanner.doScan(ClassPathMapperScanner.java:166) - No MyBatis mapper was found in '[com]' package. Please check your configuration.
[09:32:13:397] [INFO] - org.springframework.context.annotation.ConfigurationClassPostProcessor.enhanceConfigurationClasses(ConfigurationClassPostProcessor.java:380) - Cannot enhance @Configuration bean definition 'mapperScannerConfig' since its singleton instance has been created too early. The typical cause is a non-static @Bean method with a BeanDefinitionRegistryPostProcessor return type: Consider declaring such methods as 'static'.
[09:32:15:407] [INFO] - org.springframework.boot.web.embedded.jetty.JettyServletWebServerFactory.getWebServer(JettyServletWebServerFactory.java:143) - Server initialized with port: 8888
[09:32:15:459] [INFO] - org.springframework.boot.web.servlet.context.ServletWebServerApplicationContext.prepareWebApplicationContext(ServletWebServerApplicationContext.java:296) - Root WebApplicationContext: initialization completed in 9282 ms
[09:32:16:773] [INFO] - org.springframework.cache.ehcache.EhCacheManagerFactoryBean.afterPropertiesSet(EhCacheManagerFactoryBean.java:134) - Initializing EhCache CacheManager
[09:32:18:009] [INFO] - org.springframework.scheduling.concurrent.ExecutorConfigurationSupport.initialize(ExecutorConfigurationSupport.java:171) - Initializing ExecutorService 'applicationTaskExecutor'
[09:32:19:079] [INFO] - com.alibaba.druid.pool.DruidDataSource.init(DruidDataSource.java:930) - {dataSource-1} inited
[09:32:19:151] [INFO] - org.quartz.impl.StdSchedulerFactory.instantiate(StdSchedulerFactory.java:1208) - Using default implementation for ThreadExecutor
[09:32:19:174] [INFO] - org.quartz.core.SchedulerSignalerImpl.<init>(SchedulerSignalerImpl.java:61) - Initialized Scheduler Signaller of type: class org.quartz.core.SchedulerSignalerImpl
[09:32:19:174] [INFO] - org.quartz.core.QuartzScheduler.<init>(QuartzScheduler.java:229) - Quartz Scheduler v.2.3.1 created.
[09:32:19:175] [INFO] - org.quartz.simpl.RAMJobStore.initialize(RAMJobStore.java:155) - RAMJobStore initialized.
[09:32:19:176] [INFO] - org.quartz.core.QuartzScheduler.initialize(QuartzScheduler.java:294) - Scheduler meta-data: Quartz Scheduler (v2.3.1) 'quartzScheduler' with instanceId 'NON_CLUSTERED'
  Scheduler class: 'org.quartz.core.QuartzScheduler' - running locally.
  NOT STARTED.
  Currently in standby mode.
  Number of jobs executed: 0
  Using thread pool 'org.quartz.simpl.SimpleThreadPool' - with 10 threads.
  Using job-store 'org.quartz.simpl.RAMJobStore' - which does not support persistence. and is not clustered.

[09:32:19:176] [INFO] - org.quartz.impl.StdSchedulerFactory.instantiate(StdSchedulerFactory.java:1362) - Quartz scheduler 'quartzScheduler' initialized from an externally provided properties instance.
[09:32:19:176] [INFO] - org.quartz.impl.StdSchedulerFactory.instantiate(StdSchedulerFactory.java:1366) - Quartz scheduler version: 2.3.1
[09:32:19:177] [INFO] - org.quartz.core.QuartzScheduler.setJobFactory(QuartzScheduler.java:2293) - JobFactory set to: org.springframework.scheduling.quartz.SpringBeanJobFactory@437b11ce
[09:32:19:248] [INFO] - org.springframework.boot.devtools.autoconfigure.OptionalLiveReloadServer.startServer(OptionalLiveReloadServer.java:57) - LiveReload server is running on port 35729
[09:32:19:385] [INFO] - org.springframework.scheduling.quartz.SchedulerFactoryBean.startScheduler(SchedulerFactoryBean.java:726) - Starting Quartz Scheduler now
[09:32:19:386] [INFO] - org.quartz.core.QuartzScheduler.start(QuartzScheduler.java:547) - Scheduler quartzScheduler_$_NON_CLUSTERED started.
[09:32:19:433] [INFO] - org.springframework.web.servlet.FrameworkServlet.initServletBean(FrameworkServlet.java:524) - Initializing Servlet 'dispatcherServlet'
[09:32:19:442] [INFO] - org.springframework.web.servlet.FrameworkServlet.initServletBean(FrameworkServlet.java:546) - Completed initialization in 9 ms
[09:32:19:492] [INFO] - org.springframework.boot.web.embedded.jetty.JettyWebServer.start(JettyWebServer.java:159) - Jetty started on port(s) 8888 (http/1.1) with context path '/sbox'
[09:32:19:497] [INFO] - org.springframework.boot.StartupInfoLogger.logStarted(StartupInfoLogger.java:59) - Started ServerClientApplication in 14.511 seconds (JVM running for 20.579)
[09:34:05:195] [INFO] - org.quartz.core.QuartzScheduler.standby(QuartzScheduler.java:585) - Scheduler quartzScheduler_$_NON_CLUSTERED paused.
[09:34:05:502] [INFO] - org.springframework.scheduling.quartz.SchedulerFactoryBean.destroy(SchedulerFactoryBean.java:844) - Shutting down Quartz Scheduler
[09:34:05:505] [INFO] - org.quartz.core.QuartzScheduler.shutdown(QuartzScheduler.java:666) - Scheduler quartzScheduler_$_NON_CLUSTERED shutting down.
[09:34:05:505] [INFO] - org.quartz.core.QuartzScheduler.standby(QuartzScheduler.java:585) - Scheduler quartzScheduler_$_NON_CLUSTERED paused.
[09:34:05:509] [INFO] - org.quartz.core.QuartzScheduler.shutdown(QuartzScheduler.java:740) - Scheduler quartzScheduler_$_NON_CLUSTERED shutdown complete.
[09:34:05:517] [INFO] - org.springframework.scheduling.concurrent.ExecutorConfigurationSupport.shutdown(ExecutorConfigurationSupport.java:208) - Shutting down ExecutorService 'applicationTaskExecutor'
[09:34:05:519] [INFO] - org.springframework.cache.ehcache.EhCacheManagerFactoryBean.destroy(EhCacheManagerFactoryBean.java:192) - Shutting down EhCache CacheManager
[09:34:05:608] [INFO] - com.alibaba.druid.pool.DruidDataSource.close(DruidDataSource.java:1825) - {dataSource-1} closed
[09:34:22:280] [INFO] - org.springframework.boot.StartupInfoLogger.logStarting(StartupInfoLogger.java:50) - Starting ServerClientApplication on DESKTOP-JLO12NJ with PID 16108 (D:\sdkserver\target\classes started by admin in D:\sdkserver)
[09:34:22:336] [INFO] - org.springframework.boot.SpringApplication.logStartupProfileInfo(SpringApplication.java:675) - No active profile set, falling back to default profiles: default
[09:34:22:392] [INFO] - org.springframework.boot.logging.DeferredLog.logTo(DeferredLog.java:227) - Devtools property defaults active! Set 'spring.devtools.add-properties' to 'false' to disable
[09:34:22:393] [INFO] - org.springframework.boot.logging.DeferredLog.logTo(DeferredLog.java:227) - For additional web related logging consider setting the 'logging.level.web' property to 'DEBUG'
[09:34:28:646] [WARN] - org.mybatis.spring.mapper.ClassPathMapperScanner.doScan(ClassPathMapperScanner.java:166) - No MyBatis mapper was found in '[com]' package. Please check your configuration.
[09:34:28:816] [INFO] - org.springframework.context.annotation.ConfigurationClassPostProcessor.enhanceConfigurationClasses(ConfigurationClassPostProcessor.java:380) - Cannot enhance @Configuration bean definition 'mapperScannerConfig' since its singleton instance has been created too early. The typical cause is a non-static @Bean method with a BeanDefinitionRegistryPostProcessor return type: Consider declaring such methods as 'static'.
[09:34:31:049] [INFO] - org.springframework.boot.web.embedded.jetty.JettyServletWebServerFactory.getWebServer(JettyServletWebServerFactory.java:143) - Server initialized with port: 8888
[09:34:31:084] [INFO] - org.springframework.boot.web.servlet.context.ServletWebServerApplicationContext.prepareWebApplicationContext(ServletWebServerApplicationContext.java:296) - Root WebApplicationContext: initialization completed in 8691 ms
[09:34:32:005] [INFO] - org.springframework.cache.ehcache.EhCacheManagerFactoryBean.afterPropertiesSet(EhCacheManagerFactoryBean.java:134) - Initializing EhCache CacheManager
[09:34:32:641] [INFO] - org.springframework.scheduling.concurrent.ExecutorConfigurationSupport.initialize(ExecutorConfigurationSupport.java:171) - Initializing ExecutorService 'applicationTaskExecutor'
[09:34:33:567] [INFO] - com.alibaba.druid.pool.DruidDataSource.init(DruidDataSource.java:930) - {dataSource-1} inited
[09:34:33:617] [INFO] - org.quartz.impl.StdSchedulerFactory.instantiate(StdSchedulerFactory.java:1208) - Using default implementation for ThreadExecutor
[09:34:33:642] [INFO] - org.quartz.core.SchedulerSignalerImpl.<init>(SchedulerSignalerImpl.java:61) - Initialized Scheduler Signaller of type: class org.quartz.core.SchedulerSignalerImpl
[09:34:33:643] [INFO] - org.quartz.core.QuartzScheduler.<init>(QuartzScheduler.java:229) - Quartz Scheduler v.2.3.1 created.
[09:34:33:644] [INFO] - org.quartz.simpl.RAMJobStore.initialize(RAMJobStore.java:155) - RAMJobStore initialized.
[09:34:33:645] [INFO] - org.quartz.core.QuartzScheduler.initialize(QuartzScheduler.java:294) - Scheduler meta-data: Quartz Scheduler (v2.3.1) 'quartzScheduler' with instanceId 'NON_CLUSTERED'
  Scheduler class: 'org.quartz.core.QuartzScheduler' - running locally.
  NOT STARTED.
  Currently in standby mode.
  Number of jobs executed: 0
  Using thread pool 'org.quartz.simpl.SimpleThreadPool' - with 10 threads.
  Using job-store 'org.quartz.simpl.RAMJobStore' - which does not support persistence. and is not clustered.

[09:34:33:645] [INFO] - org.quartz.impl.StdSchedulerFactory.instantiate(StdSchedulerFactory.java:1362) - Quartz scheduler 'quartzScheduler' initialized from an externally provided properties instance.
[09:34:33:645] [INFO] - org.quartz.impl.StdSchedulerFactory.instantiate(StdSchedulerFactory.java:1366) - Quartz scheduler version: 2.3.1
[09:34:33:646] [INFO] - org.quartz.core.QuartzScheduler.setJobFactory(QuartzScheduler.java:2293) - JobFactory set to: org.springframework.scheduling.quartz.SpringBeanJobFactory@3a603fed
[09:34:33:706] [INFO] - org.springframework.boot.devtools.autoconfigure.OptionalLiveReloadServer.startServer(OptionalLiveReloadServer.java:57) - LiveReload server is running on port 35729
[09:34:33:817] [INFO] - org.springframework.scheduling.quartz.SchedulerFactoryBean.startScheduler(SchedulerFactoryBean.java:726) - Starting Quartz Scheduler now
[09:34:33:817] [INFO] - org.quartz.core.QuartzScheduler.start(QuartzScheduler.java:547) - Scheduler quartzScheduler_$_NON_CLUSTERED started.
[09:34:33:875] [INFO] - org.springframework.web.servlet.FrameworkServlet.initServletBean(FrameworkServlet.java:524) - Initializing Servlet 'dispatcherServlet'
[09:34:33:886] [INFO] - org.springframework.web.servlet.FrameworkServlet.initServletBean(FrameworkServlet.java:546) - Completed initialization in 11 ms
[09:34:33:936] [INFO] - org.springframework.boot.web.embedded.jetty.JettyWebServer.start(JettyWebServer.java:159) - Jetty started on port(s) 8888 (http/1.1) with context path '/sbox'
[09:34:33:943] [INFO] - org.springframework.boot.StartupInfoLogger.logStarted(StartupInfoLogger.java:59) - Started ServerClientApplication in 12.508 seconds (JVM running for 17.546)
[09:35:31:091] [INFO] - org.springframework.boot.StartupInfoLogger.logStarting(StartupInfoLogger.java:50) - Starting ServerClientApplication on DESKTOP-JLO12NJ with PID 14884 (D:\sdkserver\target\classes started by admin in D:\sdkserver)
[09:35:31:104] [INFO] - org.springframework.boot.SpringApplication.logStartupProfileInfo(SpringApplication.java:675) - No active profile set, falling back to default profiles: default
[09:35:31:181] [INFO] - org.springframework.boot.logging.DeferredLog.logTo(DeferredLog.java:227) - Devtools property defaults active! Set 'spring.devtools.add-properties' to 'false' to disable
[09:35:31:181] [INFO] - org.springframework.boot.logging.DeferredLog.logTo(DeferredLog.java:227) - For additional web related logging consider setting the 'logging.level.web' property to 'DEBUG'
[09:35:36:791] [WARN] - org.mybatis.spring.mapper.ClassPathMapperScanner.doScan(ClassPathMapperScanner.java:166) - No MyBatis mapper was found in '[com]' package. Please check your configuration.
[09:35:37:050] [INFO] - org.springframework.context.annotation.ConfigurationClassPostProcessor.enhanceConfigurationClasses(ConfigurationClassPostProcessor.java:380) - Cannot enhance @Configuration bean definition 'mapperScannerConfig' since its singleton instance has been created too early. The typical cause is a non-static @Bean method with a BeanDefinitionRegistryPostProcessor return type: Consider declaring such methods as 'static'.
[09:35:38:577] [INFO] - org.springframework.boot.web.embedded.jetty.JettyServletWebServerFactory.getWebServer(JettyServletWebServerFactory.java:143) - Server initialized with port: 8888
[09:35:38:612] [INFO] - org.springframework.boot.web.servlet.context.ServletWebServerApplicationContext.prepareWebApplicationContext(ServletWebServerApplicationContext.java:296) - Root WebApplicationContext: initialization completed in 7430 ms
[09:35:39:496] [INFO] - org.springframework.cache.ehcache.EhCacheManagerFactoryBean.afterPropertiesSet(EhCacheManagerFactoryBean.java:134) - Initializing EhCache CacheManager
[09:35:40:144] [INFO] - org.springframework.scheduling.concurrent.ExecutorConfigurationSupport.initialize(ExecutorConfigurationSupport.java:171) - Initializing ExecutorService 'applicationTaskExecutor'
[09:35:40:865] [INFO] - com.alibaba.druid.pool.DruidDataSource.init(DruidDataSource.java:930) - {dataSource-1} inited
[09:35:40:916] [INFO] - org.quartz.impl.StdSchedulerFactory.instantiate(StdSchedulerFactory.java:1208) - Using default implementation for ThreadExecutor
[09:35:40:932] [INFO] - org.quartz.core.SchedulerSignalerImpl.<init>(SchedulerSignalerImpl.java:61) - Initialized Scheduler Signaller of type: class org.quartz.core.SchedulerSignalerImpl
[09:35:40:932] [INFO] - org.quartz.core.QuartzScheduler.<init>(QuartzScheduler.java:229) - Quartz Scheduler v.2.3.1 created.
[09:35:40:933] [INFO] - org.quartz.simpl.RAMJobStore.initialize(RAMJobStore.java:155) - RAMJobStore initialized.
[09:35:40:934] [INFO] - org.quartz.core.QuartzScheduler.initialize(QuartzScheduler.java:294) - Scheduler meta-data: Quartz Scheduler (v2.3.1) 'quartzScheduler' with instanceId 'NON_CLUSTERED'
  Scheduler class: 'org.quartz.core.QuartzScheduler' - running locally.
  NOT STARTED.
  Currently in standby mode.
  Number of jobs executed: 0
  Using thread pool 'org.quartz.simpl.SimpleThreadPool' - with 10 threads.
  Using job-store 'org.quartz.simpl.RAMJobStore' - which does not support persistence. and is not clustered.

[09:35:40:935] [INFO] - org.quartz.impl.StdSchedulerFactory.instantiate(StdSchedulerFactory.java:1362) - Quartz scheduler 'quartzScheduler' initialized from an externally provided properties instance.
[09:35:40:935] [INFO] - org.quartz.impl.StdSchedulerFactory.instantiate(StdSchedulerFactory.java:1366) - Quartz scheduler version: 2.3.1
[09:35:40:935] [INFO] - org.quartz.core.QuartzScheduler.setJobFactory(QuartzScheduler.java:2293) - JobFactory set to: org.springframework.scheduling.quartz.SpringBeanJobFactory@1271f9bd
[09:35:40:993] [INFO] - org.springframework.boot.devtools.autoconfigure.OptionalLiveReloadServer.startServer(OptionalLiveReloadServer.java:57) - LiveReload server is running on port 35729
[09:35:41:080] [INFO] - org.springframework.scheduling.quartz.SchedulerFactoryBean.startScheduler(SchedulerFactoryBean.java:726) - Starting Quartz Scheduler now
[09:35:41:081] [INFO] - org.quartz.core.QuartzScheduler.start(QuartzScheduler.java:547) - Scheduler quartzScheduler_$_NON_CLUSTERED started.
[09:35:41:118] [INFO] - org.springframework.web.servlet.FrameworkServlet.initServletBean(FrameworkServlet.java:524) - Initializing Servlet 'dispatcherServlet'
[09:35:41:129] [INFO] - org.springframework.web.servlet.FrameworkServlet.initServletBean(FrameworkServlet.java:546) - Completed initialization in 11 ms
[09:35:41:182] [INFO] - org.springframework.boot.web.embedded.jetty.JettyWebServer.start(JettyWebServer.java:159) - Jetty started on port(s) 8888 (http/1.1) with context path '/sbox'
[09:35:41:191] [INFO] - org.springframework.boot.StartupInfoLogger.logStarted(StartupInfoLogger.java:59) - Started ServerClientApplication in 11.044 seconds (JVM running for 18.182)
[09:40:38:522] [INFO] - org.springframework.boot.StartupInfoLogger.logStarting(StartupInfoLogger.java:50) - Starting ServerClientApplication on DESKTOP-JLO12NJ with PID 1836 (D:\sdkserver\target\classes started by admin in D:\sdkserver)
[09:40:38:537] [INFO] - org.springframework.boot.SpringApplication.logStartupProfileInfo(SpringApplication.java:675) - No active profile set, falling back to default profiles: default
[09:40:38:653] [INFO] - org.springframework.boot.logging.DeferredLog.logTo(DeferredLog.java:227) - Devtools property defaults active! Set 'spring.devtools.add-properties' to 'false' to disable
[09:40:38:653] [INFO] - org.springframework.boot.logging.DeferredLog.logTo(DeferredLog.java:227) - For additional web related logging consider setting the 'logging.level.web' property to 'DEBUG'
[09:40:47:615] [WARN] - org.mybatis.spring.mapper.ClassPathMapperScanner.doScan(ClassPathMapperScanner.java:166) - No MyBatis mapper was found in '[com]' package. Please check your configuration.
[09:40:47:817] [INFO] - org.springframework.context.annotation.ConfigurationClassPostProcessor.enhanceConfigurationClasses(ConfigurationClassPostProcessor.java:380) - Cannot enhance @Configuration bean definition 'mapperScannerConfig' since its singleton instance has been created too early. The typical cause is a non-static @Bean method with a BeanDefinitionRegistryPostProcessor return type: Consider declaring such methods as 'static'.
[09:40:50:417] [INFO] - org.springframework.boot.web.embedded.jetty.JettyServletWebServerFactory.getWebServer(JettyServletWebServerFactory.java:143) - Server initialized with port: 8888
[09:40:50:472] [INFO] - org.springframework.boot.web.servlet.context.ServletWebServerApplicationContext.prepareWebApplicationContext(ServletWebServerApplicationContext.java:296) - Root WebApplicationContext: initialization completed in 11818 ms
[09:40:51:740] [INFO] - org.springframework.cache.ehcache.EhCacheManagerFactoryBean.afterPropertiesSet(EhCacheManagerFactoryBean.java:134) - Initializing EhCache CacheManager
[09:40:52:843] [INFO] - org.springframework.scheduling.concurrent.ExecutorConfigurationSupport.initialize(ExecutorConfigurationSupport.java:171) - Initializing ExecutorService 'applicationTaskExecutor'
[09:40:54:008] [INFO] - com.alibaba.druid.pool.DruidDataSource.init(DruidDataSource.java:930) - {dataSource-1} inited
[09:40:54:137] [INFO] - org.quartz.impl.StdSchedulerFactory.instantiate(StdSchedulerFactory.java:1208) - Using default implementation for ThreadExecutor
[09:40:54:158] [INFO] - org.quartz.core.SchedulerSignalerImpl.<init>(SchedulerSignalerImpl.java:61) - Initialized Scheduler Signaller of type: class org.quartz.core.SchedulerSignalerImpl
[09:40:54:159] [INFO] - org.quartz.core.QuartzScheduler.<init>(QuartzScheduler.java:229) - Quartz Scheduler v.2.3.1 created.
[09:40:54:160] [INFO] - org.quartz.simpl.RAMJobStore.initialize(RAMJobStore.java:155) - RAMJobStore initialized.
[09:40:54:161] [INFO] - org.quartz.core.QuartzScheduler.initialize(QuartzScheduler.java:294) - Scheduler meta-data: Quartz Scheduler (v2.3.1) 'quartzScheduler' with instanceId 'NON_CLUSTERED'
  Scheduler class: 'org.quartz.core.QuartzScheduler' - running locally.
  NOT STARTED.
  Currently in standby mode.
  Number of jobs executed: 0
  Using thread pool 'org.quartz.simpl.SimpleThreadPool' - with 10 threads.
  Using job-store 'org.quartz.simpl.RAMJobStore' - which does not support persistence. and is not clustered.

[09:40:54:162] [INFO] - org.quartz.impl.StdSchedulerFactory.instantiate(StdSchedulerFactory.java:1362) - Quartz scheduler 'quartzScheduler' initialized from an externally provided properties instance.
[09:40:54:162] [INFO] - org.quartz.impl.StdSchedulerFactory.instantiate(StdSchedulerFactory.java:1366) - Quartz scheduler version: 2.3.1
[09:40:54:162] [INFO] - org.quartz.core.QuartzScheduler.setJobFactory(QuartzScheduler.java:2293) - JobFactory set to: org.springframework.scheduling.quartz.SpringBeanJobFactory@4ef24e96
[09:40:54:253] [INFO] - org.springframework.boot.devtools.autoconfigure.OptionalLiveReloadServer.startServer(OptionalLiveReloadServer.java:57) - LiveReload server is running on port 35729
[09:40:54:386] [INFO] - org.springframework.scheduling.quartz.SchedulerFactoryBean.startScheduler(SchedulerFactoryBean.java:726) - Starting Quartz Scheduler now
[09:40:54:387] [INFO] - org.quartz.core.QuartzScheduler.start(QuartzScheduler.java:547) - Scheduler quartzScheduler_$_NON_CLUSTERED started.
[09:40:54:443] [INFO] - org.springframework.web.servlet.FrameworkServlet.initServletBean(FrameworkServlet.java:524) - Initializing Servlet 'dispatcherServlet'
[09:40:54:454] [INFO] - org.springframework.web.servlet.FrameworkServlet.initServletBean(FrameworkServlet.java:546) - Completed initialization in 10 ms
[09:40:54:519] [INFO] - org.springframework.boot.web.embedded.jetty.JettyWebServer.start(JettyWebServer.java:159) - Jetty started on port(s) 8888 (http/1.1) with context path '/sbox'
[09:40:54:523] [INFO] - org.springframework.boot.StartupInfoLogger.logStarted(StartupInfoLogger.java:59) - Started ServerClientApplication in 16.862 seconds (JVM running for 22.15)
[09:46:46:703] [INFO] - org.springframework.boot.StartupInfoLogger.logStarting(StartupInfoLogger.java:50) - Starting ServerClientApplication on DESKTOP-JLO12NJ with PID 5808 (D:\sdkserver\target\classes started by admin in D:\sdkserver)
[09:46:46:719] [INFO] - org.springframework.boot.SpringApplication.logStartupProfileInfo(SpringApplication.java:675) - No active profile set, falling back to default profiles: default
[09:46:46:827] [INFO] - org.springframework.boot.logging.DeferredLog.logTo(DeferredLog.java:227) - Devtools property defaults active! Set 'spring.devtools.add-properties' to 'false' to disable
[09:46:46:827] [INFO] - org.springframework.boot.logging.DeferredLog.logTo(DeferredLog.java:227) - For additional web related logging consider setting the 'logging.level.web' property to 'DEBUG'
[09:46:54:478] [WARN] - org.mybatis.spring.mapper.ClassPathMapperScanner.doScan(ClassPathMapperScanner.java:166) - No MyBatis mapper was found in '[com]' package. Please check your configuration.
[09:46:54:657] [INFO] - org.springframework.context.annotation.ConfigurationClassPostProcessor.enhanceConfigurationClasses(ConfigurationClassPostProcessor.java:380) - Cannot enhance @Configuration bean definition 'mapperScannerConfig' since its singleton instance has been created too early. The typical cause is a non-static @Bean method with a BeanDefinitionRegistryPostProcessor return type: Consider declaring such methods as 'static'.
[09:46:56:565] [INFO] - org.springframework.boot.web.embedded.jetty.JettyServletWebServerFactory.getWebServer(JettyServletWebServerFactory.java:143) - Server initialized with port: 8888
[09:46:56:607] [INFO] - org.springframework.boot.web.servlet.context.ServletWebServerApplicationContext.prepareWebApplicationContext(ServletWebServerApplicationContext.java:296) - Root WebApplicationContext: initialization completed in 9779 ms
[09:46:57:596] [INFO] - org.springframework.cache.ehcache.EhCacheManagerFactoryBean.afterPropertiesSet(EhCacheManagerFactoryBean.java:134) - Initializing EhCache CacheManager
[09:46:58:411] [INFO] - org.springframework.scheduling.concurrent.ExecutorConfigurationSupport.initialize(ExecutorConfigurationSupport.java:171) - Initializing ExecutorService 'applicationTaskExecutor'
[09:46:59:166] [INFO] - com.alibaba.druid.pool.DruidDataSource.init(DruidDataSource.java:930) - {dataSource-1} inited
[09:46:59:215] [INFO] - org.quartz.impl.StdSchedulerFactory.instantiate(StdSchedulerFactory.java:1208) - Using default implementation for ThreadExecutor
[09:46:59:233] [INFO] - org.quartz.core.SchedulerSignalerImpl.<init>(SchedulerSignalerImpl.java:61) - Initialized Scheduler Signaller of type: class org.quartz.core.SchedulerSignalerImpl
[09:46:59:234] [INFO] - org.quartz.core.QuartzScheduler.<init>(QuartzScheduler.java:229) - Quartz Scheduler v.2.3.1 created.
[09:46:59:236] [INFO] - org.quartz.simpl.RAMJobStore.initialize(RAMJobStore.java:155) - RAMJobStore initialized.
[09:46:59:236] [INFO] - org.quartz.core.QuartzScheduler.initialize(QuartzScheduler.java:294) - Scheduler meta-data: Quartz Scheduler (v2.3.1) 'quartzScheduler' with instanceId 'NON_CLUSTERED'
  Scheduler class: 'org.quartz.core.QuartzScheduler' - running locally.
  NOT STARTED.
  Currently in standby mode.
  Number of jobs executed: 0
  Using thread pool 'org.quartz.simpl.SimpleThreadPool' - with 10 threads.
  Using job-store 'org.quartz.simpl.RAMJobStore' - which does not support persistence. and is not clustered.

[09:46:59:237] [INFO] - org.quartz.impl.StdSchedulerFactory.instantiate(StdSchedulerFactory.java:1362) - Quartz scheduler 'quartzScheduler' initialized from an externally provided properties instance.
[09:46:59:237] [INFO] - org.quartz.impl.StdSchedulerFactory.instantiate(StdSchedulerFactory.java:1366) - Quartz scheduler version: 2.3.1
[09:46:59:237] [INFO] - org.quartz.core.QuartzScheduler.setJobFactory(QuartzScheduler.java:2293) - JobFactory set to: org.springframework.scheduling.quartz.SpringBeanJobFactory@72f3bbf0
[09:46:59:295] [INFO] - org.springframework.boot.devtools.autoconfigure.OptionalLiveReloadServer.startServer(OptionalLiveReloadServer.java:57) - LiveReload server is running on port 35729
[09:46:59:405] [INFO] - org.springframework.scheduling.quartz.SchedulerFactoryBean.startScheduler(SchedulerFactoryBean.java:726) - Starting Quartz Scheduler now
[09:46:59:406] [INFO] - org.quartz.core.QuartzScheduler.start(QuartzScheduler.java:547) - Scheduler quartzScheduler_$_NON_CLUSTERED started.
[09:46:59:463] [INFO] - org.springframework.web.servlet.FrameworkServlet.initServletBean(FrameworkServlet.java:524) - Initializing Servlet 'dispatcherServlet'
[09:46:59:472] [INFO] - org.springframework.web.servlet.FrameworkServlet.initServletBean(FrameworkServlet.java:546) - Completed initialization in 9 ms
[09:46:59:522] [INFO] - org.springframework.boot.web.embedded.jetty.JettyWebServer.start(JettyWebServer.java:159) - Jetty started on port(s) 8888 (http/1.1) with context path '/sbox'
[09:46:59:525] [INFO] - org.springframework.boot.StartupInfoLogger.logStarted(StartupInfoLogger.java:59) - Started ServerClientApplication in 13.558 seconds (JVM running for 20.522)
[09:50:31:646] [INFO] - org.springframework.boot.StartupInfoLogger.logStarting(StartupInfoLogger.java:50) - Starting ServerClientApplication on DESKTOP-JLO12NJ with PID 9956 (D:\sdkserver\target\classes started by admin in D:\sdkserver)
[09:50:31:670] [INFO] - org.springframework.boot.SpringApplication.logStartupProfileInfo(SpringApplication.java:675) - No active profile set, falling back to default profiles: default
[09:50:31:782] [INFO] - org.springframework.boot.logging.DeferredLog.logTo(DeferredLog.java:227) - Devtools property defaults active! Set 'spring.devtools.add-properties' to 'false' to disable
[09:50:31:782] [INFO] - org.springframework.boot.logging.DeferredLog.logTo(DeferredLog.java:227) - For additional web related logging consider setting the 'logging.level.web' property to 'DEBUG'
[09:50:38:553] [WARN] - org.mybatis.spring.mapper.ClassPathMapperScanner.doScan(ClassPathMapperScanner.java:166) - No MyBatis mapper was found in '[com]' package. Please check your configuration.
[09:50:38:766] [INFO] - org.springframework.context.annotation.ConfigurationClassPostProcessor.enhanceConfigurationClasses(ConfigurationClassPostProcessor.java:380) - Cannot enhance @Configuration bean definition 'mapperScannerConfig' since its singleton instance has been created too early. The typical cause is a non-static @Bean method with a BeanDefinitionRegistryPostProcessor return type: Consider declaring such methods as 'static'.
[09:50:40:885] [INFO] - org.springframework.boot.web.embedded.jetty.JettyServletWebServerFactory.getWebServer(JettyServletWebServerFactory.java:143) - Server initialized with port: 8888
[09:50:40:931] [INFO] - org.springframework.boot.web.servlet.context.ServletWebServerApplicationContext.prepareWebApplicationContext(ServletWebServerApplicationContext.java:296) - Root WebApplicationContext: initialization completed in 9148 ms
[09:50:41:795] [INFO] - org.springframework.cache.ehcache.EhCacheManagerFactoryBean.afterPropertiesSet(EhCacheManagerFactoryBean.java:134) - Initializing EhCache CacheManager
[09:50:42:523] [INFO] - org.springframework.scheduling.concurrent.ExecutorConfigurationSupport.initialize(ExecutorConfigurationSupport.java:171) - Initializing ExecutorService 'applicationTaskExecutor'
[09:50:43:746] [INFO] - com.alibaba.druid.pool.DruidDataSource.init(DruidDataSource.java:930) - {dataSource-1} inited
[09:50:43:814] [INFO] - org.quartz.impl.StdSchedulerFactory.instantiate(StdSchedulerFactory.java:1208) - Using default implementation for ThreadExecutor
[09:50:43:835] [INFO] - org.quartz.core.SchedulerSignalerImpl.<init>(SchedulerSignalerImpl.java:61) - Initialized Scheduler Signaller of type: class org.quartz.core.SchedulerSignalerImpl
[09:50:43:835] [INFO] - org.quartz.core.QuartzScheduler.<init>(QuartzScheduler.java:229) - Quartz Scheduler v.2.3.1 created.
[09:50:43:836] [INFO] - org.quartz.simpl.RAMJobStore.initialize(RAMJobStore.java:155) - RAMJobStore initialized.
[09:50:43:837] [INFO] - org.quartz.core.QuartzScheduler.initialize(QuartzScheduler.java:294) - Scheduler meta-data: Quartz Scheduler (v2.3.1) 'quartzScheduler' with instanceId 'NON_CLUSTERED'
  Scheduler class: 'org.quartz.core.QuartzScheduler' - running locally.
  NOT STARTED.
  Currently in standby mode.
  Number of jobs executed: 0
  Using thread pool 'org.quartz.simpl.SimpleThreadPool' - with 10 threads.
  Using job-store 'org.quartz.simpl.RAMJobStore' - which does not support persistence. and is not clustered.

[09:50:43:838] [INFO] - org.quartz.impl.StdSchedulerFactory.instantiate(StdSchedulerFactory.java:1362) - Quartz scheduler 'quartzScheduler' initialized from an externally provided properties instance.
[09:50:43:838] [INFO] - org.quartz.impl.StdSchedulerFactory.instantiate(StdSchedulerFactory.java:1366) - Quartz scheduler version: 2.3.1
[09:50:43:838] [INFO] - org.quartz.core.QuartzScheduler.setJobFactory(QuartzScheduler.java:2293) - JobFactory set to: org.springframework.scheduling.quartz.SpringBeanJobFactory@6e18104b
[09:50:43:912] [INFO] - org.springframework.boot.devtools.autoconfigure.OptionalLiveReloadServer.startServer(OptionalLiveReloadServer.java:57) - LiveReload server is running on port 35729
[09:50:44:077] [INFO] - org.springframework.scheduling.quartz.SchedulerFactoryBean.startScheduler(SchedulerFactoryBean.java:726) - Starting Quartz Scheduler now
[09:50:44:078] [INFO] - org.quartz.core.QuartzScheduler.start(QuartzScheduler.java:547) - Scheduler quartzScheduler_$_NON_CLUSTERED started.
[09:50:44:121] [INFO] - org.springframework.web.servlet.FrameworkServlet.initServletBean(FrameworkServlet.java:524) - Initializing Servlet 'dispatcherServlet'
[09:50:44:130] [INFO] - org.springframework.web.servlet.FrameworkServlet.initServletBean(FrameworkServlet.java:546) - Completed initialization in 9 ms
[09:50:44:179] [INFO] - org.springframework.boot.web.embedded.jetty.JettyWebServer.start(JettyWebServer.java:159) - Jetty started on port(s) 8888 (http/1.1) with context path '/sbox'
[09:50:44:184] [INFO] - org.springframework.boot.StartupInfoLogger.logStarted(StartupInfoLogger.java:59) - Started ServerClientApplication in 13.204 seconds (JVM running for 17.628)
[09:56:38:974] [INFO] - org.springframework.boot.StartupInfoLogger.logStarting(StartupInfoLogger.java:50) - Starting ServerClientApplication on DESKTOP-JLO12NJ with PID 16204 (D:\sdkserver\target\classes started by admin in D:\sdkserver)
[09:56:38:986] [INFO] - org.springframework.boot.SpringApplication.logStartupProfileInfo(SpringApplication.java:675) - No active profile set, falling back to default profiles: default
[09:56:39:064] [INFO] - org.springframework.boot.logging.DeferredLog.logTo(DeferredLog.java:227) - Devtools property defaults active! Set 'spring.devtools.add-properties' to 'false' to disable
[09:56:39:065] [INFO] - org.springframework.boot.logging.DeferredLog.logTo(DeferredLog.java:227) - For additional web related logging consider setting the 'logging.level.web' property to 'DEBUG'
[09:56:44:303] [WARN] - org.mybatis.spring.mapper.ClassPathMapperScanner.doScan(ClassPathMapperScanner.java:166) - No MyBatis mapper was found in '[com]' package. Please check your configuration.
[09:56:44:474] [INFO] - org.springframework.context.annotation.ConfigurationClassPostProcessor.enhanceConfigurationClasses(ConfigurationClassPostProcessor.java:380) - Cannot enhance @Configuration bean definition 'mapperScannerConfig' since its singleton instance has been created too early. The typical cause is a non-static @Bean method with a BeanDefinitionRegistryPostProcessor return type: Consider declaring such methods as 'static'.
[09:56:46:077] [INFO] - org.springframework.boot.web.embedded.jetty.JettyServletWebServerFactory.getWebServer(JettyServletWebServerFactory.java:143) - Server initialized with port: 8888
[09:56:46:113] [INFO] - org.springframework.boot.web.servlet.context.ServletWebServerApplicationContext.prepareWebApplicationContext(ServletWebServerApplicationContext.java:296) - Root WebApplicationContext: initialization completed in 7048 ms
[09:56:46:952] [INFO] - org.springframework.cache.ehcache.EhCacheManagerFactoryBean.afterPropertiesSet(EhCacheManagerFactoryBean.java:134) - Initializing EhCache CacheManager
[09:56:47:761] [INFO] - org.springframework.scheduling.concurrent.ExecutorConfigurationSupport.initialize(ExecutorConfigurationSupport.java:171) - Initializing ExecutorService 'applicationTaskExecutor'
[09:56:48:605] [INFO] - com.alibaba.druid.pool.DruidDataSource.init(DruidDataSource.java:930) - {dataSource-1} inited
[09:56:48:661] [INFO] - org.quartz.impl.StdSchedulerFactory.instantiate(StdSchedulerFactory.java:1208) - Using default implementation for ThreadExecutor
[09:56:48:681] [INFO] - org.quartz.core.SchedulerSignalerImpl.<init>(SchedulerSignalerImpl.java:61) - Initialized Scheduler Signaller of type: class org.quartz.core.SchedulerSignalerImpl
[09:56:48:681] [INFO] - org.quartz.core.QuartzScheduler.<init>(QuartzScheduler.java:229) - Quartz Scheduler v.2.3.1 created.
[09:56:48:682] [INFO] - org.quartz.simpl.RAMJobStore.initialize(RAMJobStore.java:155) - RAMJobStore initialized.
[09:56:48:683] [INFO] - org.quartz.core.QuartzScheduler.initialize(QuartzScheduler.java:294) - Scheduler meta-data: Quartz Scheduler (v2.3.1) 'quartzScheduler' with instanceId 'NON_CLUSTERED'
  Scheduler class: 'org.quartz.core.QuartzScheduler' - running locally.
  NOT STARTED.
  Currently in standby mode.
  Number of jobs executed: 0
  Using thread pool 'org.quartz.simpl.SimpleThreadPool' - with 10 threads.
  Using job-store 'org.quartz.simpl.RAMJobStore' - which does not support persistence. and is not clustered.

[09:56:48:683] [INFO] - org.quartz.impl.StdSchedulerFactory.instantiate(StdSchedulerFactory.java:1362) - Quartz scheduler 'quartzScheduler' initialized from an externally provided properties instance.
[09:56:48:683] [INFO] - org.quartz.impl.StdSchedulerFactory.instantiate(StdSchedulerFactory.java:1366) - Quartz scheduler version: 2.3.1
[09:56:48:684] [INFO] - org.quartz.core.QuartzScheduler.setJobFactory(QuartzScheduler.java:2293) - JobFactory set to: org.springframework.scheduling.quartz.SpringBeanJobFactory@5829e0b6
[09:56:48:740] [INFO] - org.springframework.boot.devtools.autoconfigure.OptionalLiveReloadServer.startServer(OptionalLiveReloadServer.java:57) - LiveReload server is running on port 35729
[09:56:48:830] [INFO] - org.springframework.scheduling.quartz.SchedulerFactoryBean.startScheduler(SchedulerFactoryBean.java:726) - Starting Quartz Scheduler now
[09:56:48:831] [INFO] - org.quartz.core.QuartzScheduler.start(QuartzScheduler.java:547) - Scheduler quartzScheduler_$_NON_CLUSTERED started.
[09:56:48:876] [INFO] - org.springframework.web.servlet.FrameworkServlet.initServletBean(FrameworkServlet.java:524) - Initializing Servlet 'dispatcherServlet'
[09:56:48:887] [INFO] - org.springframework.web.servlet.FrameworkServlet.initServletBean(FrameworkServlet.java:546) - Completed initialization in 10 ms
[09:56:48:950] [INFO] - org.springframework.boot.web.embedded.jetty.JettyWebServer.start(JettyWebServer.java:159) - Jetty started on port(s) 8888 (http/1.1) with context path '/sbox'
[09:56:48:954] [INFO] - org.springframework.boot.StartupInfoLogger.logStarted(StartupInfoLogger.java:59) - Started ServerClientApplication in 10.65 seconds (JVM running for 14.024)
[09:58:57:671] [INFO] - org.springframework.boot.StartupInfoLogger.logStarting(StartupInfoLogger.java:50) - Starting ServerClientApplication on DESKTOP-JLO12NJ with PID 9860 (D:\sdkserver\target\classes started by admin in D:\sdkserver)
[09:58:57:681] [INFO] - org.springframework.boot.SpringApplication.logStartupProfileInfo(SpringApplication.java:675) - No active profile set, falling back to default profiles: default
[09:58:57:747] [INFO] - org.springframework.boot.logging.DeferredLog.logTo(DeferredLog.java:227) - Devtools property defaults active! Set 'spring.devtools.add-properties' to 'false' to disable
[09:58:57:747] [INFO] - org.springframework.boot.logging.DeferredLog.logTo(DeferredLog.java:227) - For additional web related logging consider setting the 'logging.level.web' property to 'DEBUG'
[09:59:06:834] [WARN] - org.mybatis.spring.mapper.ClassPathMapperScanner.doScan(ClassPathMapperScanner.java:166) - No MyBatis mapper was found in '[com]' package. Please check your configuration.
[09:59:07:172] [INFO] - org.springframework.context.annotation.ConfigurationClassPostProcessor.enhanceConfigurationClasses(ConfigurationClassPostProcessor.java:380) - Cannot enhance @Configuration bean definition 'mapperScannerConfig' since its singleton instance has been created too early. The typical cause is a non-static @Bean method with a BeanDefinitionRegistryPostProcessor return type: Consider declaring such methods as 'static'.
[09:59:10:525] [INFO] - org.springframework.boot.web.embedded.jetty.JettyServletWebServerFactory.getWebServer(JettyServletWebServerFactory.java:143) - Server initialized with port: 8888
[09:59:10:574] [INFO] - org.springframework.boot.web.servlet.context.ServletWebServerApplicationContext.prepareWebApplicationContext(ServletWebServerApplicationContext.java:296) - Root WebApplicationContext: initialization completed in 12826 ms
[09:59:13:742] [INFO] - org.springframework.cache.ehcache.EhCacheManagerFactoryBean.afterPropertiesSet(EhCacheManagerFactoryBean.java:134) - Initializing EhCache CacheManager
[09:59:16:325] [INFO] - org.springframework.scheduling.concurrent.ExecutorConfigurationSupport.initialize(ExecutorConfigurationSupport.java:171) - Initializing ExecutorService 'applicationTaskExecutor'
[09:59:18:177] [INFO] - com.alibaba.druid.pool.DruidDataSource.init(DruidDataSource.java:930) - {dataSource-1} inited
[09:59:18:269] [INFO] - org.quartz.impl.StdSchedulerFactory.instantiate(StdSchedulerFactory.java:1208) - Using default implementation for ThreadExecutor
[09:59:18:311] [INFO] - org.quartz.core.SchedulerSignalerImpl.<init>(SchedulerSignalerImpl.java:61) - Initialized Scheduler Signaller of type: class org.quartz.core.SchedulerSignalerImpl
[09:59:18:312] [INFO] - org.quartz.core.QuartzScheduler.<init>(QuartzScheduler.java:229) - Quartz Scheduler v.2.3.1 created.
[09:59:18:314] [INFO] - org.quartz.simpl.RAMJobStore.initialize(RAMJobStore.java:155) - RAMJobStore initialized.
[09:59:18:317] [INFO] - org.quartz.core.QuartzScheduler.initialize(QuartzScheduler.java:294) - Scheduler meta-data: Quartz Scheduler (v2.3.1) 'quartzScheduler' with instanceId 'NON_CLUSTERED'
  Scheduler class: 'org.quartz.core.QuartzScheduler' - running locally.
  NOT STARTED.
  Currently in standby mode.
  Number of jobs executed: 0
  Using thread pool 'org.quartz.simpl.SimpleThreadPool' - with 10 threads.
  Using job-store 'org.quartz.simpl.RAMJobStore' - which does not support persistence. and is not clustered.

[09:59:18:318] [INFO] - org.quartz.impl.StdSchedulerFactory.instantiate(StdSchedulerFactory.java:1362) - Quartz scheduler 'quartzScheduler' initialized from an externally provided properties instance.
[09:59:18:318] [INFO] - org.quartz.impl.StdSchedulerFactory.instantiate(StdSchedulerFactory.java:1366) - Quartz scheduler version: 2.3.1
[09:59:18:319] [INFO] - org.quartz.core.QuartzScheduler.setJobFactory(QuartzScheduler.java:2293) - JobFactory set to: org.springframework.scheduling.quartz.SpringBeanJobFactory@5a98e980
[09:59:18:480] [INFO] - org.springframework.boot.devtools.autoconfigure.OptionalLiveReloadServer.startServer(OptionalLiveReloadServer.java:57) - LiveReload server is running on port 35729
[09:59:18:800] [INFO] - org.springframework.scheduling.quartz.SchedulerFactoryBean.startScheduler(SchedulerFactoryBean.java:726) - Starting Quartz Scheduler now
[09:59:18:800] [INFO] - org.quartz.core.QuartzScheduler.start(QuartzScheduler.java:547) - Scheduler quartzScheduler_$_NON_CLUSTERED started.
[09:59:18:896] [INFO] - org.springframework.web.servlet.FrameworkServlet.initServletBean(FrameworkServlet.java:524) - Initializing Servlet 'dispatcherServlet'
[09:59:18:905] [INFO] - org.springframework.web.servlet.FrameworkServlet.initServletBean(FrameworkServlet.java:546) - Completed initialization in 9 ms
[09:59:18:968] [INFO] - org.springframework.boot.web.embedded.jetty.JettyWebServer.start(JettyWebServer.java:159) - Jetty started on port(s) 8888 (http/1.1) with context path '/sbox'
[09:59:18:977] [INFO] - org.springframework.boot.StartupInfoLogger.logStarted(StartupInfoLogger.java:59) - Started ServerClientApplication in 22.201 seconds (JVM running for 27.821)
[11:10:55:853] [INFO] - org.springframework.boot.StartupInfoLogger.logStarting(StartupInfoLogger.java:50) - Starting ServerClientApplication on DESKTOP-JLO12NJ with PID 14912 (D:\sdkserver\target\classes started by admin in D:\sdkserver)
[11:10:55:866] [INFO] - org.springframework.boot.SpringApplication.logStartupProfileInfo(SpringApplication.java:675) - No active profile set, falling back to default profiles: default
[11:10:55:962] [INFO] - org.springframework.boot.logging.DeferredLog.logTo(DeferredLog.java:227) - Devtools property defaults active! Set 'spring.devtools.add-properties' to 'false' to disable
[11:10:55:962] [INFO] - org.springframework.boot.logging.DeferredLog.logTo(DeferredLog.java:227) - For additional web related logging consider setting the 'logging.level.web' property to 'DEBUG'
[11:11:05:384] [WARN] - org.mybatis.spring.mapper.ClassPathMapperScanner.doScan(ClassPathMapperScanner.java:166) - No MyBatis mapper was found in '[com]' package. Please check your configuration.
[11:11:05:585] [INFO] - org.springframework.context.annotation.ConfigurationClassPostProcessor.enhanceConfigurationClasses(ConfigurationClassPostProcessor.java:380) - Cannot enhance @Configuration bean definition 'mapperScannerConfig' since its singleton instance has been created too early. The typical cause is a non-static @Bean method with a BeanDefinitionRegistryPostProcessor return type: Consider declaring such methods as 'static'.
[11:11:07:621] [INFO] - org.springframework.boot.web.embedded.jetty.JettyServletWebServerFactory.getWebServer(JettyServletWebServerFactory.java:143) - Server initialized with port: 8888
[11:11:07:669] [INFO] - org.springframework.boot.web.servlet.context.ServletWebServerApplicationContext.prepareWebApplicationContext(ServletWebServerApplicationContext.java:296) - Root WebApplicationContext: initialization completed in 11706 ms
[11:11:08:611] [INFO] - org.springframework.cache.ehcache.EhCacheManagerFactoryBean.afterPropertiesSet(EhCacheManagerFactoryBean.java:134) - Initializing EhCache CacheManager
[11:11:09:332] [INFO] - org.springframework.scheduling.concurrent.ExecutorConfigurationSupport.initialize(ExecutorConfigurationSupport.java:171) - Initializing ExecutorService 'applicationTaskExecutor'
[11:11:10:209] [INFO] - com.alibaba.druid.pool.DruidDataSource.init(DruidDataSource.java:930) - {dataSource-1} inited
[11:11:10:280] [INFO] - org.quartz.impl.StdSchedulerFactory.instantiate(StdSchedulerFactory.java:1208) - Using default implementation for ThreadExecutor
[11:11:10:306] [INFO] - org.quartz.core.SchedulerSignalerImpl.<init>(SchedulerSignalerImpl.java:61) - Initialized Scheduler Signaller of type: class org.quartz.core.SchedulerSignalerImpl
[11:11:10:307] [INFO] - org.quartz.core.QuartzScheduler.<init>(QuartzScheduler.java:229) - Quartz Scheduler v.2.3.1 created.
[11:11:10:308] [INFO] - org.quartz.simpl.RAMJobStore.initialize(RAMJobStore.java:155) - RAMJobStore initialized.
[11:11:10:309] [INFO] - org.quartz.core.QuartzScheduler.initialize(QuartzScheduler.java:294) - Scheduler meta-data: Quartz Scheduler (v2.3.1) 'quartzScheduler' with instanceId 'NON_CLUSTERED'
  Scheduler class: 'org.quartz.core.QuartzScheduler' - running locally.
  NOT STARTED.
  Currently in standby mode.
  Number of jobs executed: 0
  Using thread pool 'org.quartz.simpl.SimpleThreadPool' - with 10 threads.
  Using job-store 'org.quartz.simpl.RAMJobStore' - which does not support persistence. and is not clustered.

[11:11:10:311] [INFO] - org.quartz.impl.StdSchedulerFactory.instantiate(StdSchedulerFactory.java:1362) - Quartz scheduler 'quartzScheduler' initialized from an externally provided properties instance.
[11:11:10:311] [INFO] - org.quartz.impl.StdSchedulerFactory.instantiate(StdSchedulerFactory.java:1366) - Quartz scheduler version: 2.3.1
[11:11:10:311] [INFO] - org.quartz.core.QuartzScheduler.setJobFactory(QuartzScheduler.java:2293) - JobFactory set to: org.springframework.scheduling.quartz.SpringBeanJobFactory@113c6d07
[11:11:10:401] [INFO] - org.springframework.boot.devtools.autoconfigure.OptionalLiveReloadServer.startServer(OptionalLiveReloadServer.java:57) - LiveReload server is running on port 35729
[11:11:10:530] [INFO] - org.springframework.scheduling.quartz.SchedulerFactoryBean.startScheduler(SchedulerFactoryBean.java:726) - Starting Quartz Scheduler now
[11:11:10:530] [INFO] - org.quartz.core.QuartzScheduler.start(QuartzScheduler.java:547) - Scheduler quartzScheduler_$_NON_CLUSTERED started.
[11:11:10:573] [INFO] - org.springframework.web.servlet.FrameworkServlet.initServletBean(FrameworkServlet.java:524) - Initializing Servlet 'dispatcherServlet'
[11:11:10:582] [INFO] - org.springframework.web.servlet.FrameworkServlet.initServletBean(FrameworkServlet.java:546) - Completed initialization in 9 ms
[11:11:10:632] [INFO] - org.springframework.boot.web.embedded.jetty.JettyWebServer.start(JettyWebServer.java:159) - Jetty started on port(s) 8888 (http/1.1) with context path '/sbox'
[11:11:10:636] [INFO] - org.springframework.boot.StartupInfoLogger.logStarted(StartupInfoLogger.java:59) - Started ServerClientApplication in 15.93 seconds (JVM running for 23.957)
