[09:38:48:599] [WARN] - org.mybatis.spring.mapper.ClassPathMapperScanner.doScan(ClassPathMapperScanner.java:166) - No MyBatis mapper was found in '[com]' package. Please check your configuration.
[09:41:11:057] [WARN] - org.mybatis.spring.mapper.ClassPathMapperScanner.doScan(ClassPathMapperScanner.java:166) - No MyBatis mapper was found in '[com]' package. Please check your configuration.
[09:42:58:429] [WARN] - org.mybatis.spring.mapper.ClassPathMapperScanner.doScan(ClassPathMapperScanner.java:166) - No MyBatis mapper was found in '[com]' package. Please check your configuration.
[09:44:46:416] [WARN] - org.mybatis.spring.mapper.ClassPathMapperScanner.doScan(ClassPathMapperScanner.java:166) - No MyBatis mapper was found in '[com]' package. Please check your configuration.
[09:46:01:762] [WARN] - org.mybatis.spring.mapper.ClassPathMapperScanner.doScan(ClassPathMapperScanner.java:166) - No MyBatis mapper was found in '[com]' package. Please check your configuration.
[10:04:19:912] [WARN] - org.mybatis.spring.mapper.ClassPathMapperScanner.doScan(ClassPathMapperScanner.java:166) - No MyBatis mapper was found in '[com]' package. Please check your configuration.
[10:06:06:893] [WARN] - org.mybatis.spring.mapper.ClassPathMapperScanner.doScan(ClassPathMapperScanner.java:166) - No MyBatis mapper was found in '[com]' package. Please check your configuration.
[10:09:51:282] [WARN] - org.mybatis.spring.mapper.ClassPathMapperScanner.doScan(ClassPathMapperScanner.java:166) - No MyBatis mapper was found in '[com]' package. Please check your configuration.
[10:12:22:371] [WARN] - org.mybatis.spring.mapper.ClassPathMapperScanner.doScan(ClassPathMapperScanner.java:166) - No MyBatis mapper was found in '[com]' package. Please check your configuration.
[10:15:00:704] [WARN] - org.mybatis.spring.mapper.ClassPathMapperScanner.doScan(ClassPathMapperScanner.java:166) - No MyBatis mapper was found in '[com]' package. Please check your configuration.
[10:16:54:153] [WARN] - org.mybatis.spring.mapper.ClassPathMapperScanner.doScan(ClassPathMapperScanner.java:166) - No MyBatis mapper was found in '[com]' package. Please check your configuration.
[10:19:09:831] [WARN] - org.mybatis.spring.mapper.ClassPathMapperScanner.doScan(ClassPathMapperScanner.java:166) - No MyBatis mapper was found in '[com]' package. Please check your configuration.
[10:20:06:038] [ERROR] - com.alibaba.druid.filter.stat.StatFilter.mergeSql(StatFilter.java:149) - merge sql error, dbType mysql, druid-1.1.10, sql : (  
                INSERT INTO proj_gansujiguanshiwu_datapool_danweixinxi(
                id,
                OWNER,
                danweimingcheng,
                danweirenshu
                )
                VALUES(REPLACE(UUID(),'-','%'),'admin',?,'300')
             , 
                INSERT INTO proj_gansujiguanshiwu_datapool_danweixinxi(
                id,
                OWNER,
                danweimingcheng,
                danweirenshu
                )
                VALUES(REPLACE(UUID(),'-','%'),'admin',?,'300')
             )
com.alibaba.druid.sql.parser.ParserException: TODO pos 26, line 1, column 2, token INSERT
	at com.alibaba.druid.sql.parser.SQLStatementParser.parseStatementList(SQLStatementParser.java:406) ~[druid-1.1.10.jar:1.1.10]
	at com.alibaba.druid.sql.parser.SQLStatementParser.parseStatementList(SQLStatementParser.java:72) ~[druid-1.1.10.jar:1.1.10]
	at com.alibaba.druid.sql.visitor.ParameterizedOutputVisitorUtils.parameterize(ParameterizedOutputVisitorUtils.java:94) ~[druid-1.1.10.jar:1.1.10]
	at com.alibaba.druid.sql.visitor.ParameterizedOutputVisitorUtils.parameterize(ParameterizedOutputVisitorUtils.java:77) ~[druid-1.1.10.jar:1.1.10]
	at com.alibaba.druid.sql.visitor.ParameterizedOutputVisitorUtils.parameterize(ParameterizedOutputVisitorUtils.java:50) ~[druid-1.1.10.jar:1.1.10]
	at com.alibaba.druid.filter.stat.StatFilter.mergeSql(StatFilter.java:147) [druid-1.1.10.jar:1.1.10]
	at com.alibaba.druid.filter.stat.StatFilter.createSqlStat(StatFilter.java:648) [druid-1.1.10.jar:1.1.10]
	at com.alibaba.druid.filter.stat.StatFilter.statementPrepareAfter(StatFilter.java:311) [druid-1.1.10.jar:1.1.10]
	at com.alibaba.druid.filter.FilterEventAdapter.connection_prepareStatement(FilterEventAdapter.java:124) [druid-1.1.10.jar:1.1.10]
	at com.alibaba.druid.filter.FilterChainImpl.connection_prepareStatement(FilterChainImpl.java:568) [druid-1.1.10.jar:1.1.10]
	at com.alibaba.druid.proxy.jdbc.ConnectionProxyImpl.prepareStatement(ConnectionProxyImpl.java:342) [druid-1.1.10.jar:1.1.10]
	at com.alibaba.druid.pool.DruidPooledConnection.prepareStatement(DruidPooledConnection.java:349) [druid-1.1.10.jar:1.1.10]
	at sun.reflect.NativeMethodAccessorImpl.invoke0(Native Method) ~[?:1.8.0_65]
	at sun.reflect.NativeMethodAccessorImpl.invoke(NativeMethodAccessorImpl.java:62) ~[?:1.8.0_65]
	at sun.reflect.DelegatingMethodAccessorImpl.invoke(DelegatingMethodAccessorImpl.java:43) ~[?:1.8.0_65]
	at java.lang.reflect.Method.invoke(Method.java:497) ~[?:1.8.0_65]
	at org.apache.ibatis.logging.jdbc.ConnectionLogger.invoke(ConnectionLogger.java:55) [mybatis-3.5.0.jar:3.5.0]
	at com.sun.proxy.$Proxy144.prepareStatement(Unknown Source) [?:?]
	at org.apache.ibatis.executor.statement.PreparedStatementHandler.instantiateStatement(PreparedStatementHandler.java:86) [mybatis-3.5.0.jar:3.5.0]
	at org.apache.ibatis.executor.statement.BaseStatementHandler.prepare(BaseStatementHandler.java:88) [mybatis-3.5.0.jar:3.5.0]
	at org.apache.ibatis.executor.statement.RoutingStatementHandler.prepare(RoutingStatementHandler.java:59) [mybatis-3.5.0.jar:3.5.0]
	at org.apache.ibatis.executor.SimpleExecutor.prepareStatement(SimpleExecutor.java:86) [mybatis-3.5.0.jar:3.5.0]
	at org.apache.ibatis.executor.SimpleExecutor.doUpdate(SimpleExecutor.java:49) [mybatis-3.5.0.jar:3.5.0]
	at org.apache.ibatis.executor.BaseExecutor.update(BaseExecutor.java:117) [mybatis-3.5.0.jar:3.5.0]
	at org.apache.ibatis.executor.CachingExecutor.update(CachingExecutor.java:76) [mybatis-3.5.0.jar:3.5.0]
	at org.apache.ibatis.session.defaults.DefaultSqlSession.update(DefaultSqlSession.java:198) [mybatis-3.5.0.jar:3.5.0]
	at org.apache.ibatis.session.defaults.DefaultSqlSession.insert(DefaultSqlSession.java:185) [mybatis-3.5.0.jar:3.5.0]
	at sun.reflect.NativeMethodAccessorImpl.invoke0(Native Method) ~[?:1.8.0_65]
	at sun.reflect.NativeMethodAccessorImpl.invoke(NativeMethodAccessorImpl.java:62) ~[?:1.8.0_65]
	at sun.reflect.DelegatingMethodAccessorImpl.invoke(DelegatingMethodAccessorImpl.java:43) ~[?:1.8.0_65]
	at java.lang.reflect.Method.invoke(Method.java:497) ~[?:1.8.0_65]
	at org.mybatis.spring.SqlSessionTemplate$SqlSessionInterceptor.invoke(SqlSessionTemplate.java:433) [mybatis-spring-1.3.1.jar:1.3.1]
	at com.sun.proxy.$Proxy87.insert(Unknown Source) [?:?]
	at org.mybatis.spring.SqlSessionTemplate.insert(SqlSessionTemplate.java:278) [mybatis-spring-1.3.1.jar:1.3.1]
	at org.apache.ibatis.binding.MapperMethod.execute(MapperMethod.java:59) [mybatis-3.5.0.jar:3.5.0]
	at org.apache.ibatis.binding.MapperProxy.invoke(MapperProxy.java:58) [mybatis-3.5.0.jar:3.5.0]
	at com.sun.proxy.$Proxy120.addData(Unknown Source) [?:?]
	at sun.reflect.NativeMethodAccessorImpl.invoke0(Native Method) ~[?:1.8.0_65]
	at sun.reflect.NativeMethodAccessorImpl.invoke(NativeMethodAccessorImpl.java:62) ~[?:1.8.0_65]
	at sun.reflect.DelegatingMethodAccessorImpl.invoke(DelegatingMethodAccessorImpl.java:43) ~[?:1.8.0_65]
	at java.lang.reflect.Method.invoke(Method.java:497) ~[?:1.8.0_65]
	at org.springframework.aop.support.AopUtils.invokeJoinpointUsingReflection(AopUtils.java:343) [spring-aop-5.1.7.RELEASE.jar:5.1.7.RELEASE]
	at org.springframework.aop.framework.ReflectiveMethodInvocation.invokeJoinpoint(ReflectiveMethodInvocation.java:198) [spring-aop-5.1.7.RELEASE.jar:5.1.7.RELEASE]
	at org.springframework.aop.framework.ReflectiveMethodInvocation.proceed(ReflectiveMethodInvocation.java:163) [spring-aop-5.1.7.RELEASE.jar:5.1.7.RELEASE]
	at org.springframework.dao.support.PersistenceExceptionTranslationInterceptor.invoke(PersistenceExceptionTranslationInterceptor.java:139) [spring-tx-5.1.7.RELEASE.jar:5.1.7.RELEASE]
	at org.springframework.aop.framework.ReflectiveMethodInvocation.proceed(ReflectiveMethodInvocation.java:186) [spring-aop-5.1.7.RELEASE.jar:5.1.7.RELEASE]
	at org.springframework.aop.framework.JdkDynamicAopProxy.invoke(JdkDynamicAopProxy.java:212) [spring-aop-5.1.7.RELEASE.jar:5.1.7.RELEASE]
	at com.sun.proxy.$Proxy121.addData(Unknown Source) [?:?]
	at com.core.system.repor.selfService.impl.ReporSelfServiceImpl.addData(ReporSelfServiceImpl.java:39) [classes/:?]
	at com.core.system.repor.controller.ReporController.loding(ReporController.java:78) [classes/:?]
	at sun.reflect.NativeMethodAccessorImpl.invoke0(Native Method) ~[?:1.8.0_65]
	at sun.reflect.NativeMethodAccessorImpl.invoke(NativeMethodAccessorImpl.java:62) ~[?:1.8.0_65]
	at sun.reflect.DelegatingMethodAccessorImpl.invoke(DelegatingMethodAccessorImpl.java:43) ~[?:1.8.0_65]
	at java.lang.reflect.Method.invoke(Method.java:497) ~[?:1.8.0_65]
	at org.springframework.web.method.support.InvocableHandlerMethod.doInvoke(InvocableHandlerMethod.java:190) [spring-web-5.1.7.RELEASE.jar:5.1.7.RELEASE]
	at org.springframework.web.method.support.InvocableHandlerMethod.invokeForRequest(InvocableHandlerMethod.java:138) [spring-web-5.1.7.RELEASE.jar:5.1.7.RELEASE]
	at org.springframework.web.servlet.mvc.method.annotation.ServletInvocableHandlerMethod.invokeAndHandle(ServletInvocableHandlerMethod.java:104) [spring-webmvc-5.1.7.RELEASE.jar:5.1.7.RELEASE]
	at org.springframework.web.servlet.mvc.method.annotation.RequestMappingHandlerAdapter.invokeHandlerMethod(RequestMappingHandlerAdapter.java:892) [spring-webmvc-5.1.7.RELEASE.jar:5.1.7.RELEASE]
	at org.springframework.web.servlet.mvc.method.annotation.RequestMappingHandlerAdapter.handleInternal(RequestMappingHandlerAdapter.java:797) [spring-webmvc-5.1.7.RELEASE.jar:5.1.7.RELEASE]
	at org.springframework.web.servlet.mvc.method.AbstractHandlerMethodAdapter.handle(AbstractHandlerMethodAdapter.java:87) [spring-webmvc-5.1.7.RELEASE.jar:5.1.7.RELEASE]
	at org.springframework.web.servlet.DispatcherServlet.doDispatch(DispatcherServlet.java:1039) [spring-webmvc-5.1.7.RELEASE.jar:5.1.7.RELEASE]
	at org.springframework.web.servlet.DispatcherServlet.doService(DispatcherServlet.java:942) [spring-webmvc-5.1.7.RELEASE.jar:5.1.7.RELEASE]
	at org.springframework.web.servlet.FrameworkServlet.processRequest(FrameworkServlet.java:1005) [spring-webmvc-5.1.7.RELEASE.jar:5.1.7.RELEASE]
	at org.springframework.web.servlet.FrameworkServlet.doGet(FrameworkServlet.java:897) [spring-webmvc-5.1.7.RELEASE.jar:5.1.7.RELEASE]
	at javax.servlet.http.HttpServlet.service(HttpServlet.java:645) [javax.servlet-api-4.0.1.jar:4.0.1]
	at org.springframework.web.servlet.FrameworkServlet.service(FrameworkServlet.java:882) [spring-webmvc-5.1.7.RELEASE.jar:5.1.7.RELEASE]
	at javax.servlet.http.HttpServlet.service(HttpServlet.java:750) [javax.servlet-api-4.0.1.jar:4.0.1]
	at org.eclipse.jetty.servlet.ServletHolder.handle(ServletHolder.java:873) [jetty-servlet-9.4.18.v20190429.jar:9.4.18.v20190429]
	at org.eclipse.jetty.servlet.ServletHandler$CachedChain.doFilter(ServletHandler.java:1623) [jetty-servlet-9.4.18.v20190429.jar:9.4.18.v20190429]
	at org.eclipse.jetty.websocket.server.WebSocketUpgradeFilter.doFilter(WebSocketUpgradeFilter.java:214) [websocket-server-9.4.18.v20190429.jar:9.4.18.v20190429]
	at org.eclipse.jetty.servlet.ServletHandler$CachedChain.doFilter(ServletHandler.java:1610) [jetty-servlet-9.4.18.v20190429.jar:9.4.18.v20190429]
	at com.alibaba.druid.support.http.WebStatFilter.doFilter(WebStatFilter.java:123) [druid-1.1.10.jar:1.1.10]
	at org.eclipse.jetty.servlet.ServletHandler$CachedChain.doFilter(ServletHandler.java:1610) [jetty-servlet-9.4.18.v20190429.jar:9.4.18.v20190429]
	at org.springframework.web.filter.RequestContextFilter.doFilterInternal(RequestContextFilter.java:99) [spring-web-5.1.7.RELEASE.jar:5.1.7.RELEASE]
	at org.springframework.web.filter.OncePerRequestFilter.doFilter(OncePerRequestFilter.java:107) [spring-web-5.1.7.RELEASE.jar:5.1.7.RELEASE]
	at org.eclipse.jetty.servlet.ServletHandler$CachedChain.doFilter(ServletHandler.java:1610) [jetty-servlet-9.4.18.v20190429.jar:9.4.18.v20190429]
	at org.springframework.web.filter.FormContentFilter.doFilterInternal(FormContentFilter.java:92) [spring-web-5.1.7.RELEASE.jar:5.1.7.RELEASE]
	at org.springframework.web.filter.OncePerRequestFilter.doFilter(OncePerRequestFilter.java:107) [spring-web-5.1.7.RELEASE.jar:5.1.7.RELEASE]
	at org.eclipse.jetty.servlet.ServletHandler$CachedChain.doFilter(ServletHandler.java:1610) [jetty-servlet-9.4.18.v20190429.jar:9.4.18.v20190429]
	at org.springframework.web.filter.HiddenHttpMethodFilter.doFilterInternal(HiddenHttpMethodFilter.java:93) [spring-web-5.1.7.RELEASE.jar:5.1.7.RELEASE]
	at org.springframework.web.filter.OncePerRequestFilter.doFilter(OncePerRequestFilter.java:107) [spring-web-5.1.7.RELEASE.jar:5.1.7.RELEASE]
	at org.eclipse.jetty.servlet.ServletHandler$CachedChain.doFilter(ServletHandler.java:1610) [jetty-servlet-9.4.18.v20190429.jar:9.4.18.v20190429]
	at org.springframework.web.filter.CharacterEncodingFilter.doFilterInternal(CharacterEncodingFilter.java:200) [spring-web-5.1.7.RELEASE.jar:5.1.7.RELEASE]
	at org.springframework.web.filter.OncePerRequestFilter.doFilter(OncePerRequestFilter.java:107) [spring-web-5.1.7.RELEASE.jar:5.1.7.RELEASE]
	at org.eclipse.jetty.servlet.ServletHandler$CachedChain.doFilter(ServletHandler.java:1610) [jetty-servlet-9.4.18.v20190429.jar:9.4.18.v20190429]
	at org.eclipse.jetty.servlet.ServletHandler.doHandle(ServletHandler.java:540) [jetty-servlet-9.4.18.v20190429.jar:9.4.18.v20190429]
	at org.eclipse.jetty.server.handler.ScopedHandler.handle(ScopedHandler.java:146) [jetty-server-9.4.18.v20190429.jar:9.4.18.v20190429]
	at org.eclipse.jetty.security.SecurityHandler.handle(SecurityHandler.java:548) [jetty-security-9.4.18.v20190429.jar:9.4.18.v20190429]
	at org.eclipse.jetty.server.handler.HandlerWrapper.handle(HandlerWrapper.java:132) [jetty-server-9.4.18.v20190429.jar:9.4.18.v20190429]
	at org.eclipse.jetty.server.handler.ScopedHandler.nextHandle(ScopedHandler.java:257) [jetty-server-9.4.18.v20190429.jar:9.4.18.v20190429]
	at org.eclipse.jetty.server.session.SessionHandler.doHandle(SessionHandler.java:1700) [jetty-server-9.4.18.v20190429.jar:9.4.18.v20190429]
	at org.eclipse.jetty.server.handler.ScopedHandler.nextHandle(ScopedHandler.java:255) [jetty-server-9.4.18.v20190429.jar:9.4.18.v20190429]
	at org.eclipse.jetty.server.handler.ContextHandler.doHandle(ContextHandler.java:1345) [jetty-server-9.4.18.v20190429.jar:9.4.18.v20190429]
	at org.eclipse.jetty.server.handler.ScopedHandler.nextScope(ScopedHandler.java:203) [jetty-server-9.4.18.v20190429.jar:9.4.18.v20190429]
	at org.eclipse.jetty.servlet.ServletHandler.doScope(ServletHandler.java:480) [jetty-servlet-9.4.18.v20190429.jar:9.4.18.v20190429]
	at org.eclipse.jetty.server.session.SessionHandler.doScope(SessionHandler.java:1667) [jetty-server-9.4.18.v20190429.jar:9.4.18.v20190429]
	at org.eclipse.jetty.server.handler.ScopedHandler.nextScope(ScopedHandler.java:201) [jetty-server-9.4.18.v20190429.jar:9.4.18.v20190429]
	at org.eclipse.jetty.server.handler.ContextHandler.doScope(ContextHandler.java:1247) [jetty-server-9.4.18.v20190429.jar:9.4.18.v20190429]
	at org.eclipse.jetty.server.handler.ScopedHandler.handle(ScopedHandler.java:144) [jetty-server-9.4.18.v20190429.jar:9.4.18.v20190429]
	at org.eclipse.jetty.server.handler.HandlerWrapper.handle(HandlerWrapper.java:132) [jetty-server-9.4.18.v20190429.jar:9.4.18.v20190429]
	at org.eclipse.jetty.server.Server.handle(Server.java:505) [jetty-server-9.4.18.v20190429.jar:9.4.18.v20190429]
	at org.eclipse.jetty.server.HttpChannel.handle(HttpChannel.java:370) [jetty-server-9.4.18.v20190429.jar:9.4.18.v20190429]
	at org.eclipse.jetty.server.HttpConnection.onFillable(HttpConnection.java:267) [jetty-server-9.4.18.v20190429.jar:9.4.18.v20190429]
	at org.eclipse.jetty.io.AbstractConnection$ReadCallback.succeeded(AbstractConnection.java:305) [jetty-io-9.4.18.v20190429.jar:9.4.18.v20190429]
	at org.eclipse.jetty.io.FillInterest.fillable(FillInterest.java:103) [jetty-io-9.4.18.v20190429.jar:9.4.18.v20190429]
	at org.eclipse.jetty.io.ChannelEndPoint$2.run(ChannelEndPoint.java:117) [jetty-io-9.4.18.v20190429.jar:9.4.18.v20190429]
	at org.eclipse.jetty.util.thread.strategy.EatWhatYouKill.runTask(EatWhatYouKill.java:333) [jetty-util-9.4.18.v20190429.jar:9.4.18.v20190429]
	at org.eclipse.jetty.util.thread.strategy.EatWhatYouKill.doProduce(EatWhatYouKill.java:310) [jetty-util-9.4.18.v20190429.jar:9.4.18.v20190429]
	at org.eclipse.jetty.util.thread.strategy.EatWhatYouKill.tryProduce(EatWhatYouKill.java:168) [jetty-util-9.4.18.v20190429.jar:9.4.18.v20190429]
	at org.eclipse.jetty.util.thread.strategy.EatWhatYouKill.run(EatWhatYouKill.java:126) [jetty-util-9.4.18.v20190429.jar:9.4.18.v20190429]
	at org.eclipse.jetty.util.thread.ReservedThreadExecutor$ReservedThread.run(ReservedThreadExecutor.java:366) [jetty-util-9.4.18.v20190429.jar:9.4.18.v20190429]
	at org.eclipse.jetty.util.thread.QueuedThreadPool.runJob(QueuedThreadPool.java:698) [jetty-util-9.4.18.v20190429.jar:9.4.18.v20190429]
	at org.eclipse.jetty.util.thread.QueuedThreadPool$Runner.run(QueuedThreadPool.java:804) [jetty-util-9.4.18.v20190429.jar:9.4.18.v20190429]
	at java.lang.Thread.run(Thread.java:745) [?:1.8.0_65]
[10:24:17:285] [ERROR] - com.alibaba.druid.filter.stat.StatFilter.mergeSql(StatFilter.java:149) - merge sql error, dbType mysql, druid-1.1.10, sql : (  
                INSERT INTO proj_gansujiguanshiwu_datapool_danweixinxi(
                id,
                OWNER,
                danweimingcheng,
                danweirenshu
                )
                VALUES(REPLACE(UUID(),'-','%'),'admin',?,'300')
             , 
                INSERT INTO proj_gansujiguanshiwu_datapool_danweixinxi(
                id,
                OWNER,
                danweimingcheng,
                danweirenshu
                )
                VALUES(REPLACE(UUID(),'-','%'),'admin',?,'300')
             )
com.alibaba.druid.sql.parser.ParserException: TODO pos 26, line 1, column 2, token INSERT
	at com.alibaba.druid.sql.parser.SQLStatementParser.parseStatementList(SQLStatementParser.java:406) ~[druid-1.1.10.jar:1.1.10]
	at com.alibaba.druid.sql.parser.SQLStatementParser.parseStatementList(SQLStatementParser.java:72) ~[druid-1.1.10.jar:1.1.10]
	at com.alibaba.druid.sql.visitor.ParameterizedOutputVisitorUtils.parameterize(ParameterizedOutputVisitorUtils.java:94) ~[druid-1.1.10.jar:1.1.10]
	at com.alibaba.druid.sql.visitor.ParameterizedOutputVisitorUtils.parameterize(ParameterizedOutputVisitorUtils.java:77) ~[druid-1.1.10.jar:1.1.10]
	at com.alibaba.druid.sql.visitor.ParameterizedOutputVisitorUtils.parameterize(ParameterizedOutputVisitorUtils.java:50) ~[druid-1.1.10.jar:1.1.10]
	at com.alibaba.druid.filter.stat.StatFilter.mergeSql(StatFilter.java:147) [druid-1.1.10.jar:1.1.10]
	at com.alibaba.druid.filter.stat.StatFilter.createSqlStat(StatFilter.java:648) [druid-1.1.10.jar:1.1.10]
	at com.alibaba.druid.filter.stat.StatFilter.statementPrepareAfter(StatFilter.java:311) [druid-1.1.10.jar:1.1.10]
	at com.alibaba.druid.filter.FilterEventAdapter.connection_prepareStatement(FilterEventAdapter.java:124) [druid-1.1.10.jar:1.1.10]
	at com.alibaba.druid.filter.FilterChainImpl.connection_prepareStatement(FilterChainImpl.java:568) [druid-1.1.10.jar:1.1.10]
	at com.alibaba.druid.proxy.jdbc.ConnectionProxyImpl.prepareStatement(ConnectionProxyImpl.java:342) [druid-1.1.10.jar:1.1.10]
	at com.alibaba.druid.pool.DruidPooledConnection.prepareStatement(DruidPooledConnection.java:349) [druid-1.1.10.jar:1.1.10]
	at sun.reflect.NativeMethodAccessorImpl.invoke0(Native Method) ~[?:1.8.0_65]
	at sun.reflect.NativeMethodAccessorImpl.invoke(NativeMethodAccessorImpl.java:62) ~[?:1.8.0_65]
	at sun.reflect.DelegatingMethodAccessorImpl.invoke(DelegatingMethodAccessorImpl.java:43) ~[?:1.8.0_65]
	at java.lang.reflect.Method.invoke(Method.java:497) ~[?:1.8.0_65]
	at org.apache.ibatis.logging.jdbc.ConnectionLogger.invoke(ConnectionLogger.java:55) [mybatis-3.5.0.jar:3.5.0]
	at com.sun.proxy.$Proxy144.prepareStatement(Unknown Source) [?:?]
	at org.apache.ibatis.executor.statement.PreparedStatementHandler.instantiateStatement(PreparedStatementHandler.java:86) [mybatis-3.5.0.jar:3.5.0]
	at org.apache.ibatis.executor.statement.BaseStatementHandler.prepare(BaseStatementHandler.java:88) [mybatis-3.5.0.jar:3.5.0]
	at org.apache.ibatis.executor.statement.RoutingStatementHandler.prepare(RoutingStatementHandler.java:59) [mybatis-3.5.0.jar:3.5.0]
	at org.apache.ibatis.executor.SimpleExecutor.prepareStatement(SimpleExecutor.java:86) [mybatis-3.5.0.jar:3.5.0]
	at org.apache.ibatis.executor.SimpleExecutor.doUpdate(SimpleExecutor.java:49) [mybatis-3.5.0.jar:3.5.0]
	at org.apache.ibatis.executor.BaseExecutor.update(BaseExecutor.java:117) [mybatis-3.5.0.jar:3.5.0]
	at org.apache.ibatis.executor.CachingExecutor.update(CachingExecutor.java:76) [mybatis-3.5.0.jar:3.5.0]
	at org.apache.ibatis.session.defaults.DefaultSqlSession.update(DefaultSqlSession.java:198) [mybatis-3.5.0.jar:3.5.0]
	at org.apache.ibatis.session.defaults.DefaultSqlSession.insert(DefaultSqlSession.java:185) [mybatis-3.5.0.jar:3.5.0]
	at sun.reflect.NativeMethodAccessorImpl.invoke0(Native Method) ~[?:1.8.0_65]
	at sun.reflect.NativeMethodAccessorImpl.invoke(NativeMethodAccessorImpl.java:62) ~[?:1.8.0_65]
	at sun.reflect.DelegatingMethodAccessorImpl.invoke(DelegatingMethodAccessorImpl.java:43) ~[?:1.8.0_65]
	at java.lang.reflect.Method.invoke(Method.java:497) ~[?:1.8.0_65]
	at org.mybatis.spring.SqlSessionTemplate$SqlSessionInterceptor.invoke(SqlSessionTemplate.java:433) [mybatis-spring-1.3.1.jar:1.3.1]
	at com.sun.proxy.$Proxy87.insert(Unknown Source) [?:?]
	at org.mybatis.spring.SqlSessionTemplate.insert(SqlSessionTemplate.java:278) [mybatis-spring-1.3.1.jar:1.3.1]
	at org.apache.ibatis.binding.MapperMethod.execute(MapperMethod.java:59) [mybatis-3.5.0.jar:3.5.0]
	at org.apache.ibatis.binding.MapperProxy.invoke(MapperProxy.java:58) [mybatis-3.5.0.jar:3.5.0]
	at com.sun.proxy.$Proxy120.addData(Unknown Source) [?:?]
	at sun.reflect.NativeMethodAccessorImpl.invoke0(Native Method) ~[?:1.8.0_65]
	at sun.reflect.NativeMethodAccessorImpl.invoke(NativeMethodAccessorImpl.java:62) ~[?:1.8.0_65]
	at sun.reflect.DelegatingMethodAccessorImpl.invoke(DelegatingMethodAccessorImpl.java:43) ~[?:1.8.0_65]
	at java.lang.reflect.Method.invoke(Method.java:497) ~[?:1.8.0_65]
	at org.springframework.aop.support.AopUtils.invokeJoinpointUsingReflection(AopUtils.java:343) [spring-aop-5.1.7.RELEASE.jar:5.1.7.RELEASE]
	at org.springframework.aop.framework.ReflectiveMethodInvocation.invokeJoinpoint(ReflectiveMethodInvocation.java:198) [spring-aop-5.1.7.RELEASE.jar:5.1.7.RELEASE]
	at org.springframework.aop.framework.ReflectiveMethodInvocation.proceed(ReflectiveMethodInvocation.java:163) [spring-aop-5.1.7.RELEASE.jar:5.1.7.RELEASE]
	at org.springframework.dao.support.PersistenceExceptionTranslationInterceptor.invoke(PersistenceExceptionTranslationInterceptor.java:139) [spring-tx-5.1.7.RELEASE.jar:5.1.7.RELEASE]
	at org.springframework.aop.framework.ReflectiveMethodInvocation.proceed(ReflectiveMethodInvocation.java:186) [spring-aop-5.1.7.RELEASE.jar:5.1.7.RELEASE]
	at org.springframework.aop.framework.JdkDynamicAopProxy.invoke(JdkDynamicAopProxy.java:212) [spring-aop-5.1.7.RELEASE.jar:5.1.7.RELEASE]
	at com.sun.proxy.$Proxy121.addData(Unknown Source) [?:?]
	at com.core.system.repor.selfService.impl.ReporSelfServiceImpl.addData(ReporSelfServiceImpl.java:39) [classes/:?]
	at com.core.system.repor.controller.ReporController.loding(ReporController.java:78) [classes/:?]
	at sun.reflect.NativeMethodAccessorImpl.invoke0(Native Method) ~[?:1.8.0_65]
	at sun.reflect.NativeMethodAccessorImpl.invoke(NativeMethodAccessorImpl.java:62) ~[?:1.8.0_65]
	at sun.reflect.DelegatingMethodAccessorImpl.invoke(DelegatingMethodAccessorImpl.java:43) ~[?:1.8.0_65]
	at java.lang.reflect.Method.invoke(Method.java:497) ~[?:1.8.0_65]
	at org.springframework.web.method.support.InvocableHandlerMethod.doInvoke(InvocableHandlerMethod.java:190) [spring-web-5.1.7.RELEASE.jar:5.1.7.RELEASE]
	at org.springframework.web.method.support.InvocableHandlerMethod.invokeForRequest(InvocableHandlerMethod.java:138) [spring-web-5.1.7.RELEASE.jar:5.1.7.RELEASE]
	at org.springframework.web.servlet.mvc.method.annotation.ServletInvocableHandlerMethod.invokeAndHandle(ServletInvocableHandlerMethod.java:104) [spring-webmvc-5.1.7.RELEASE.jar:5.1.7.RELEASE]
	at org.springframework.web.servlet.mvc.method.annotation.RequestMappingHandlerAdapter.invokeHandlerMethod(RequestMappingHandlerAdapter.java:892) [spring-webmvc-5.1.7.RELEASE.jar:5.1.7.RELEASE]
	at org.springframework.web.servlet.mvc.method.annotation.RequestMappingHandlerAdapter.handleInternal(RequestMappingHandlerAdapter.java:797) [spring-webmvc-5.1.7.RELEASE.jar:5.1.7.RELEASE]
	at org.springframework.web.servlet.mvc.method.AbstractHandlerMethodAdapter.handle(AbstractHandlerMethodAdapter.java:87) [spring-webmvc-5.1.7.RELEASE.jar:5.1.7.RELEASE]
	at org.springframework.web.servlet.DispatcherServlet.doDispatch(DispatcherServlet.java:1039) [spring-webmvc-5.1.7.RELEASE.jar:5.1.7.RELEASE]
	at org.springframework.web.servlet.DispatcherServlet.doService(DispatcherServlet.java:942) [spring-webmvc-5.1.7.RELEASE.jar:5.1.7.RELEASE]
	at org.springframework.web.servlet.FrameworkServlet.processRequest(FrameworkServlet.java:1005) [spring-webmvc-5.1.7.RELEASE.jar:5.1.7.RELEASE]
	at org.springframework.web.servlet.FrameworkServlet.doGet(FrameworkServlet.java:897) [spring-webmvc-5.1.7.RELEASE.jar:5.1.7.RELEASE]
	at javax.servlet.http.HttpServlet.service(HttpServlet.java:645) [javax.servlet-api-4.0.1.jar:4.0.1]
	at org.springframework.web.servlet.FrameworkServlet.service(FrameworkServlet.java:882) [spring-webmvc-5.1.7.RELEASE.jar:5.1.7.RELEASE]
	at javax.servlet.http.HttpServlet.service(HttpServlet.java:750) [javax.servlet-api-4.0.1.jar:4.0.1]
	at org.eclipse.jetty.servlet.ServletHolder.handle(ServletHolder.java:873) [jetty-servlet-9.4.18.v20190429.jar:9.4.18.v20190429]
	at org.eclipse.jetty.servlet.ServletHandler$CachedChain.doFilter(ServletHandler.java:1623) [jetty-servlet-9.4.18.v20190429.jar:9.4.18.v20190429]
	at org.eclipse.jetty.websocket.server.WebSocketUpgradeFilter.doFilter(WebSocketUpgradeFilter.java:214) [websocket-server-9.4.18.v20190429.jar:9.4.18.v20190429]
	at org.eclipse.jetty.servlet.ServletHandler$CachedChain.doFilter(ServletHandler.java:1610) [jetty-servlet-9.4.18.v20190429.jar:9.4.18.v20190429]
	at com.alibaba.druid.support.http.WebStatFilter.doFilter(WebStatFilter.java:123) [druid-1.1.10.jar:1.1.10]
	at org.eclipse.jetty.servlet.ServletHandler$CachedChain.doFilter(ServletHandler.java:1610) [jetty-servlet-9.4.18.v20190429.jar:9.4.18.v20190429]
	at org.springframework.web.filter.RequestContextFilter.doFilterInternal(RequestContextFilter.java:99) [spring-web-5.1.7.RELEASE.jar:5.1.7.RELEASE]
	at org.springframework.web.filter.OncePerRequestFilter.doFilter(OncePerRequestFilter.java:107) [spring-web-5.1.7.RELEASE.jar:5.1.7.RELEASE]
	at org.eclipse.jetty.servlet.ServletHandler$CachedChain.doFilter(ServletHandler.java:1610) [jetty-servlet-9.4.18.v20190429.jar:9.4.18.v20190429]
	at org.springframework.web.filter.FormContentFilter.doFilterInternal(FormContentFilter.java:92) [spring-web-5.1.7.RELEASE.jar:5.1.7.RELEASE]
	at org.springframework.web.filter.OncePerRequestFilter.doFilter(OncePerRequestFilter.java:107) [spring-web-5.1.7.RELEASE.jar:5.1.7.RELEASE]
	at org.eclipse.jetty.servlet.ServletHandler$CachedChain.doFilter(ServletHandler.java:1610) [jetty-servlet-9.4.18.v20190429.jar:9.4.18.v20190429]
	at org.springframework.web.filter.HiddenHttpMethodFilter.doFilterInternal(HiddenHttpMethodFilter.java:93) [spring-web-5.1.7.RELEASE.jar:5.1.7.RELEASE]
	at org.springframework.web.filter.OncePerRequestFilter.doFilter(OncePerRequestFilter.java:107) [spring-web-5.1.7.RELEASE.jar:5.1.7.RELEASE]
	at org.eclipse.jetty.servlet.ServletHandler$CachedChain.doFilter(ServletHandler.java:1610) [jetty-servlet-9.4.18.v20190429.jar:9.4.18.v20190429]
	at org.springframework.web.filter.CharacterEncodingFilter.doFilterInternal(CharacterEncodingFilter.java:200) [spring-web-5.1.7.RELEASE.jar:5.1.7.RELEASE]
	at org.springframework.web.filter.OncePerRequestFilter.doFilter(OncePerRequestFilter.java:107) [spring-web-5.1.7.RELEASE.jar:5.1.7.RELEASE]
	at org.eclipse.jetty.servlet.ServletHandler$CachedChain.doFilter(ServletHandler.java:1610) [jetty-servlet-9.4.18.v20190429.jar:9.4.18.v20190429]
	at org.eclipse.jetty.servlet.ServletHandler.doHandle(ServletHandler.java:540) [jetty-servlet-9.4.18.v20190429.jar:9.4.18.v20190429]
	at org.eclipse.jetty.server.handler.ScopedHandler.handle(ScopedHandler.java:146) [jetty-server-9.4.18.v20190429.jar:9.4.18.v20190429]
	at org.eclipse.jetty.security.SecurityHandler.handle(SecurityHandler.java:548) [jetty-security-9.4.18.v20190429.jar:9.4.18.v20190429]
	at org.eclipse.jetty.server.handler.HandlerWrapper.handle(HandlerWrapper.java:132) [jetty-server-9.4.18.v20190429.jar:9.4.18.v20190429]
	at org.eclipse.jetty.server.handler.ScopedHandler.nextHandle(ScopedHandler.java:257) [jetty-server-9.4.18.v20190429.jar:9.4.18.v20190429]
	at org.eclipse.jetty.server.session.SessionHandler.doHandle(SessionHandler.java:1700) [jetty-server-9.4.18.v20190429.jar:9.4.18.v20190429]
	at org.eclipse.jetty.server.handler.ScopedHandler.nextHandle(ScopedHandler.java:255) [jetty-server-9.4.18.v20190429.jar:9.4.18.v20190429]
	at org.eclipse.jetty.server.handler.ContextHandler.doHandle(ContextHandler.java:1345) [jetty-server-9.4.18.v20190429.jar:9.4.18.v20190429]
	at org.eclipse.jetty.server.handler.ScopedHandler.nextScope(ScopedHandler.java:203) [jetty-server-9.4.18.v20190429.jar:9.4.18.v20190429]
	at org.eclipse.jetty.servlet.ServletHandler.doScope(ServletHandler.java:480) [jetty-servlet-9.4.18.v20190429.jar:9.4.18.v20190429]
	at org.eclipse.jetty.server.session.SessionHandler.doScope(SessionHandler.java:1667) [jetty-server-9.4.18.v20190429.jar:9.4.18.v20190429]
	at org.eclipse.jetty.server.handler.ScopedHandler.nextScope(ScopedHandler.java:201) [jetty-server-9.4.18.v20190429.jar:9.4.18.v20190429]
	at org.eclipse.jetty.server.handler.ContextHandler.doScope(ContextHandler.java:1247) [jetty-server-9.4.18.v20190429.jar:9.4.18.v20190429]
	at org.eclipse.jetty.server.handler.ScopedHandler.handle(ScopedHandler.java:144) [jetty-server-9.4.18.v20190429.jar:9.4.18.v20190429]
	at org.eclipse.jetty.server.handler.HandlerWrapper.handle(HandlerWrapper.java:132) [jetty-server-9.4.18.v20190429.jar:9.4.18.v20190429]
	at org.eclipse.jetty.server.Server.handle(Server.java:505) [jetty-server-9.4.18.v20190429.jar:9.4.18.v20190429]
	at org.eclipse.jetty.server.HttpChannel.handle(HttpChannel.java:370) [jetty-server-9.4.18.v20190429.jar:9.4.18.v20190429]
	at org.eclipse.jetty.server.HttpConnection.onFillable(HttpConnection.java:267) [jetty-server-9.4.18.v20190429.jar:9.4.18.v20190429]
	at org.eclipse.jetty.io.AbstractConnection$ReadCallback.succeeded(AbstractConnection.java:305) [jetty-io-9.4.18.v20190429.jar:9.4.18.v20190429]
	at org.eclipse.jetty.io.FillInterest.fillable(FillInterest.java:103) [jetty-io-9.4.18.v20190429.jar:9.4.18.v20190429]
	at org.eclipse.jetty.io.ChannelEndPoint$2.run(ChannelEndPoint.java:117) [jetty-io-9.4.18.v20190429.jar:9.4.18.v20190429]
	at org.eclipse.jetty.util.thread.strategy.EatWhatYouKill.runTask(EatWhatYouKill.java:333) [jetty-util-9.4.18.v20190429.jar:9.4.18.v20190429]
	at org.eclipse.jetty.util.thread.strategy.EatWhatYouKill.doProduce(EatWhatYouKill.java:310) [jetty-util-9.4.18.v20190429.jar:9.4.18.v20190429]
	at org.eclipse.jetty.util.thread.strategy.EatWhatYouKill.tryProduce(EatWhatYouKill.java:168) [jetty-util-9.4.18.v20190429.jar:9.4.18.v20190429]
	at org.eclipse.jetty.util.thread.strategy.EatWhatYouKill.run(EatWhatYouKill.java:126) [jetty-util-9.4.18.v20190429.jar:9.4.18.v20190429]
	at org.eclipse.jetty.util.thread.ReservedThreadExecutor$ReservedThread.run(ReservedThreadExecutor.java:366) [jetty-util-9.4.18.v20190429.jar:9.4.18.v20190429]
	at org.eclipse.jetty.util.thread.QueuedThreadPool.runJob(QueuedThreadPool.java:698) [jetty-util-9.4.18.v20190429.jar:9.4.18.v20190429]
	at org.eclipse.jetty.util.thread.QueuedThreadPool$Runner.run(QueuedThreadPool.java:804) [jetty-util-9.4.18.v20190429.jar:9.4.18.v20190429]
	at java.lang.Thread.run(Thread.java:745) [?:1.8.0_65]
[10:25:16:885] [WARN] - org.mybatis.spring.mapper.ClassPathMapperScanner.doScan(ClassPathMapperScanner.java:166) - No MyBatis mapper was found in '[com]' package. Please check your configuration.
[10:40:30:563] [ERROR] - com.alibaba.druid.filter.stat.StatFilter.mergeSql(StatFilter.java:149) - merge sql error, dbType mysql, druid-1.1.10, sql : (  
                INSERT INTO proj_gansujiguanshiwu_datapool_danweixinxi(
                id,
                OWNER,
                danweimingcheng,
                danweirenshu
                )
                VALUES(REPLACE(UUID(),'-','%'),'admin',?,'300')
             , 
                INSERT INTO proj_gansujiguanshiwu_datapool_danweixinxi(
                id,
                OWNER,
                danweimingcheng,
                danweirenshu
                )
                VALUES(REPLACE(UUID(),'-','%'),'admin',?,'300')
             )
com.alibaba.druid.sql.parser.ParserException: TODO pos 26, line 1, column 2, token INSERT
	at com.alibaba.druid.sql.parser.SQLStatementParser.parseStatementList(SQLStatementParser.java:406) ~[druid-1.1.10.jar:1.1.10]
	at com.alibaba.druid.sql.parser.SQLStatementParser.parseStatementList(SQLStatementParser.java:72) ~[druid-1.1.10.jar:1.1.10]
	at com.alibaba.druid.sql.visitor.ParameterizedOutputVisitorUtils.parameterize(ParameterizedOutputVisitorUtils.java:94) ~[druid-1.1.10.jar:1.1.10]
	at com.alibaba.druid.sql.visitor.ParameterizedOutputVisitorUtils.parameterize(ParameterizedOutputVisitorUtils.java:77) ~[druid-1.1.10.jar:1.1.10]
	at com.alibaba.druid.sql.visitor.ParameterizedOutputVisitorUtils.parameterize(ParameterizedOutputVisitorUtils.java:50) ~[druid-1.1.10.jar:1.1.10]
	at com.alibaba.druid.filter.stat.StatFilter.mergeSql(StatFilter.java:147) [druid-1.1.10.jar:1.1.10]
	at com.alibaba.druid.filter.stat.StatFilter.createSqlStat(StatFilter.java:648) [druid-1.1.10.jar:1.1.10]
	at com.alibaba.druid.filter.stat.StatFilter.statementPrepareAfter(StatFilter.java:311) [druid-1.1.10.jar:1.1.10]
	at com.alibaba.druid.filter.FilterEventAdapter.connection_prepareStatement(FilterEventAdapter.java:124) [druid-1.1.10.jar:1.1.10]
	at com.alibaba.druid.filter.FilterChainImpl.connection_prepareStatement(FilterChainImpl.java:568) [druid-1.1.10.jar:1.1.10]
	at com.alibaba.druid.proxy.jdbc.ConnectionProxyImpl.prepareStatement(ConnectionProxyImpl.java:342) [druid-1.1.10.jar:1.1.10]
	at com.alibaba.druid.pool.DruidPooledConnection.prepareStatement(DruidPooledConnection.java:349) [druid-1.1.10.jar:1.1.10]
	at sun.reflect.NativeMethodAccessorImpl.invoke0(Native Method) ~[?:1.8.0_65]
	at sun.reflect.NativeMethodAccessorImpl.invoke(NativeMethodAccessorImpl.java:62) ~[?:1.8.0_65]
	at sun.reflect.DelegatingMethodAccessorImpl.invoke(DelegatingMethodAccessorImpl.java:43) ~[?:1.8.0_65]
	at java.lang.reflect.Method.invoke(Method.java:497) ~[?:1.8.0_65]
	at org.apache.ibatis.logging.jdbc.ConnectionLogger.invoke(ConnectionLogger.java:55) [mybatis-3.5.0.jar:3.5.0]
	at com.sun.proxy.$Proxy145.prepareStatement(Unknown Source) [?:?]
	at org.apache.ibatis.executor.statement.PreparedStatementHandler.instantiateStatement(PreparedStatementHandler.java:86) [mybatis-3.5.0.jar:3.5.0]
	at org.apache.ibatis.executor.statement.BaseStatementHandler.prepare(BaseStatementHandler.java:88) [mybatis-3.5.0.jar:3.5.0]
	at org.apache.ibatis.executor.statement.RoutingStatementHandler.prepare(RoutingStatementHandler.java:59) [mybatis-3.5.0.jar:3.5.0]
	at org.apache.ibatis.executor.SimpleExecutor.prepareStatement(SimpleExecutor.java:86) [mybatis-3.5.0.jar:3.5.0]
	at org.apache.ibatis.executor.SimpleExecutor.doUpdate(SimpleExecutor.java:49) [mybatis-3.5.0.jar:3.5.0]
	at org.apache.ibatis.executor.BaseExecutor.update(BaseExecutor.java:117) [mybatis-3.5.0.jar:3.5.0]
	at org.apache.ibatis.executor.CachingExecutor.update(CachingExecutor.java:76) [mybatis-3.5.0.jar:3.5.0]
	at org.apache.ibatis.session.defaults.DefaultSqlSession.update(DefaultSqlSession.java:198) [mybatis-3.5.0.jar:3.5.0]
	at org.apache.ibatis.session.defaults.DefaultSqlSession.insert(DefaultSqlSession.java:185) [mybatis-3.5.0.jar:3.5.0]
	at sun.reflect.NativeMethodAccessorImpl.invoke0(Native Method) ~[?:1.8.0_65]
	at sun.reflect.NativeMethodAccessorImpl.invoke(NativeMethodAccessorImpl.java:62) ~[?:1.8.0_65]
	at sun.reflect.DelegatingMethodAccessorImpl.invoke(DelegatingMethodAccessorImpl.java:43) ~[?:1.8.0_65]
	at java.lang.reflect.Method.invoke(Method.java:497) ~[?:1.8.0_65]
	at org.mybatis.spring.SqlSessionTemplate$SqlSessionInterceptor.invoke(SqlSessionTemplate.java:433) [mybatis-spring-1.3.1.jar:1.3.1]
	at com.sun.proxy.$Proxy87.insert(Unknown Source) [?:?]
	at org.mybatis.spring.SqlSessionTemplate.insert(SqlSessionTemplate.java:278) [mybatis-spring-1.3.1.jar:1.3.1]
	at org.apache.ibatis.binding.MapperMethod.execute(MapperMethod.java:59) [mybatis-3.5.0.jar:3.5.0]
	at org.apache.ibatis.binding.MapperProxy.invoke(MapperProxy.java:58) [mybatis-3.5.0.jar:3.5.0]
	at com.sun.proxy.$Proxy120.addData(Unknown Source) [?:?]
	at sun.reflect.NativeMethodAccessorImpl.invoke0(Native Method) ~[?:1.8.0_65]
	at sun.reflect.NativeMethodAccessorImpl.invoke(NativeMethodAccessorImpl.java:62) ~[?:1.8.0_65]
	at sun.reflect.DelegatingMethodAccessorImpl.invoke(DelegatingMethodAccessorImpl.java:43) ~[?:1.8.0_65]
	at java.lang.reflect.Method.invoke(Method.java:497) ~[?:1.8.0_65]
	at org.springframework.aop.support.AopUtils.invokeJoinpointUsingReflection(AopUtils.java:343) [spring-aop-5.1.7.RELEASE.jar:5.1.7.RELEASE]
	at org.springframework.aop.framework.ReflectiveMethodInvocation.invokeJoinpoint(ReflectiveMethodInvocation.java:198) [spring-aop-5.1.7.RELEASE.jar:5.1.7.RELEASE]
	at org.springframework.aop.framework.ReflectiveMethodInvocation.proceed(ReflectiveMethodInvocation.java:163) [spring-aop-5.1.7.RELEASE.jar:5.1.7.RELEASE]
	at org.springframework.dao.support.PersistenceExceptionTranslationInterceptor.invoke(PersistenceExceptionTranslationInterceptor.java:139) [spring-tx-5.1.7.RELEASE.jar:5.1.7.RELEASE]
	at org.springframework.aop.framework.ReflectiveMethodInvocation.proceed(ReflectiveMethodInvocation.java:186) [spring-aop-5.1.7.RELEASE.jar:5.1.7.RELEASE]
	at org.springframework.aop.framework.JdkDynamicAopProxy.invoke(JdkDynamicAopProxy.java:212) [spring-aop-5.1.7.RELEASE.jar:5.1.7.RELEASE]
	at com.sun.proxy.$Proxy121.addData(Unknown Source) [?:?]
	at com.core.system.repor.selfService.impl.ReporSelfServiceImpl.addData(ReporSelfServiceImpl.java:39) [classes/:?]
	at com.core.system.repor.controller.ReporController.loding(ReporController.java:78) [classes/:?]
	at sun.reflect.NativeMethodAccessorImpl.invoke0(Native Method) ~[?:1.8.0_65]
	at sun.reflect.NativeMethodAccessorImpl.invoke(NativeMethodAccessorImpl.java:62) ~[?:1.8.0_65]
	at sun.reflect.DelegatingMethodAccessorImpl.invoke(DelegatingMethodAccessorImpl.java:43) ~[?:1.8.0_65]
	at java.lang.reflect.Method.invoke(Method.java:497) ~[?:1.8.0_65]
	at org.springframework.web.method.support.InvocableHandlerMethod.doInvoke(InvocableHandlerMethod.java:190) [spring-web-5.1.7.RELEASE.jar:5.1.7.RELEASE]
	at org.springframework.web.method.support.InvocableHandlerMethod.invokeForRequest(InvocableHandlerMethod.java:138) [spring-web-5.1.7.RELEASE.jar:5.1.7.RELEASE]
	at org.springframework.web.servlet.mvc.method.annotation.ServletInvocableHandlerMethod.invokeAndHandle(ServletInvocableHandlerMethod.java:104) [spring-webmvc-5.1.7.RELEASE.jar:5.1.7.RELEASE]
	at org.springframework.web.servlet.mvc.method.annotation.RequestMappingHandlerAdapter.invokeHandlerMethod(RequestMappingHandlerAdapter.java:892) [spring-webmvc-5.1.7.RELEASE.jar:5.1.7.RELEASE]
	at org.springframework.web.servlet.mvc.method.annotation.RequestMappingHandlerAdapter.handleInternal(RequestMappingHandlerAdapter.java:797) [spring-webmvc-5.1.7.RELEASE.jar:5.1.7.RELEASE]
	at org.springframework.web.servlet.mvc.method.AbstractHandlerMethodAdapter.handle(AbstractHandlerMethodAdapter.java:87) [spring-webmvc-5.1.7.RELEASE.jar:5.1.7.RELEASE]
	at org.springframework.web.servlet.DispatcherServlet.doDispatch(DispatcherServlet.java:1039) [spring-webmvc-5.1.7.RELEASE.jar:5.1.7.RELEASE]
	at org.springframework.web.servlet.DispatcherServlet.doService(DispatcherServlet.java:942) [spring-webmvc-5.1.7.RELEASE.jar:5.1.7.RELEASE]
	at org.springframework.web.servlet.FrameworkServlet.processRequest(FrameworkServlet.java:1005) [spring-webmvc-5.1.7.RELEASE.jar:5.1.7.RELEASE]
	at org.springframework.web.servlet.FrameworkServlet.doGet(FrameworkServlet.java:897) [spring-webmvc-5.1.7.RELEASE.jar:5.1.7.RELEASE]
	at javax.servlet.http.HttpServlet.service(HttpServlet.java:645) [javax.servlet-api-4.0.1.jar:4.0.1]
	at org.springframework.web.servlet.FrameworkServlet.service(FrameworkServlet.java:882) [spring-webmvc-5.1.7.RELEASE.jar:5.1.7.RELEASE]
	at javax.servlet.http.HttpServlet.service(HttpServlet.java:750) [javax.servlet-api-4.0.1.jar:4.0.1]
	at org.eclipse.jetty.servlet.ServletHolder.handle(ServletHolder.java:873) [jetty-servlet-9.4.18.v20190429.jar:9.4.18.v20190429]
	at org.eclipse.jetty.servlet.ServletHandler$CachedChain.doFilter(ServletHandler.java:1623) [jetty-servlet-9.4.18.v20190429.jar:9.4.18.v20190429]
	at org.eclipse.jetty.websocket.server.WebSocketUpgradeFilter.doFilter(WebSocketUpgradeFilter.java:214) [websocket-server-9.4.18.v20190429.jar:9.4.18.v20190429]
	at org.eclipse.jetty.servlet.ServletHandler$CachedChain.doFilter(ServletHandler.java:1610) [jetty-servlet-9.4.18.v20190429.jar:9.4.18.v20190429]
	at com.alibaba.druid.support.http.WebStatFilter.doFilter(WebStatFilter.java:123) [druid-1.1.10.jar:1.1.10]
	at org.eclipse.jetty.servlet.ServletHandler$CachedChain.doFilter(ServletHandler.java:1610) [jetty-servlet-9.4.18.v20190429.jar:9.4.18.v20190429]
	at org.springframework.web.filter.RequestContextFilter.doFilterInternal(RequestContextFilter.java:99) [spring-web-5.1.7.RELEASE.jar:5.1.7.RELEASE]
	at org.springframework.web.filter.OncePerRequestFilter.doFilter(OncePerRequestFilter.java:107) [spring-web-5.1.7.RELEASE.jar:5.1.7.RELEASE]
	at org.eclipse.jetty.servlet.ServletHandler$CachedChain.doFilter(ServletHandler.java:1610) [jetty-servlet-9.4.18.v20190429.jar:9.4.18.v20190429]
	at org.springframework.web.filter.FormContentFilter.doFilterInternal(FormContentFilter.java:92) [spring-web-5.1.7.RELEASE.jar:5.1.7.RELEASE]
	at org.springframework.web.filter.OncePerRequestFilter.doFilter(OncePerRequestFilter.java:107) [spring-web-5.1.7.RELEASE.jar:5.1.7.RELEASE]
	at org.eclipse.jetty.servlet.ServletHandler$CachedChain.doFilter(ServletHandler.java:1610) [jetty-servlet-9.4.18.v20190429.jar:9.4.18.v20190429]
	at org.springframework.web.filter.HiddenHttpMethodFilter.doFilterInternal(HiddenHttpMethodFilter.java:93) [spring-web-5.1.7.RELEASE.jar:5.1.7.RELEASE]
	at org.springframework.web.filter.OncePerRequestFilter.doFilter(OncePerRequestFilter.java:107) [spring-web-5.1.7.RELEASE.jar:5.1.7.RELEASE]
	at org.eclipse.jetty.servlet.ServletHandler$CachedChain.doFilter(ServletHandler.java:1610) [jetty-servlet-9.4.18.v20190429.jar:9.4.18.v20190429]
	at org.springframework.web.filter.CharacterEncodingFilter.doFilterInternal(CharacterEncodingFilter.java:200) [spring-web-5.1.7.RELEASE.jar:5.1.7.RELEASE]
	at org.springframework.web.filter.OncePerRequestFilter.doFilter(OncePerRequestFilter.java:107) [spring-web-5.1.7.RELEASE.jar:5.1.7.RELEASE]
	at org.eclipse.jetty.servlet.ServletHandler$CachedChain.doFilter(ServletHandler.java:1610) [jetty-servlet-9.4.18.v20190429.jar:9.4.18.v20190429]
	at org.eclipse.jetty.servlet.ServletHandler.doHandle(ServletHandler.java:540) [jetty-servlet-9.4.18.v20190429.jar:9.4.18.v20190429]
	at org.eclipse.jetty.server.handler.ScopedHandler.handle(ScopedHandler.java:146) [jetty-server-9.4.18.v20190429.jar:9.4.18.v20190429]
	at org.eclipse.jetty.security.SecurityHandler.handle(SecurityHandler.java:548) [jetty-security-9.4.18.v20190429.jar:9.4.18.v20190429]
	at org.eclipse.jetty.server.handler.HandlerWrapper.handle(HandlerWrapper.java:132) [jetty-server-9.4.18.v20190429.jar:9.4.18.v20190429]
	at org.eclipse.jetty.server.handler.ScopedHandler.nextHandle(ScopedHandler.java:257) [jetty-server-9.4.18.v20190429.jar:9.4.18.v20190429]
	at org.eclipse.jetty.server.session.SessionHandler.doHandle(SessionHandler.java:1700) [jetty-server-9.4.18.v20190429.jar:9.4.18.v20190429]
	at org.eclipse.jetty.server.handler.ScopedHandler.nextHandle(ScopedHandler.java:255) [jetty-server-9.4.18.v20190429.jar:9.4.18.v20190429]
	at org.eclipse.jetty.server.handler.ContextHandler.doHandle(ContextHandler.java:1345) [jetty-server-9.4.18.v20190429.jar:9.4.18.v20190429]
	at org.eclipse.jetty.server.handler.ScopedHandler.nextScope(ScopedHandler.java:203) [jetty-server-9.4.18.v20190429.jar:9.4.18.v20190429]
	at org.eclipse.jetty.servlet.ServletHandler.doScope(ServletHandler.java:480) [jetty-servlet-9.4.18.v20190429.jar:9.4.18.v20190429]
	at org.eclipse.jetty.server.session.SessionHandler.doScope(SessionHandler.java:1667) [jetty-server-9.4.18.v20190429.jar:9.4.18.v20190429]
	at org.eclipse.jetty.server.handler.ScopedHandler.nextScope(ScopedHandler.java:201) [jetty-server-9.4.18.v20190429.jar:9.4.18.v20190429]
	at org.eclipse.jetty.server.handler.ContextHandler.doScope(ContextHandler.java:1247) [jetty-server-9.4.18.v20190429.jar:9.4.18.v20190429]
	at org.eclipse.jetty.server.handler.ScopedHandler.handle(ScopedHandler.java:144) [jetty-server-9.4.18.v20190429.jar:9.4.18.v20190429]
	at org.eclipse.jetty.server.handler.HandlerWrapper.handle(HandlerWrapper.java:132) [jetty-server-9.4.18.v20190429.jar:9.4.18.v20190429]
	at org.eclipse.jetty.server.Server.handle(Server.java:505) [jetty-server-9.4.18.v20190429.jar:9.4.18.v20190429]
	at org.eclipse.jetty.server.HttpChannel.handle(HttpChannel.java:370) [jetty-server-9.4.18.v20190429.jar:9.4.18.v20190429]
	at org.eclipse.jetty.server.HttpConnection.onFillable(HttpConnection.java:267) [jetty-server-9.4.18.v20190429.jar:9.4.18.v20190429]
	at org.eclipse.jetty.io.AbstractConnection$ReadCallback.succeeded(AbstractConnection.java:305) [jetty-io-9.4.18.v20190429.jar:9.4.18.v20190429]
	at org.eclipse.jetty.io.FillInterest.fillable(FillInterest.java:103) [jetty-io-9.4.18.v20190429.jar:9.4.18.v20190429]
	at org.eclipse.jetty.io.ChannelEndPoint$2.run(ChannelEndPoint.java:117) [jetty-io-9.4.18.v20190429.jar:9.4.18.v20190429]
	at org.eclipse.jetty.util.thread.strategy.EatWhatYouKill.runTask(EatWhatYouKill.java:333) [jetty-util-9.4.18.v20190429.jar:9.4.18.v20190429]
	at org.eclipse.jetty.util.thread.strategy.EatWhatYouKill.doProduce(EatWhatYouKill.java:310) [jetty-util-9.4.18.v20190429.jar:9.4.18.v20190429]
	at org.eclipse.jetty.util.thread.strategy.EatWhatYouKill.tryProduce(EatWhatYouKill.java:168) [jetty-util-9.4.18.v20190429.jar:9.4.18.v20190429]
	at org.eclipse.jetty.util.thread.strategy.EatWhatYouKill.run(EatWhatYouKill.java:126) [jetty-util-9.4.18.v20190429.jar:9.4.18.v20190429]
	at org.eclipse.jetty.util.thread.ReservedThreadExecutor$ReservedThread.run(ReservedThreadExecutor.java:366) [jetty-util-9.4.18.v20190429.jar:9.4.18.v20190429]
	at org.eclipse.jetty.util.thread.QueuedThreadPool.runJob(QueuedThreadPool.java:698) [jetty-util-9.4.18.v20190429.jar:9.4.18.v20190429]
	at org.eclipse.jetty.util.thread.QueuedThreadPool$Runner.run(QueuedThreadPool.java:804) [jetty-util-9.4.18.v20190429.jar:9.4.18.v20190429]
	at java.lang.Thread.run(Thread.java:745) [?:1.8.0_65]
[10:41:15:532] [WARN] - org.mybatis.spring.mapper.ClassPathMapperScanner.doScan(ClassPathMapperScanner.java:166) - No MyBatis mapper was found in '[com]' package. Please check your configuration.
[13:48:06:551] [WARN] - org.mybatis.spring.mapper.ClassPathMapperScanner.doScan(ClassPathMapperScanner.java:166) - No MyBatis mapper was found in '[com]' package. Please check your configuration.
[13:55:07:219] [WARN] - org.mybatis.spring.mapper.ClassPathMapperScanner.doScan(ClassPathMapperScanner.java:166) - No MyBatis mapper was found in '[com]' package. Please check your configuration.
[15:04:35:758] [WARN] - org.mybatis.spring.mapper.ClassPathMapperScanner.doScan(ClassPathMapperScanner.java:166) - No MyBatis mapper was found in '[com]' package. Please check your configuration.
[16:03:54:643] [WARN] - org.mybatis.spring.mapper.ClassPathMapperScanner.doScan(ClassPathMapperScanner.java:166) - No MyBatis mapper was found in '[com]' package. Please check your configuration.
[17:46:36:102] [WARN] - org.mybatis.spring.mapper.ClassPathMapperScanner.doScan(ClassPathMapperScanner.java:166) - No MyBatis mapper was found in '[com]' package. Please check your configuration.
